#
# There is insufficient memory for the Java Runtime Environment to continue.
# Native memory allocation (mmap) failed to map 81788928 bytes for committing reserved memory.
# Possible reasons:
#   The system is out of physical RAM or swap space
#   In 32 bit mode, the process size limit was hit
# Possible solutions:
#   Reduce memory load on the system
#   Increase physical memory or swap space
#   Check if swap backing store is full
#   Use 64 bit Java on a 64 bit OS
#   Decrease Java heap size (-Xmx/-Xms)
#   Decrease number of Java threads
#   Decrease Java thread stack sizes (-Xss)
#   Set larger code cache with -XX:ReservedCodeCacheSize=
# This output file may be truncated or incomplete.
#
#  Out of Memory Error (os_linux.cpp:2640), pid=4821, tid=0x00007f1cbb0f0700
#
# JRE version: OpenJDK Runtime Environment (8.0_152) (build 1.8.0_152-release-1343-b16-5323222)
# Java VM: OpenJDK 64-Bit Server VM (25.152-b16-5323222 mixed mode linux-amd64 compressed oops)
# Failed to write core dump. Core dumps have been disabled. To enable core dumping, try "ulimit -c unlimited" before starting Java again
#

---------------  T H R E A D  ---------------

Current thread (0x00007f1cd4079000):  VMThread [stack: 0x00007f1cbaff1000,0x00007f1cbb0f1000] [id=4829]

Stack: [0x00007f1cbaff1000,0x00007f1cbb0f1000],  sp=0x00007f1cbb0ef4e0,  free space=1017k
Native frames: (J=compiled Java code, j=interpreted, Vv=VM code, C=native code)
V  [libjvm.so+0x9ffc88]  VMError::report_and_die()+0x148
V  [libjvm.so+0x4ce9aa]  report_vm_out_of_memory(char const*, int, unsigned long, VMErrorType, char const*)+0x8a
V  [libjvm.so+0x8673d8]  os::pd_commit_memory(char*, unsigned long, unsigned long, bool)+0xd8
V  [libjvm.so+0x86201f]  os::commit_memory(char*, unsigned long, unsigned long, bool)+0x1f
V  [libjvm.so+0x8d839b]  PSVirtualSpace::expand_by(unsigned long)+0x5b
V  [libjvm.so+0x8d8ff0]  PSYoungGen::resize_generation(unsigned long, unsigned long)+0xb0
V  [libjvm.so+0x8d930b]  PSYoungGen::resize(unsigned long, unsigned long)+0x1b
V  [libjvm.so+0x8d5a3e]  PSScavenge::invoke_no_policy()+0xdce
V  [libjvm.so+0x8d61f8]  PSScavenge::invoke()+0x38
V  [libjvm.so+0x88a7e3]  ParallelScavengeHeap::failed_mem_allocate(unsigned long)+0x63
V  [libjvm.so+0xa01754]  VM_ParallelGCFailedAllocation::doit()+0x84
V  [libjvm.so+0xa05bf7]  VM_Operation::evaluate()+0x47
V  [libjvm.so+0xa04658]  VMThread::evaluate_operation(VM_Operation*)+0x2c8
V  [libjvm.so+0xa04ab1]  VMThread::loop()+0x1f1
V  [libjvm.so+0xa04ee2]  VMThread::run()+0x72
V  [libjvm.so+0x864822]  java_start(Thread*)+0xf2

VM_Operation (0x00007f1cb86f2c40): ParallelGCFailedAllocation, mode: safepoint, requested by thread 0x00007f1c70008000


---------------  P R O C E S S  ---------------

Java Threads: ( => current thread )
  0x00007f1c6c8eb000 JavaThread "Cache worker for file hash cache (/home/hangalo/Docx Deu/fenix/AppsAndroid/wakonga/.gradle/5.4/fileHashes)" [_thread_blocked, id=4854, stack(0x00007f1c889fb000,0x00007f1c88afc000)]
  0x00007f1c6c0fe800 JavaThread "Cache worker for journal cache (/home/hangalo/.gradle /caches/journal-1)" [_thread_blocked, id=4853, stack(0x00007f1c88cfc000,0x00007f1c88dfd000)]
  0x00007f1c6c0fc000 JavaThread "File lock request listener" [_thread_in_native, id=4852, stack(0x00007f1c88dfd000,0x00007f1c88efe000)]
  0x00007f1c6c0f7800 JavaThread "Cache worker for file hash cache (/home/hangalo/.gradle /caches/5.4/fileHashes)" [_thread_blocked, id=4851, stack(0x00007f1c88efe000,0x00007f1c88fff000)]
  0x00007f1c6c016000 JavaThread "Thread-9" [_thread_blocked, id=4850, stack(0x00007f1cb82f8000,0x00007f1cb83f9000)]
  0x00007f1c6c00d800 JavaThread "Asynchronous log dispatcher for DefaultDaemonConnection: socket connection from /127.0.0.1:41593 to /127.0.0.1:51930" [_thread_blocked, id=4848, stack(0x00007f1cb84fa000,0x00007f1cb85fb000)]
  0x00007f1c70008000 JavaThread "Daemon worker" [_thread_blocked, id=4845, stack(0x00007f1cb85fb000,0x00007f1cb86fc000)]
  0x00007f1c70006000 JavaThread "Cancel handler" [_thread_blocked, id=4844, stack(0x00007f1cb86fc000,0x00007f1cb87fd000)]
  0x00007f1c70004000 JavaThread "Handler for socket connection from /127.0.0.1:41593 to /127.0.0.1:51930" [_thread_in_native, id=4843, stack(0x00007f1cb87fd000,0x00007f1cb88fe000)]
  0x00007f1c7802b800 JavaThread "Daemon" [_thread_blocked, id=4842, stack(0x00007f1cb88fe000,0x00007f1cb89ff000)]
  0x00007f1cd4f07000 JavaThread "Daemon periodic checks" [_thread_blocked, id=4841, stack(0x00007f1cb89ff000,0x00007f1cb8b00000)]
  0x00007f1cd4ee5000 JavaThread "Incoming local TCP Connector on port 41593" [_thread_in_native, id=4840, stack(0x00007f1cb8b07000,0x00007f1cb8c08000)]
  0x00007f1cd4e73800 JavaThread "Daemon health stats" [_thread_blocked, id=4839, stack(0x00007f1cb8e0d000,0x00007f1cb8f0e000)]
  0x00007f1cd40dd000 JavaThread "Service Thread" daemon [_thread_blocked, id=4836, stack(0x00007f1cb9f1a000,0x00007f1cba01b000)]
  0x00007f1cd40bf800 JavaThread "C1 CompilerThread2" daemon [_thread_blocked, id=4835, stack(0x00007f1cba01c000,0x00007f1cba11c000)]
  0x00007f1cd40be000 JavaThread "C2 CompilerThread1" daemon [_thread_blocked, id=4834, stack(0x00007f1cba11d000,0x00007f1cba21d000)]
  0x00007f1cd40bb000 JavaThread "C2 CompilerThread0" daemon [_thread_blocked, id=4833, stack(0x00007f1cba21e000,0x00007f1cba31e000)]
  0x00007f1cd40b9800 JavaThread "Signal Dispatcher" daemon [_thread_blocked, id=4832, stack(0x00007f1cba31e000,0x00007f1cba41f000)]
  0x00007f1cd4085000 JavaThread "Finalizer" daemon [_thread_blocked, id=4831, stack(0x00007f1cbadee000,0x00007f1cbaeef000)]
  0x00007f1cd4080800 JavaThread "Reference Handler" daemon [_thread_blocked, id=4830, stack(0x00007f1cbaeef000,0x00007f1cbaff0000)]
  0x00007f1cd400b800 JavaThread "main" [_thread_blocked, id=4824, stack(0x00007f1cd9f8f000,0x00007f1cda08f000)]

Other Threads:
=>0x00007f1cd4079000 VMThread [stack: 0x00007f1cbaff1000,0x00007f1cbb0f1000] [id=4829]
  0x00007f1cd40df800 WatcherThread [stack: 0x00007f1cb9e1a000,0x00007f1cb9f1a000] [id=4837]

VM state:at safepoint (normal execution)

VM Mutex/Monitor currently owned by a thread:  ([mutex/lock_event])
[0x00007f1cd4007ba0] Threads_lock - owner thread: 0x00007f1cd4079000
[0x00007f1cd40080a0] Heap_lock - owner thread: 0x00007f1c70008000

Heap:
 PSYoungGen      total 66048K, used 2528K [0x00000000e0000000, 0x00000000e4300000, 0x0000000100000000)
  eden space 63488K, 0% used [0x00000000e0000000,0x00000000e0000000,0x00000000e3e00000)
  from space 2560K, 98% used [0x00000000e3e00000,0x00000000e4078030,0x00000000e4080000)
  to   space 2560K, 0% used [0x00000000e4080000,0x00000000e4080000,0x00000000e4300000)
 ParOldGen       total 42496K, used 14166K [0x00000000a0000000, 0x00000000a2980000, 0x00000000e0000000)
  object space 42496K, 33% used [0x00000000a0000000,0x00000000a0dd5bc0,0x00000000a2980000)
 Metaspace       used 19517K, capacity 19958K, committed 20224K, reserved 1067008K
  class space    used 2836K, capacity 2996K, committed 3072K, reserved 1048576K

Card table byte_map: [0x00007f1cc4307000,0x00007f1cc4608000] byte_map_base: 0x00007f1cc3e07000

Marking Bits: (ParMarkBitMap*) 0x00007f1cd9659f00
 Begin Bits: [0x00007f1cc0e04000, 0x00007f1cc2604000)
 End Bits:   [0x00007f1cc2604000, 0x00007f1cc3e04000)

Polling page: 0x00007f1cda0b4000

CodeCache: size=245760Kb used=5636Kb max_used=5651Kb free=240123Kb
 bounds [0x00007f1cc49c8000, 0x00007f1cc4f58000, 0x00007f1cd39c8000]
 total_blobs=2139 nmethods=1735 adapters=318
 compilation: enabled

Compilation events (10 events):
Event: 322,487 Thread 0x00007f1cd40bf800 1742       1       java.nio.charset.CharsetEncoder::maxBytesPerChar (5 bytes)
Event: 322,487 Thread 0x00007f1cd40bf800 nmethod 1742 0x00007f1cc4f42010 code [0x00007f1cc4f42160, 0x00007f1cc4f42270]
Event: 322,488 Thread 0x00007f1cd40bb000 nmethod 1736 0x00007f1cc4f42710 code [0x00007f1cc4f428c0, 0x00007f1cc4f42ef8]
Event: 322,488 Thread 0x00007f1cd40bb000 1741   !   4       sun.misc.URLClassPath$JarLoader::getResource (85 bytes)
Event: 322,495 Thread 0x00007f1cd40bf800 1744       3       org.gradle.groovy.scripts.DelegatingScriptSource::getClassName (10 bytes)
Event: 322,496 Thread 0x00007f1cd40bf800 nmethod 1744 0x00007f1cc4f460d0 code [0x00007f1cc4f46240, 0x00007f1cc4f46468]
Event: 322,496 Thread 0x00007f1cd40bf800 1745       3       org.gradle.groovy.scripts.TextResourceScriptSource::getClassName (20 bytes)
Event: 322,496 Thread 0x00007f1cd40bf800 nmethod 1745 0x00007f1cc4f4c0d0 code [0x00007f1cc4f4c240, 0x00007f1cc4f4c428]
Event: 322,496 Thread 0x00007f1cd40be000 nmethod 1738 0x00007f1cc4f4ffd0 code [0x00007f1cc4f50240, 0x00007f1cc4f51138]
Event: 322,496 Thread 0x00007f1cd40be000 1743       4       sun.misc.URLClassPath::getResource (83 bytes)

GC Heap History (9 events):
Event: 1,409 GC heap before
{Heap before GC invocations=1 (full 0):
 PSYoungGen      total 18432K, used 15872K [0x00000000e0000000, 0x00000000e1480000, 0x0000000100000000)
  eden space 15872K, 100% used [0x00000000e0000000,0x00000000e0f80000,0x00000000e0f80000)
  from space 2560K, 0% used [0x00000000e1200000,0x00000000e1200000,0x00000000e1480000)
  to   space 2560K, 0% used [0x00000000e0f80000,0x00000000e0f80000,0x00000000e1200000)
 ParOldGen       total 42496K, used 0K [0x00000000a0000000, 0x00000000a2980000, 0x00000000e0000000)
  object space 42496K, 0% used [0x00000000a0000000,0x00000000a0000000,0x00000000a2980000)
 Metaspace       used 5889K, capacity 6094K, committed 6272K, reserved 1056768K
  class space    used 725K, capacity 779K, committed 896K, reserved 1048576K
Event: 1,423 GC heap after
Heap after GC invocations=1 (full 0):
 PSYoungGen      total 18432K, used 2548K [0x00000000e0000000, 0x00000000e2400000, 0x0000000100000000)
  eden space 15872K, 0% used [0x00000000e0000000,0x00000000e0000000,0x00000000e0f80000)
  from space 2560K, 99% used [0x00000000e0f80000,0x00000000e11fd2d0,0x00000000e1200000)
  to   space 2560K, 0% used [0x00000000e2180000,0x00000000e2180000,0x00000000e2400000)
 ParOldGen       total 42496K, used 229K [0x00000000a0000000, 0x00000000a2980000, 0x00000000e0000000)
  object space 42496K, 0% used [0x00000000a0000000,0x00000000a0039760,0x00000000a2980000)
 Metaspace       used 5889K, capacity 6094K, committed 6272K, reserved 1056768K
  class space    used 725K, capacity 779K, committed 896K, reserved 1048576K
}
Event: 1,622 GC heap before
{Heap before GC invocations=2 (full 0):
 PSYoungGen      total 18432K, used 18420K [0x00000000e0000000, 0x00000000e2400000, 0x0000000100000000)
  eden space 15872K, 100% used [0x00000000e0000000,0x00000000e0f80000,0x00000000e0f80000)
  from space 2560K, 99% used [0x00000000e0f80000,0x00000000e11fd2d0,0x00000000e1200000)
  to   space 2560K, 0% used [0x00000000e2180000,0x00000000e2180000,0x00000000e2400000)
 ParOldGen       total 42496K, used 229K [0x00000000a0000000, 0x00000000a2980000, 0x00000000e0000000)
  object space 42496K, 0% used [0x00000000a0000000,0x00000000a0039760,0x00000000a2980000)
 Metaspace       used 6549K, capacity 6734K, committed 7040K, reserved 1056768K
  class space    used 802K, capacity 843K, committed 896K, reserved 1048576K
Event: 1,627 GC heap after
Heap after GC invocations=2 (full 0):
 PSYoungGen      total 34304K, used 2555K [0x00000000e0000000, 0x00000000e2400000, 0x0000000100000000)
  eden space 31744K, 0% used [0x00000000e0000000,0x00000000e0000000,0x00000000e1f00000)
  from space 2560K, 99% used [0x00000000e2180000,0x00000000e23feed8,0x00000000e2400000)
  to   space 2560K, 0% used [0x00000000e1f00000,0x00000000e1f00000,0x00000000e2180000)
 ParOldGen       total 42496K, used 365K [0x00000000a0000000, 0x00000000a2980000, 0x00000000e0000000)
  object space 42496K, 0% used [0x00000000a0000000,0x00000000a005b6b8,0x00000000a2980000)
 Metaspace       used 6549K, capacity 6734K, committed 7040K, reserved 1056768K
  class space    used 802K, capacity 843K, committed 896K, reserved 1048576K
}
Event: 2,413 GC heap before
{Heap before GC invocations=3 (full 0):
 PSYoungGen      total 34304K, used 34299K [0x00000000e0000000, 0x00000000e2400000, 0x0000000100000000)
  eden space 31744K, 100% used [0x00000000e0000000,0x00000000e1f00000,0x00000000e1f00000)
  from space 2560K, 99% used [0x00000000e2180000,0x00000000e23feed8,0x00000000e2400000)
  to   space 2560K, 0% used [0x00000000e1f00000,0x00000000e1f00000,0x00000000e2180000)
 ParOldGen       total 42496K, used 365K [0x00000000a0000000, 0x00000000a2980000, 0x00000000e0000000)
  object space 42496K, 0% used [0x00000000a0000000,0x00000000a005b6b8,0x00000000a2980000)
 Metaspace       used 10503K, capacity 10786K, committed 11008K, reserved 1058816K
  class space    used 1403K, capacity 1485K, committed 1536K, reserved 1048576K
Event: 2,421 GC heap after
Heap after GC invocations=3 (full 0):
 PSYoungGen      total 34304K, used 2544K [0x00000000e0000000, 0x00000000e4300000, 0x0000000100000000)
  eden space 31744K, 0% used [0x00000000e0000000,0x00000000e0000000,0x00000000e1f00000)
  from space 2560K, 99% used [0x00000000e1f00000,0x00000000e217c030,0x00000000e2180000)
  to   space 2560K, 0% used [0x00000000e4080000,0x00000000e4080000,0x00000000e4300000)
 ParOldGen       total 42496K, used 3210K [0x00000000a0000000, 0x00000000a2980000, 0x00000000e0000000)
  object space 42496K, 7% used [0x00000000a0000000,0x00000000a03229c8,0x00000000a2980000)
 Metaspace       used 10503K, capacity 10786K, committed 11008K, reserved 1058816K
  class space    used 1403K, capacity 1485K, committed 1536K, reserved 1048576K
}
Event: 2,945 GC heap before
{Heap before GC invocations=4 (full 0):
 PSYoungGen      total 34304K, used 34288K [0x00000000e0000000, 0x00000000e4300000, 0x0000000100000000)
  eden space 31744K, 100% used [0x00000000e0000000,0x00000000e1f00000,0x00000000e1f00000)
  from space 2560K, 99% used [0x00000000e1f00000,0x00000000e217c030,0x00000000e2180000)
  to   space 2560K, 0% used [0x00000000e4080000,0x00000000e4080000,0x00000000e4300000)
 ParOldGen       total 42496K, used 3210K [0x00000000a0000000, 0x00000000a2980000, 0x00000000e0000000)
  object space 42496K, 7% used [0x00000000a0000000,0x00000000a03229c8,0x00000000a2980000)
 Metaspace       used 13860K, capacity 14240K, committed 14464K, reserved 1060864K
  class space    used 1939K, capacity 2062K, committed 2176K, reserved 1048576K
Event: 2,960 GC heap after
Heap after GC invocations=4 (full 0):
 PSYoungGen      total 66048K, used 2544K [0x00000000e0000000, 0x00000000e4300000, 0x0000000100000000)
  eden space 63488K, 0% used [0x00000000e0000000,0x00000000e0000000,0x00000000e3e00000)
  from space 2560K, 99% used [0x00000000e4080000,0x00000000e42fc040,0x00000000e4300000)
  to   space 2560K, 0% used [0x00000000e3e00000,0x00000000e3e00000,0x00000000e4080000)
 ParOldGen       total 42496K, used 6986K [0x00000000a0000000, 0x00000000a2980000, 0x00000000e0000000)
  object space 42496K, 16% used [0x00000000a0000000,0x00000000a06d2a90,0x00000000a2980000)
 Metaspace       used 13860K, capacity 14240K, committed 14464K, reserved 1060864K
  class space    used 1939K, capacity 2062K, committed 2176K, reserved 1048576K
}
Event: 322,507 GC heap before
{Heap before GC invocations=5 (full 0):
 PSYoungGen      total 66048K, used 66032K [0x00000000e0000000, 0x00000000e4300000, 0x0000000100000000)
  eden space 63488K, 100% used [0x00000000e0000000,0x00000000e3e00000,0x00000000e3e00000)
  from space 2560K, 99% used [0x00000000e4080000,0x00000000e42fc040,0x00000000e4300000)
  to   space 2560K, 0% used [0x00000000e3e00000,0x00000000e3e00000,0x00000000e4080000)
 ParOldGen       total 42496K, used 6986K [0x00000000a0000000, 0x00000000a2980000, 0x00000000e0000000)
  object space 42496K, 16% used [0x00000000a0000000,0x00000000a06d2a90,0x00000000a2980000)
 Metaspace       used 19517K, capacity 19958K, committed 20224K, reserved 1067008K
  class space    used 2836K, capacity 2996K, committed 3072K, reserved 1048576K

Deoptimization events (10 events):
Event: 20,854 Thread 0x00007f1c70008000 Uncommon trap: reason=bimorphic action=maybe_recompile pc=0x00007f1cc4eb68e4 method=java.lang.ClassLoader.getPackage(Ljava/lang/String;)Ljava/lang/Package; @ 47
Event: 20,867 Thread 0x00007f1c70008000 Uncommon trap: reason=bimorphic action=maybe_recompile pc=0x00007f1cc4de9cac method=java.lang.ClassLoader.loadClass(Ljava/lang/String;Z)Ljava/lang/Class; @ 38
Event: 20,887 Thread 0x00007f1c70008000 Uncommon trap: reason=bimorphic action=maybe_recompile pc=0x00007f1cc4de9cac method=java.lang.ClassLoader.loadClass(Ljava/lang/String;Z)Ljava/lang/Class; @ 38
Event: 20,960 Thread 0x00007f1c70008000 Uncommon trap: reason=bimorphic action=maybe_recompile pc=0x00007f1cc4de9cac method=java.lang.ClassLoader.loadClass(Ljava/lang/String;Z)Ljava/lang/Class; @ 38
Event: 43,026 Thread 0x00007f1c70008000 Uncommon trap: reason=unstable_if action=reinterpret pc=0x00007f1cc4eb62d0 method=java.net.URLClassLoader.getAndVerifyPackage(Ljava/lang/String;Ljava/util/jar/Manifest;Ljava/net/URL;)Ljava/lang/Package; @ 62
Event: 309,672 Thread 0x00007f1c70008000 Uncommon trap: reason=bimorphic action=maybe_recompile pc=0x00007f1cc4e97c68 method=java.lang.ClassLoader.getPackage(Ljava/lang/String;)Ljava/lang/Package; @ 47
Event: 309,677 Thread 0x00007f1c70008000 Uncommon trap: reason=unstable_if action=reinterpret pc=0x00007f1cc4e97734 method=java.net.URLClassLoader.getAndVerifyPackage(Ljava/lang/String;Ljava/util/jar/Manifest;Ljava/net/URL;)Ljava/lang/Package; @ 62
Event: 322,482 Thread 0x00007f1c70008000 Uncommon trap: reason=unstable_if action=reinterpret pc=0x00007f1cc4c8b31c method=java.io.UnixFileSystem.normalize(Ljava/lang/String;)Ljava/lang/String; @ 60
Event: 322,483 Thread 0x00007f1c70008000 Uncommon trap: reason=class_check action=maybe_recompile pc=0x00007f1cc4ba5cec method=sun.misc.URLClassPath.getLoader(I)Lsun/misc/URLClassPath$Loader; @ 94
Event: 322,483 Thread 0x00007f1c70008000 Uncommon trap: reason=class_check action=maybe_recompile pc=0x00007f1cc4cc522c method=sun.misc.URLClassPath.getResource(Ljava/lang/String;Z)Lsun/misc/Resource; @ 62

Classes redefined (0 events):
No events

Internal exceptions (10 events):
Event: 309,697 Thread 0x00007f1c70008000 Exception <a 'java/lang/NoSuchMethodError': <clinit>> (0x00000000e30aa718) thrown at [/buildbot/src/googleplex-android/openjdk/out/hotspot/src/share/vm/prims/jni.cpp, line 1613]
Event: 309,779 Thread 0x00007f1c70008000 Exception <a 'java/lang/NoSuchMethodError': <clinit>> (0x00000000e30d9790) thrown at [/buildbot/src/googleplex-android/openjdk/out/hotspot/src/share/vm/prims/jni.cpp, line 1613]
Event: 309,840 Thread 0x00007f1c70008000 Exception <a 'java/lang/NoSuchMethodError': <clinit>> (0x00000000e312ab18) thrown at [/buildbot/src/googleplex-android/openjdk/out/hotspot/src/share/vm/prims/jni.cpp, line 1613]
Event: 309,843 Thread 0x00007f1c70008000 Exception <a 'java/lang/NoSuchMethodError': <clinit>> (0x00000000e313bb90) thrown at [/buildbot/src/googleplex-android/openjdk/out/hotspot/src/share/vm/prims/jni.cpp, line 1613]
Event: 309,848 Thread 0x00007f1c70008000 Exception <a 'java/lang/NoSuchMethodError': <clinit>> (0x00000000e32c4558) thrown at [/buildbot/src/googleplex-android/openjdk/out/hotspot/src/share/vm/prims/jni.cpp, line 1613]
Event: 309,885 Thread 0x00007f1c70008000 Exception <a 'java/lang/NoSuchMethodError': <clinit>> (0x00000000e33952a0) thrown at [/buildbot/src/googleplex-android/openjdk/out/hotspot/src/share/vm/prims/jni.cpp, line 1613]
Event: 309,885 Thread 0x00007f1c70008000 Exception <a 'java/lang/NoSuchMethodError': <clinit>> (0x00000000e33993d0) thrown at [/buildbot/src/googleplex-android/openjdk/out/hotspot/src/share/vm/prims/jni.cpp, line 1613]
Event: 309,885 Thread 0x00007f1c70008000 Exception <a 'java/lang/NoSuchMethodError': <clinit>> (0x00000000e339b0c0) thrown at [/buildbot/src/googleplex-android/openjdk/out/hotspot/src/share/vm/prims/jni.cpp, line 1613]
Event: 309,885 Thread 0x00007f1c70008000 Exception <a 'java/lang/NoSuchMethodError': <clinit>> (0x00000000e339c890) thrown at [/buildbot/src/googleplex-android/openjdk/out/hotspot/src/share/vm/prims/jni.cpp, line 1613]
Event: 309,886 Thread 0x00007f1c70008000 Exception <a 'java/lang/NoSuchMethodError': <clinit>> (0x00000000e339df10) thrown at [/buildbot/src/googleplex-android/openjdk/out/hotspot/src/share/vm/prims/jni.cpp, line 1613]

Events (10 events):
Event: 322,497 loading class org/codehaus/groovy/runtime/InvokerHelper done
Event: 322,498 loading class groovy/lang/SpreadMapEvaluatingException
Event: 322,498 loading class groovy/lang/SpreadMapEvaluatingException done
Event: 322,499 loading class org/codehaus/groovy/runtime/powerassert/PowerAssertionError
Event: 322,499 loading class org/codehaus/groovy/runtime/powerassert/PowerAssertionError done
Event: 322,500 loading class org/codehaus/groovy/runtime/InvokerHelper$NullScript
Event: 322,500 loading class org/codehaus/groovy/runtime/InvokerHelper$NullScript done
Event: 322,500 loading class org/codehaus/groovy/runtime/InvokerHelper$1
Event: 322,500 loading class org/codehaus/groovy/runtime/InvokerHelper$1 done
Event: 322,500 Executing VM operation: ParallelGCFailedAllocation


Dynamic libraries:
00400000-00401000 r-xp 00000000 07:01 3321                               /snap/android-studio/76/android-studio/jre/bin/java
00401000-00402000 rw-p 00000000 07:01 3321                               /snap/android-studio/76/android-studio/jre/bin/java
016f6000-01717000 rw-p 00000000 00:00 0                                  [heap]
a0000000-a2980000 rw-p 00000000 00:00 0 
a2980000-e0000000 ---p 00000000 00:00 0 
e0000000-e4300000 rw-p 00000000 00:00 0 
e9100000-100000000 ---p 00000000 00:00 0 
100000000-100300000 rw-p 00000000 00:00 0 
100300000-140000000 ---p 00000000 00:00 0 
7f1c48000000-7f1c48021000 rw-p 00000000 00:00 0 
7f1c48021000-7f1c4c000000 ---p 00000000 00:00 0 
7f1c50000000-7f1c50021000 rw-p 00000000 00:00 0 
7f1c50021000-7f1c54000000 ---p 00000000 00:00 0 
7f1c54000000-7f1c54021000 rw-p 00000000 00:00 0 
7f1c54021000-7f1c58000000 ---p 00000000 00:00 0 
7f1c58000000-7f1c58021000 rw-p 00000000 00:00 0 
7f1c58021000-7f1c5c000000 ---p 00000000 00:00 0 
7f1c5c000000-7f1c5c021000 rw-p 00000000 00:00 0 
7f1c5c021000-7f1c60000000 ---p 00000000 00:00 0 
7f1c60000000-7f1c603e9000 rw-p 00000000 00:00 0 
7f1c603e9000-7f1c64000000 ---p 00000000 00:00 0 
7f1c64000000-7f1c64021000 rw-p 00000000 00:00 0 
7f1c64021000-7f1c68000000 ---p 00000000 00:00 0 
7f1c68000000-7f1c68021000 rw-p 00000000 00:00 0 
7f1c68021000-7f1c6c000000 ---p 00000000 00:00 0 
7f1c6c000000-7f1c6cd37000 rw-p 00000000 00:00 0 
7f1c6cd37000-7f1c70000000 ---p 00000000 00:00 0 
7f1c70000000-7f1c70021000 rw-p 00000000 00:00 0 
7f1c70021000-7f1c74000000 ---p 00000000 00:00 0 
7f1c74000000-7f1c7402a000 rw-p 00000000 00:00 0 
7f1c7402a000-7f1c78000000 ---p 00000000 00:00 0 
7f1c78000000-7f1c78068000 rw-p 00000000 00:00 0 
7f1c78068000-7f1c7c000000 ---p 00000000 00:00 0 
7f1c7c000000-7f1c7c021000 rw-p 00000000 00:00 0 
7f1c7c021000-7f1c80000000 ---p 00000000 00:00 0 
7f1c80000000-7f1c80021000 rw-p 00000000 00:00 0 
7f1c80021000-7f1c84000000 ---p 00000000 00:00 0 
7f1c84000000-7f1c84021000 rw-p 00000000 00:00 0 
7f1c84021000-7f1c88000000 ---p 00000000 00:00 0 
7f1c88082000-7f1c88142000 rw-p 00000000 00:00 0 
7f1c88142000-7f1c88282000 ---p 00000000 00:00 0 
7f1c88282000-7f1c8842e000 r--s 02ff1000 08:01 10625311                   /home/hangalo/.gradle /caches/jars-3/ae5f7430858c47face138456b17cb646/android.jar
7f1c8842e000-7f1c886a0000 r--s 01914000 08:01 10625310                   /home/hangalo/.gradle /caches/jars-3/82369510698072463efbe6adcbe28b53/gradle-api-impldep-4.10.jar
7f1c886a0000-7f1c887fb000 r--s 00bad000 08:01 10625308                   /home/hangalo/.gradle /caches/jars-3/9f8c68e9e5f76d63aea917149b6bc9a0/gradle-api-4.10.jar
7f1c887fb000-7f1c889fb000 rw-p 00000000 00:00 0 
7f1c889fb000-7f1c889fe000 ---p 00000000 00:00 0 
7f1c889fe000-7f1c88cfc000 rw-p 00000000 00:00 0 
7f1c88cfc000-7f1c88cff000 ---p 00000000 00:00 0 
7f1c88cff000-7f1c88dfd000 rw-p 00000000 00:00 0 
7f1c88dfd000-7f1c88e00000 ---p 00000000 00:00 0 
7f1c88e00000-7f1c88efe000 rw-p 00000000 00:00 0 
7f1c88efe000-7f1c88f01000 ---p 00000000 00:00 0 
7f1c88f01000-7f1c8c000000 rw-p 00000000 00:00 0 
7f1c8c000000-7f1c8c554000 rw-p 00000000 00:00 0 
7f1c8c554000-7f1c90000000 ---p 00000000 00:00 0 
7f1c90000000-7f1c90021000 rw-p 00000000 00:00 0 
7f1c90021000-7f1c94000000 ---p 00000000 00:00 0 
7f1c94000000-7f1c95e75000 rw-p 00000000 00:00 0 
7f1c95e75000-7f1c98000000 ---p 00000000 00:00 0 
7f1c98000000-7f1c99b73000 rw-p 00000000 00:00 0 
7f1c99b73000-7f1c9c000000 ---p 00000000 00:00 0 
7f1c9c000000-7f1c9c021000 rw-p 00000000 00:00 0 
7f1c9c021000-7f1ca0000000 ---p 00000000 00:00 0 
7f1ca0000000-7f1ca0021000 rw-p 00000000 00:00 0 
7f1ca0021000-7f1ca4000000 ---p 00000000 00:00 0 
7f1ca4000000-7f1ca42d7000 rw-p 00000000 00:00 0 
7f1ca42d7000-7f1ca8000000 ---p 00000000 00:00 0 
7f1ca8000000-7f1ca8021000 rw-p 00000000 00:00 0 
7f1ca8021000-7f1cac000000 ---p 00000000 00:00 0 
7f1cac000000-7f1cac021000 rw-p 00000000 00:00 0 
7f1cac021000-7f1cb0000000 ---p 00000000 00:00 0 
7f1cb0000000-7f1cb0026000 rw-p 00000000 00:00 0 
7f1cb0026000-7f1cb4000000 ---p 00000000 00:00 0 
7f1cb4000000-7f1cb4021000 rw-p 00000000 00:00 0 
7f1cb4021000-7f1cb8000000 ---p 00000000 00:00 0 
7f1cb8020000-7f1cb8021000 r--s 00000000 08:01 10625316                   /home/hangalo/.gradle /caches/jars-3/497c99dc43ce8fece95d0e589f2459bd/gradle-appengine-builder-model-0.1.0.jar
7f1cb8021000-7f1cb8022000 r--s 00002000 08:01 10625315                   /home/hangalo/.gradle /caches/jars-3/53bc20af5a23d7a7034d5aad4c49c4c9/kotlin-gradle-plugin-model-1.3.0.jar
7f1cb8022000-7f1cb8054000 r--s 0026a000 08:01 10625314                   /home/hangalo/.gradle /caches/jars-3/1292525a786f20744e75964100cf9267/guava-25.1-jre.jar
7f1cb8054000-7f1cb8056000 r--s 0000d000 08:01 10625313                   /home/hangalo/.gradle /caches/jars-3/ac835b4a07e5679adf3801c121e67674/gradle-tooling-extension-api.jar
7f1cb8056000-7f1cb807e000 r--s 006f7000 08:01 10625312                   /home/hangalo/.gradle /caches/jars-3/627b9b84e15ca0d34161ad9f06b2dc71/sdk-tools.jar
7f1cb807e000-7f1cb80f8000 r--s 010fd000 07:01 3519                       /snap/android-studio/76/android-studio/jre/lib/tools.jar
7f1cb80f8000-7f1cb82f8000 rw-p 00000000 00:00 0 
7f1cb82f8000-7f1cb82fb000 ---p 00000000 00:00 0 
7f1cb82fb000-7f1cb83f9000 rw-p 00000000 00:00 0 
7f1cb83f9000-7f1cb83fc000 ---p 00000000 00:00 0 
7f1cb83fc000-7f1cb84fa000 rw-p 00000000 00:00 0 
7f1cb84fa000-7f1cb84fd000 ---p 00000000 00:00 0 
7f1cb84fd000-7f1cb85fb000 rw-p 00000000 00:00 0 
7f1cb85fb000-7f1cb85fe000 ---p 00000000 00:00 0 
7f1cb85fe000-7f1cb86fc000 rw-p 00000000 00:00 0 
7f1cb86fc000-7f1cb86ff000 ---p 00000000 00:00 0 
7f1cb86ff000-7f1cb87fd000 rw-p 00000000 00:00 0 
7f1cb87fd000-7f1cb8800000 ---p 00000000 00:00 0 
7f1cb8800000-7f1cb88fe000 rw-p 00000000 00:00 0 
7f1cb88fe000-7f1cb8901000 ---p 00000000 00:00 0 
7f1cb8901000-7f1cb89ff000 rw-p 00000000 00:00 0 
7f1cb89ff000-7f1cb8a02000 ---p 00000000 00:00 0 
7f1cb8a02000-7f1cb8b00000 rw-p 00000000 00:00 0 
7f1cb8b00000-7f1cb8b07000 r--s 00000000 08:01 12847882                   /usr/lib/x86_64-linux-gnu/gconv/gconv-modules.cache
7f1cb8b07000-7f1cb8b0a000 ---p 00000000 00:00 0 
7f1cb8b0a000-7f1cb8c08000 rw-p 00000000 00:00 0 
7f1cb8c08000-7f1cb8c0d000 r--s 0009a000 07:01 3478                       /snap/android-studio/76/android-studio/jre/jre/lib/jsse.jar
7f1cb8c0d000-7f1cb8e0d000 rw-p 00000000 00:00 0 
7f1cb8e0d000-7f1cb8e10000 ---p 00000000 00:00 0 
7f1cb8e10000-7f1cb8f0e000 rw-p 00000000 00:00 0 
7f1cb8f0e000-7f1cb8f16000 r-xp 00000000 07:01 3410                       /snap/android-studio/76/android-studio/jre/jre/lib/amd64/libmanagement.so
7f1cb8f16000-7f1cb8f17000 rw-p 00007000 07:01 3410                       /snap/android-studio/76/android-studio/jre/jre/lib/amd64/libmanagement.so
7f1cb8f17000-7f1cb8f19000 r--s 0000f000 08:01 11296440                   /home/hangalo/devtools/gradle-5.4-all/gradle-5.4/lib/plugins/gradle-tooling-api-builders-5.4.jar
7f1cb8f19000-7f1cb8f1a000 r--s 00005000 08:01 11296461                   /home/hangalo/devtools/gradle-5.4-all/gradle-5.4/lib/plugins/gradle-build-profile-5.4.jar
7f1cb8f1a000-7f1cb8f1c000 r--s 00003000 08:01 11296420                   /home/hangalo/devtools/gradle-5.4-all/gradle-5.4/lib/plugins/gradle-tooling-native-5.4.jar
7f1cb8f1c000-7f1cb8f20000 r--s 00017000 08:01 11296422                   /home/hangalo/devtools/gradle-5.4-all/gradle-5.4/lib/plugins/gradle-testing-native-5.4.jar
7f1cb8f20000-7f1cb8f22000 r--s 0000f000 08:01 11296518                   /home/hangalo/devtools/gradle-5.4-all/gradle-5.4/lib/plugins/jcommander-1.72.jar
7f1cb8f22000-7f1cb8f2b000 r--s 00089000 08:01 11296494                   /home/hangalo/devtools/gradle-5.4-all/gradle-5.4/lib/plugins/testng-6.3.1.jar
7f1cb8f2b000-7f1cb8f30000 r--s 0005a000 08:01 11296498                   /home/hangalo/devtools/gradle-5.4-all/gradle-5.4/lib/plugins/bsh-2.0b6.jar
7f1cb8f30000-7f1cb8f34000 r--s 0001c000 08:01 11296441                   /home/hangalo/devtools/gradle-5.4-all/gradle-5.4/lib/plugins/gradle-testing-jvm-5.4.jar
7f1cb8f34000-7f1cb8f37000 r--s 00011000 08:01 11296536                   /home/hangalo/devtools/gradle-5.4-all/gradle-5.4/lib/plugins/junit-platform-commons-1.3.1.jar
7f1cb8f37000-7f1cb8f38000 r--s 00001000 08:01 11296538                   /home/hangalo/devtools/gradle-5.4-all/gradle-5.4/lib/plugins/opentest4j-1.1.1.jar
7f1cb8f38000-7f1cb8f3c000 r--s 0001d000 08:01 11296535                   /home/hangalo/devtools/gradle-5.4-all/gradle-5.4/lib/plugins/junit-platform-engine-1.3.1.jar
7f1cb8f3c000-7f1cb8f3d000 r--s 00000000 08:01 11296537                   /home/hangalo/devtools/gradle-5.4-all/gradle-5.4/lib/plugins/apiguardian-api-1.0.0.jar
7f1cb8f3d000-7f1cb8f40000 r--s 00015000 08:01 11296499                   /home/hangalo/devtools/gradle-5.4-all/gradle-5.4/lib/plugins/junit-platform-launcher-1.3.1.jar
7f1cb8f40000-7f1cb8f42000 r--s 00009000 08:01 11296516                   /home/hangalo/devtools/gradle-5.4-all/gradle-5.4/lib/plugins/hamcrest-core-1.3.jar
7f1cb8f42000-7f1cb8f4a000 r--s 00045000 08:01 11296497                   /home/hangalo/devtools/gradle-5.4-all/gradle-5.4/lib/plugins/junit-4.12.jar
7f1cb8f4a000-7f1cb8f4b000 r--s 00003000 08:01 11296439                   /home/hangalo/devtools/gradle-5.4-all/gradle-5.4/lib/plugins/gradle-testing-junit-platform-5.4.jar
7f1cb8f4b000-7f1cb8f53000 r--s 00034000 08:01 11296449                   /home/hangalo/devtools/gradle-5.4-all/gradle-5.4/lib/plugins/gradle-testing-base-5.4.jar
7f1cb8f53000-7f1cb8f5b000 r--s 00048000 08:01 11296488                   /home/hangalo/devtools/gradle-5.4-all/gradle-5.4/lib/plugins/bcpg-jdk15on-1.61.jar
7f1cb8f5b000-7f1cb8f5d000 r--s 0000f000 08:01 11296419                   /home/hangalo/devtools/gradle-5.4-all/gradle-5.4/lib/plugins/gradle-signing-5.4.jar
7f1cb8f5d000-7f1cb8f5f000 r--s 00009000 08:01 11296428                   /home/hangalo/devtools/gradle-5.4-all/gradle-5.4/lib/plugins/gradle-scala-5.4.jar
7f1cb8f5f000-7f1cb8f60000 r--s 00004000 08:01 11296460                   /home/hangalo/devtools/gradle-5.4-all/gradle-5.4/lib/plugins/gradle-resources-sftp-5.4.jar
7f1cb8f60000-7f1cb8f69000 r--s 0005b000 08:01 11296466                   /home/hangalo/devtools/gradle-5.4-all/gradle-5.4/lib/plugins/aws-java-sdk-kms-1.11.407.jar
7f1cb8f69000-7f1cb8f6b000 r--s 00005000 08:01 11296505                   /home/hangalo/devtools/gradle-5.4-all/gradle-5.4/lib/plugins/jmespath-java-1.11.407.jar
7f1cb8f6b000-7f1cb8f7e000 r--s 000ca000 08:01 11296465                   /home/hangalo/devtools/gradle-5.4-all/gradle-5.4/lib/plugins/aws-java-sdk-s3-1.11.407.jar
7f1cb8f7e000-7f1cb8f88000 r--s 00081000 08:01 11296534                   /home/hangalo/devtools/gradle-5.4-all/gradle-5.4/lib/plugins/ion-java-1.0.2.jar
7f1cb8f88000-7f1cb8f9e000 r--s 000ca000 08:01 11296467                   /home/hangalo/devtools/gradle-5.4-all/gradle-5.4/lib/plugins/aws-java-sdk-core-1.11.407.jar
7f1cb8f9e000-7f1cb8fa0000 r--s 00004000 08:01 11296456                   /home/hangalo/devtools/gradle-5.4-all/gradle-5.4/lib/plugins/gradle-resources-s3-5.4.jar
7f1cb8fa0000-7f1cb8fb1000 r--s 0008c000 08:01 11296509                   /home/hangalo/devtools/gradle-5.4-all/gradle-5.4/lib/plugins/joda-time-2.10.jar
7f1cb8fb1000-7f1cb8fc3000 r--s 00137000 08:01 11296506                   /home/hangalo/devtools/gradle-5.4-all/gradle-5.4/lib/plugins/jackson-databind-2.9.8.jar
7f1cb8fc3000-7f1cb8fc6000 r--s 0000e000 08:01 11296508                   /home/hangalo/devtools/gradle-5.4-all/gradle-5.4/lib/plugins/jackson-annotations-2.9.8.jar
7f1cb8fc6000-7f1cb8fca000 r--s 0004c000 08:01 11296507                   /home/hangalo/devtools/gradle-5.4-all/gradle-5.4/lib/plugins/jackson-core-2.9.8.jar
7f1cb8fca000-7f1cb8fcb000 r--s 00001000 08:01 11296474                   /home/hangalo/devtools/gradle-5.4-all/gradle-5.4/lib/plugins/google-http-client-jackson2-1.25.0.jar
7f1cb8fcb000-7f1cb8fd5000 r--s 00056000 08:01 11296475                   /home/hangalo/devtools/gradle-5.4-all/gradle-5.4/lib/plugins/google-http-client-1.25.0.jar
7f1cb8fd5000-7f1cb8fd8000 r--s 0000d000 08:01 11296473                   /home/hangalo/devtools/gradle-5.4-all/gradle-5.4/lib/plugins/google-oauth-client-1.25.0.jar
7f1cb8fd8000-7f1cb8fdd000 r--s 0002d000 08:01 11296472                   /home/hangalo/devtools/gradle-5.4-all/gradle-5.4/lib/plugins/google-api-client-1.25.0.jar
7f1cb8fdd000-7f1cb8fe1000 r--s 0001d000 08:01 11296471                   /home/hangalo/devtools/gradle-5.4-all/gradle-5.4/lib/plugins/google-api-services-storage-v1-rev136-1.25.0.jar
7f1cb8fe1000-7f1cb8fe3000 r--s 00003000 08:01 11296457                   /home/hangalo/devtools/gradle-5.4-all/gradle-5.4/lib/plugins/gradle-resources-gcs-5.4.jar
7f1cb8fe3000-7f1cb8fe5000 r--s 00010000 08:01 11296455                   /home/hangalo/devtools/gradle-5.4-all/gradle-5.4/lib/plugins/gradle-reporting-5.4.jar
7f1cb8fe5000-7f1cb8fe7000 r--s 00008000 08:01 11296448                   /home/hangalo/devtools/gradle-5.4-all/gradle-5.4/lib/plugins/gradle-publish-5.4.jar
7f1cb8fe7000-7f1cb8fef000 r--s 00046000 08:01 11296436                   /home/hangalo/devtools/gradle-5.4-all/gradle-5.4/lib/plugins/gradle-plugins-5.4.jar
7f1cb8fef000-7f1cb8ff1000 r--s 0000c000 08:01 11296424                   /home/hangalo/devtools/gradle-5.4-all/gradle-5.4/lib/plugins/gradle-plugin-development-5.4.jar
7f1cb8ff1000-7f1cb8ff7000 r--s 00030000 08:01 11296431                   /home/hangalo/devtools/gradle-5.4-all/gradle-5.4/lib/plugins/gradle-platform-play-5.4.jar
7f1cb8ff7000-7f1cb8ffd000 r--s 0003d000 08:01 11296495                   /home/hangalo/devtools/gradle-5.4-all/gradle-5.4/lib/plugins/snakeyaml-1.17.jar
7f1cb8ffd000-7f1cb900f000 r--s 00078000 08:01 11296446                   /home/hangalo/devtools/gradle-5.4-all/gradle-5.4/lib/plugins/gradle-platform-native-5.4.jar
7f1cb900f000-7f1cb9013000 r--s 0001b000 08:01 11296445                   /home/hangalo/devtools/gradle-5.4-all/gradle-5.4/lib/plugins/gradle-platform-jvm-5.4.jar
7f1cb9013000-7f1cb901a000 r--s 0002a000 08:01 11296450                   /home/hangalo/devtools/gradle-5.4-all/gradle-5.4/lib/plugins/gradle-platform-base-5.4.jar
7f1cb901a000-7f1cb9047000 r--s 0025e000 08:01 11296479                   /home/hangalo/devtools/gradle-5.4-all/gradle-5.4/lib/plugins/biz.aQute.bndlib-4.0.0.jar
7f1cb9047000-7f1cb9048000 r--s 00004000 08:01 11296418                   /home/hangalo/devtools/gradle-5.4-all/gradle-5.4/lib/plugins/gradle-osgi-5.4.jar
7f1cb9048000-7f1cb904b000 r--s 0000c000 08:01 11296484                   /home/hangalo/devtools/gradle-5.4-all/gradle-5.4/lib/plugins/pmaven-groovy-0.8-20100325.jar
7f1cb904b000-7f1cb904c000 r--s 00004000 08:01 11296483                   /home/hangalo/devtools/gradle-5.4-all/gradle-5.4/lib/plugins/pmaven-common-0.8-20100325.jar
7f1cb904c000-7f1cb904d000 r--s 00008000 08:01 11296470                   /home/hangalo/devtools/gradle-5.4-all/gradle-5.4/lib/plugins/wagon-http-shared-3.0.0.jar
7f1cb904d000-7f1cb904e000 r--s 00002000 08:01 11296469                   /home/hangalo/devtools/gradle-5.4-all/gradle-5.4/lib/plugins/wagon-http-3.0.0.jar
7f1cb904e000-7f1cb904f000 r--s 00002000 08:01 11296485                   /home/hangalo/devtools/gradle-5.4-all/gradle-5.4/lib/plugins/wagon-file-3.0.0.jar
7f1cb904f000-7f1cb9051000 r--s 00006000 08:01 11296487                   /home/hangalo/devtools/gradle-5.4-all/gradle-5.4/lib/plugins/aether-connector-wagon-1.13.1.jar
7f1cb9051000-7f1cb9058000 r--s 00031000 08:01 11296425                   /home/hangalo/devtools/gradle-5.4-all/gradle-5.4/lib/plugins/gradle-maven-5.4.jar
7f1cb9058000-7f1cb905a000 r--s 0000c000 08:01 11296438                   /home/hangalo/devtools/gradle-5.4-all/gradle-5.4/lib/plugins/gradle-language-scala-5.4.jar
7f1cb905a000-7f1cb9065000 r--s 00054000 08:01 11296423                   /home/hangalo/devtools/gradle-5.4-all/gradle-5.4/lib/plugins/gradle-language-native-5.4.jar
7f1cb9065000-7f1cb9067000 r--s 00005000 08:01 11296444                   /home/hangalo/devtools/gradle-5.4-all/gradle-5.4/lib/plugins/gradle-language-jvm-5.4.jar
7f1cb9067000-7f1cb9070000 r--s 00042000 08:01 11296442                   /home/hangalo/devtools/gradle-5.4-all/gradle-5.4/lib/plugins/gradle-language-java-5.4.jar
7f1cb9070000-7f1cb9072000 r--s 0000b000 08:01 11296437                   /home/hangalo/devtools/gradle-5.4-all/gradle-5.4/lib/plugins/gradle-language-groovy-5.4.jar
7f1cb9072000-7f1cb9079000 r--s 00035000 08:01 11296491                   /home/hangalo/devtools/gradle-5.4-all/gradle-5.4/lib/plugins/simple-4.1.21.jar
7f1cb9079000-7f1cb9086000 r--s 00125000 08:01 11296489                   /home/hangalo/devtools/gradle-5.4-all/gradle-5.4/lib/plugins/rhino-1.7.10.jar
7f1cb9086000-7f1cb908a000 r--s 00012000 08:01 11296432                   /home/hangalo/devtools/gradle-5.4-all/gradle-5.4/lib/plugins/gradle-javascript-5.4.jar
7f1cb908a000-7f1cb908e000 r--s 00011000 08:01 11296434                   /home/hangalo/devtools/gradle-5.4-all/gradle-5.4/lib/plugins/gradle-jacoco-5.4.jar
7f1cb908e000-7f1cb9092000 r--s 00015000 08:01 11296433                   /home/hangalo/devtools/gradle-5.4-all/gradle-5.4/lib/plugins/gradle-ivy-5.4.jar
7f1cb9092000-7f1cb9094000 r--s 00002000 08:01 11296426                   /home/hangalo/devtools/gradle-5.4-all/gradle-5.4/lib/plugins/gradle-ide-play-5.4.jar
7f1cb9094000-7f1cb9096000 r--s 00011000 08:01 11296496                   /home/hangalo/devtools/gradle-5.4-all/gradle-5.4/lib/plugins/dd-plist-1.21.jar
7f1cb9096000-7f1cb909d000 r--s 00034000 08:01 11296421                   /home/hangalo/devtools/gradle-5.4-all/gradle-5.4/lib/plugins/gradle-ide-native-5.4.jar
7f1cb909d000-7f1cb90a7000 r--s 0005f000 08:01 11296427                   /home/hangalo/devtools/gradle-5.4-all/gradle-5.4/lib/plugins/gradle-ide-5.4.jar
7f1cb90a7000-7f1cb90a9000 r--s 00008000 08:01 11296430                   /home/hangalo/devtools/gradle-5.4-all/gradle-5.4/lib/plugins/gradle-ear-5.4.jar
7f1cb90a9000-7f1cb90ab000 r--s 00006000 08:01 11296492                   /home/hangalo/devtools/gradle-5.4-all/gradle-5.4/lib/plugins/jatl-0.2.3.jar
7f1cb90ab000-7f1cb90b1000 r--s 0003e000 08:01 11296447                   /home/hangalo/devtools/gradle-5.4-all/gradle-5.4/lib/plugins/gradle-diagnostics-5.4.jar
7f1cb90b1000-7f1cb90b6000 r--s 00028000 08:01 11296417                   /home/hangalo/devtools/gradle-5.4-all/gradle-5.4/lib/plugins/gradle-code-quality-5.4.jar
7f1cb90b6000-7f1cb90b8000 r--s 0000b000 08:01 11296493                   /home/hangalo/devtools/gradle-5.4-all/gradle-5.4/lib/plugins/maven-plugin-api-3.0.4.jar
7f1cb90b8000-7f1cb90ba000 r--s 0000c000 08:01 11296531                   /home/hangalo/devtools/gradle-5.4-all/gradle-5.4/lib/plugins/wagon-provider-api-3.0.0.jar
7f1cb90ba000-7f1cb90c0000 r--s 0003f000 08:01 11296481                   /home/hangalo/devtools/gradle-5.4-all/gradle-5.4/lib/plugins/maven-compat-3.0.4.jar
7f1cb90c0000-7f1cb90c3000 r--s 0000a000 08:01 11296528                   /home/hangalo/devtools/gradle-5.4-all/gradle-5.4/lib/plugins/plexus-classworlds-2.5.1.jar
7f1cb90c3000-7f1cb90c7000 r--s 00021000 08:01 11296533                   /home/hangalo/devtools/gradle-5.4-all/gradle-5.4/lib/plugins/xbean-reflect-3.7.jar
7f1cb90c7000-7f1cb90ce000 r--s 00032000 08:01 11296486                   /home/hangalo/devtools/gradle-5.4-all/gradle-5.4/lib/plugins/plexus-container-default-1.7.1.jar
7f1cb90ce000-7f1cb90d4000 r--s 00031000 08:01 11296435                   /home/hangalo/devtools/gradle-5.4-all/gradle-5.4/lib/plugins/gradle-build-init-5.4.jar
7f1cb90d4000-7f1cb90da000 r--s 0002e000 08:01 11296429                   /home/hangalo/devtools/gradle-5.4-all/gradle-5.4/lib/plugins/gradle-build-comparison-5.4.jar
7f1cb90da000-7f1cb90dc000 r--s 00002000 08:01 11296458                   /home/hangalo/devtools/gradle-5.4-all/gradle-5.4/lib/plugins/gradle-build-cache-http-5.4.jar
7f1cb90dc000-7f1cb90de000 r--s 00009000 08:01 11296416                   /home/hangalo/devtools/gradle-5.4-all/gradle-5.4/lib/plugins/gradle-antlr-5.4.jar
7f1cb90de000-7f1cb90df000 r--s 00005000 08:01 11296415                   /home/hangalo/devtools/gradle-5.4-all/gradle-5.4/lib/plugins/gradle-announce-5.4.jar
7f1cb90df000-7f1cb90e2000 r--s 00017000 08:01 11296463                   /home/hangalo/devtools/gradle-5.4-all/gradle-5.4/lib/plugins/gradle-kotlin-dsl-tooling-builders-5.4.jar
7f1cb90e2000-7f1cb90e8000 r--s 00029000 08:01 11296462                   /home/hangalo/devtools/gradle-5.4-all/gradle-5.4/lib/plugins/gradle-kotlin-dsl-provider-plugins-5.4.jar
7f1cb90e8000-7f1cb90e9000 r--s 00000000 08:01 11296338                   /home/hangalo/devtools/gradle-5.4-all/gradle-5.4/lib/gradle-runtime-api-info-5.4.jar
7f1cb90e9000-7f1cb90ee000 r--s 00040000 08:01 11296503                   /home/hangalo/devtools/gradle-5.4-all/gradle-5.4/lib/plugins/jsch-0.1.54.jar
7f1cb90ee000-7f1cb90f0000 r--s 00010000 08:01 11296519                   /home/hangalo/devtools/gradle-5.4-all/gradle-5.4/lib/plugins/jzlib-1.1.3.jar
7f1cb90f0000-7f1cb9115000 r--s 00265000 08:01 11296468                   /home/hangalo/devtools/gradle-5.4-all/gradle-5.4/lib/plugins/org.eclipse.jgit-5.0.3.201809091024-r.jar
7f1cb9115000-7f1cb9118000 r--s 0000c000 08:01 11296452                   /home/hangalo/devtools/gradle-5.4-all/gradle-5.4/lib/plugins/gradle-version-control-5.4.jar
7f1cb9118000-7f1cb9131000 r--s 0013a000 08:01 11296502                   /home/hangalo/devtools/gradle-5.4-all/gradle-5.4/lib/plugins/xercesImpl-2.12.0.jar
7f1cb9131000-7f1cb9133000 r--s 0001d000 08:01 11296501                   /home/hangalo/devtools/gradle-5.4-all/gradle-5.4/lib/plugins/nekohtml-1.9.22.jar
7f1cb9133000-7f1cb9139000 r--s 0005b000 08:01 11296500                   /home/hangalo/devtools/gradle-5.4-all/gradle-5.4/lib/plugins/jcifs-1.3.17.jar
7f1cb9139000-7f1cb9140000 r--s 0004b000 08:01 11296477                   /home/hangalo/devtools/gradle-5.4-all/gradle-5.4/lib/plugins/commons-codec-1.11.jar
7f1cb9140000-7f1cb9147000 r--s 00049000 08:01 11296517                   /home/hangalo/devtools/gradle-5.4-all/gradle-5.4/lib/plugins/httpcore-4.4.10.jar
7f1cb9147000-7f1cb9154000 r--s 000af000 08:01 11296476                   /home/hangalo/devtools/gradle-5.4-all/gradle-5.4/lib/plugins/httpclient-4.5.6.jar
7f1cb9154000-7f1cb9157000 r--s 0000e000 08:01 11296459                   /home/hangalo/devtools/gradle-5.4-all/gradle-5.4/lib/plugins/gradle-resources-http-5.4.jar
7f1cb9157000-7f1cb915a000 r--s 0000c000 08:01 11296451                   /home/hangalo/devtools/gradle-5.4-all/gradle-5.4/lib/plugins/gradle-plugin-use-5.4.jar
7f1cb915a000-7f1cb915d000 r--s 0000d000 08:01 11296454                   /home/hangalo/devtools/gradle-5.4-all/gradle-5.4/lib/plugins/gradle-composite-builds-5.4.jar
7f1cb915d000-7f1cb915e000 r--s 00000000 08:01 11296341                   /home/hangalo/devtools/gradle-5.4-all/gradle-5.4/lib/gradle-installation-beacon-5.4.jar
7f1cb915e000-7f1cb9160000 r--s 00006000 08:01 11296523                   /home/hangalo/devtools/gradle-5.4-all/gradle-5.4/lib/plugins/maven-repository-metadata-3.0.4.jar
7f1cb9160000-7f1cb9162000 r--s 0000c000 08:01 11296511                   /home/hangalo/devtools/gradle-5.4-all/gradle-5.4/lib/plugins/maven-aether-provider-3.0.4.jar
7f1cb9162000-7f1cb9163000 r--s 00003000 08:01 11296513                   /home/hangalo/devtools/gradle-5.4-all/gradle-5.4/lib/plugins/aether-spi-1.13.1.jar
7f1cb9163000-7f1cb9166000 r--s 0001d000 08:01 11296512                   /home/hangalo/devtools/gradle-5.4-all/gradle-5.4/lib/plugins/aether-impl-1.13.1.jar
7f1cb9166000-7f1cb916a000 r--s 0001c000 08:01 11296514                   /home/hangalo/devtools/gradle-5.4-all/gradle-5.4/lib/plugins/aether-util-1.13.1.jar
7f1cb916a000-7f1cb916d000 r--s 00013000 08:01 11296515                   /home/hangalo/devtools/gradle-5.4-all/gradle-5.4/lib/plugins/aether-api-1.13.1.jar
7f1cb916d000-7f1cb916f000 r--s 0000b000 08:01 11296520                   /home/hangalo/devtools/gradle-5.4-all/gradle-5.4/lib/plugins/maven-artifact-3.0.4.jar
7f1cb916f000-7f1cb9173000 r--s 00021000 08:01 11296521                   /home/hangalo/devtools/gradle-5.4-all/gradle-5.4/lib/plugins/maven-model-builder-3.0.4.jar
7f1cb9173000-7f1cb9175000 r--s 00026000 08:01 11296522                   /home/hangalo/devtools/gradle-5.4-all/gradle-5.4/lib/plugins/maven-model-3.0.4.jar
7f1cb9175000-7f1cb9177000 r--s 0000a000 08:01 11296525                   /home/hangalo/devtools/gradle-5.4-all/gradle-5.4/lib/plugins/maven-settings-3.0.4.jar
7f1cb9177000-7f1cb9179000 r--s 00002000 08:01 11296527                   /home/hangalo/devtools/gradle-5.4-all/gradle-5.4/lib/plugins/plexus-cipher-1.7.jar
7f1cb9179000-7f1cb917b000 r--s 00000000 08:01 11296529                   /home/hangalo/devtools/gradle-5.4-all/gradle-5.4/lib/plugins/plexus-component-annotations-1.5.5.jar
7f1cb917b000-7f1cb917f000 r--s 0003c000 08:01 11296532                   /home/hangalo/devtools/gradle-5.4-all/gradle-5.4/lib/plugins/plexus-utils-3.1.0.jar
7f1cb917f000-7f1cb9194000 r--s 00116000 08:01 11296480                   /home/hangalo/devtools/gradle-5.4-all/gradle-5.4/lib/plugins/ivy-2.3.0.jar
7f1cb9194000-7f1cb91f3000 r--s 003f7000 08:01 11296510                   /home/hangalo/devtools/gradle-5.4-all/gradle-5.4/lib/plugins/bcprov-jdk15on-1.61.jar
7f1cb91f3000-7f1cb9226000 r--s 001c3000 08:01 11296453                   /home/hangalo/devtools/gradle-5.4-all/gradle-5.4/lib/plugins/gradle-dependency-management-5.4.jar
7f1cb9226000-7f1cb923d000 r-xp 00000000 08:01 1705923                    /lib/x86_64-linux-gnu/libgcc_s.so.1
7f1cb923d000-7f1cb943c000 ---p 00017000 08:01 1705923                    /lib/x86_64-linux-gnu/libgcc_s.so.1
7f1cb943c000-7f1cb943d000 r--p 00016000 08:01 1705923                    /lib/x86_64-linux-gnu/libgcc_s.so.1
7f1cb943d000-7f1cb943e000 rw-p 00017000 08:01 1705923                    /lib/x86_64-linux-gnu/libgcc_s.so.1
7f1cb943e000-7f1cb95b7000 r-xp 00000000 08:01 12583469                   /usr/lib/x86_64-linux-gnu/libstdc++.so.6.0.25
7f1cb95b7000-7f1cb97b7000 ---p 00179000 08:01 12583469                   /usr/lib/x86_64-linux-gnu/libstdc++.so.6.0.25
7f1cb97b7000-7f1cb97c1000 r--p 00179000 08:01 12583469                   /usr/lib/x86_64-linux-gnu/libstdc++.so.6.0.25
7f1cb97c1000-7f1cb97c3000 rw-p 00183000 08:01 12583469                   /usr/lib/x86_64-linux-gnu/libstdc++.so.6.0.25
7f1cb97c3000-7f1cb97c7000 rw-p 00000000 00:00 0 
7f1cb97c7000-7f1cb97c8000 r--s 00006000 08:01 11296526                   /home/hangalo/devtools/gradle-5.4-all/gradle-5.4/lib/plugins/plexus-sec-dispatcher-1.3.jar
7f1cb97c8000-7f1cb97ca000 r--s 0000d000 08:01 11296530                   /home/hangalo/devtools/gradle-5.4-all/gradle-5.4/lib/plugins/plexus-interpolation-1.14.jar
7f1cb97ca000-7f1cb97cd000 r--s 00008000 08:01 11296524                   /home/hangalo/devtools/gradle-5.4-all/gradle-5.4/lib/plugins/maven-settings-builder-3.0.4.jar
7f1cb97cd000-7f1cb97d9000 r--s 0007d000 08:01 11296482                   /home/hangalo/devtools/gradle-5.4-all/gradle-5.4/lib/plugins/maven-core-3.0.4.jar
7f1cb97d9000-7f1cb97de000 r--s 00036000 08:01 11296490                   /home/hangalo/devtools/gradle-5.4-all/gradle-5.4/lib/plugins/gson-2.8.5.jar
7f1cb97de000-7f1cb97df000 r--s 00013000 08:01 11296478                   /home/hangalo/devtools/gradle-5.4-all/gradle-5.4/lib/plugins/asm-util-7.0.jar
7f1cb97df000-7f1cb97e2000 r--s 0000e000 08:01 11296464                   /home/hangalo/devtools/gradle-5.4-all/gradle-5.4/lib/plugins/gradle-workers-5.4.jar
7f1cb97e2000-7f1cb97e8000 r-xp 00000000 08:01 10625214                   /home/hangalo/.gradle /native/29/linux-amd64/libnative-platform.so
7f1cb97e8000-7f1cb99e7000 ---p 00006000 08:01 10625214                   /home/hangalo/.gradle /native/29/linux-amd64/libnative-platform.so
7f1cb99e7000-7f1cb99e8000 rw-p 00005000 08:01 10625214                   /home/hangalo/.gradle /native/29/linux-amd64/libnative-platform.so
7f1cb99e8000-7f1cb99f8000 r-xp 00000000 07:01 3413                       /snap/android-studio/76/android-studio/jre/jre/lib/amd64/libnio.so
7f1cb99f8000-7f1cb99f9000 rw-p 00010000 07:01 3413                       /snap/android-studio/76/android-studio/jre/jre/lib/amd64/libnio.so
7f1cb99f9000-7f1cb9a0f000 r-xp 00000000 07:01 3412                       /snap/android-studio/76/android-studio/jre/jre/lib/amd64/libnet.so
7f1cb9a0f000-7f1cb9a10000 rw-p 00016000 07:01 3412                       /snap/android-studio/76/android-studio/jre/jre/lib/amd64/libnet.so
7f1cb9a10000-7f1cb9a12000 r--s 00006000 08:01 11296340                   /home/hangalo/devtools/gradle-5.4-all/gradle-5.4/lib/gradle-wrapper-5.4.jar
7f1cb9a12000-7f1cb9a21000 r--s 0004c000 08:01 11296339                   /home/hangalo/devtools/gradle-5.4-all/gradle-5.4/lib/gradle-tooling-api-5.4.jar
7f1cb9a21000-7f1cb9a2c000 r--s 00081000 08:01 11296398                   /home/hangalo/devtools/gradle-5.4-all/gradle-5.4/lib/trove4j-1.0.20181211.jar
7f1cb9a2c000-7f1cb9a2e000 r--s 00009000 08:01 11296397                   /home/hangalo/devtools/gradle-5.4-all/gradle-5.4/lib/kotlin-script-runtime-1.3.21.jar
7f1cb9a2e000-7f1cb9a65000 r--s 00255000 08:01 11296391                   /home/hangalo/devtools/gradle-5.4-all/gradle-5.4/lib/kotlin-reflect-1.3.21.jar
7f1cb9a65000-7f1cb9c44000 r--s 01b1b000 08:01 11296364                   /home/hangalo/devtools/gradle-5.4-all/gradle-5.4/lib/kotlin-compiler-embeddable-1.3.21-patched-for-gradle-5.4.jar
7f1cb9c44000-7f1cb9c45000 r--s 00001000 08:01 11296375                   /home/hangalo/devtools/gradle-5.4-all/gradle-5.4/lib/gradle-kotlin-dsl-tooling-models-5.4.jar
7f1cb9c45000-7f1cb9c53000 r--s 00236000 08:01 11296378                   /home/hangalo/devtools/gradle-5.4-all/gradle-5.4/lib/kotlinx-metadata-jvm-0.0.5.jar
7f1cb9c53000-7f1cb9c54000 r--s 00002000 08:01 11296377                   /home/hangalo/devtools/gradle-5.4-all/gradle-5.4/lib/kotlin-sam-with-receiver-compiler-plugin-1.3.21.jar
7f1cb9c54000-7f1cb9c55000 r--s 00000000 08:01 11296392                   /home/hangalo/devtools/gradle-5.4-all/gradle-5.4/lib/kotlin-stdlib-jdk7-1.3.21.jar
7f1cb9c55000-7f1cb9c57000 r--s 00003000 08:01 11296394                   /home/hangalo/devtools/gradle-5.4-all/gradle-5.4/lib/annotations-13.0.jar
7f1cb9c57000-7f1cb9c5e000 r--s 0001f000 08:01 11296414                   /home/hangalo/devtools/gradle-5.4-all/gradle-5.4/lib/kotlin-stdlib-common-1.3.21.jar
7f1cb9c5e000-7f1cb9c71000 r--s 0010f000 08:01 11296393                   /home/hangalo/devtools/gradle-5.4-all/gradle-5.4/lib/kotlin-stdlib-1.3.21.jar
7f1cb9c71000-7f1cb9c73000 r--s 00002000 08:01 11296376                   /home/hangalo/devtools/gradle-5.4-all/gradle-5.4/lib/kotlin-stdlib-jdk8-1.3.21.jar
7f1cb9c73000-7f1cb9c8e000 r--s 0015d000 08:01 11296342                   /home/hangalo/devtools/gradle-5.4-all/gradle-5.4/lib/gradle-kotlin-dsl-5.4.jar
7f1cb9c8e000-7f1cb9c92000 r--s 00013000 08:01 11296347                   /home/hangalo/devtools/gradle-5.4-all/gradle-5.4/lib/gradle-build-cache-5.4.jar
7f1cb9c92000-7f1cb9c94000 r--s 00006000 08:01 11296346                   /home/hangalo/devtools/gradle-5.4-all/gradle-5.4/lib/gradle-build-cache-packaging-5.4.jar
7f1cb9c94000-7f1cb9c99000 r--s 0001f000 08:01 11296345                   /home/hangalo/devtools/gradle-5.4-all/gradle-5.4/lib/gradle-execution-5.4.jar
7f1cb9c99000-7f1cb9c9d000 r--s 0001a000 08:01 11296349                   /home/hangalo/devtools/gradle-5.4-all/gradle-5.4/lib/gradle-files-5.4.jar
7f1cb9c9d000-7f1cb9ca2000 r--s 00026000 08:01 11296348                   /home/hangalo/devtools/gradle-5.4-all/gradle-5.4/lib/gradle-snapshots-5.4.jar
7f1cb9ca2000-7f1cb9ca7000 r--s 00015000 08:01 11296356                   /home/hangalo/devtools/gradle-5.4-all/gradle-5.4/lib/gradle-resources-5.4.jar
7f1cb9ca7000-7f1cb9cae000 r--s 00036000 08:01 11296353                   /home/hangalo/devtools/gradle-5.4-all/gradle-5.4/lib/gradle-persistent-cache-5.4.jar
7f1cb9cae000-7f1cb9caf000 r--s 00003000 08:01 11296361                   /home/hangalo/devtools/gradle-5.4-all/gradle-5.4/lib/gradle-build-option-5.4.jar
7f1cb9caf000-7f1cb9cb1000 r--s 00005000 08:01 11296362                   /home/hangalo/devtools/gradle-5.4-all/gradle-5.4/lib/gradle-cli-5.4.jar
7f1cb9cb1000-7f1cb9cb3000 r--s 00004000 08:01 11296373                   /home/hangalo/devtools/gradle-5.4-all/gradle-5.4/lib/log4j-over-slf4j-1.7.25.jar
7f1cb9cb3000-7f1cb9cb5000 r--s 00000000 08:01 11296372                   /home/hangalo/devtools/gradle-5.4-all/gradle-5.4/lib/jul-to-slf4j-1.7.25.jar
7f1cb9cb5000-7f1cb9cb7000 r--s 00003000 08:01 11296371                   /home/hangalo/devtools/gradle-5.4-all/gradle-5.4/lib/jcl-over-slf4j-1.7.25.jar
7f1cb9cb7000-7f1cb9cbf000 r--s 00038000 08:01 11296354                   /home/hangalo/devtools/gradle-5.4-all/gradle-5.4/lib/gradle-logging-5.4.jar
7f1cb9cbf000-7f1cb9cd4000 r--s 000c1000 08:01 11296351                   /home/hangalo/devtools/gradle-5.4-all/gradle-5.4/lib/gradle-model-core-5.4.jar
7f1cb9cd4000-7f1cb9cd6000 r--s 00006000 08:01 11296358                   /home/hangalo/devtools/gradle-5.4-all/gradle-5.4/lib/gradle-base-services-groovy-5.4.jar
7f1cb9cd6000-7f1cb9cd8000 r--s 00007000 08:01 11296350                   /home/hangalo/devtools/gradle-5.4-all/gradle-5.4/lib/gradle-model-groovy-5.4.jar
7f1cb9cd8000-7f1cb9cd9000 r--s 00007000 08:01 11296363                   /home/hangalo/devtools/gradle-5.4-all/gradle-5.4/lib/gradle-docs-5.4.jar
7f1cb9cd9000-7f1cb9ce2000 r--s 0002d000 08:01 11296387                   /home/hangalo/devtools/gradle-5.4-all/gradle-5.4/lib/xml-apis-1.4.01.jar
7f1cb9ce2000-7f1cb9ce3000 r--s 00000000 08:01 11296384                   /home/hangalo/devtools/gradle-5.4-all/gradle-5.4/lib/javax.inject-1.jar
7f1cb9ce3000-7f1cb9d68000 r--s 007a7000 08:01 11296382                   /home/hangalo/devtools/gradle-5.4-all/gradle-5.4/lib/groovy-all-1.0-2.5.4.jar
7f1cb9d68000-7f1cb9d73000 r--s 00086000 08:01 11296386                   /home/hangalo/devtools/gradle-5.4-all/gradle-5.4/lib/commons-compress-1.18.jar
7f1cb9d73000-7f1cb9d75000 r--s 00007000 08:01 11296366                   /home/hangalo/devtools/gradle-5.4-all/gradle-5.4/lib/asm-analysis-7.0.jar
7f1cb9d75000-7f1cb9d77000 r--s 0000b000 08:01 11296367                   /home/hangalo/devtools/gradle-5.4-all/gradle-5.4/lib/asm-tree-7.0.jar
7f1cb9d77000-7f1cb9d79000 r--s 00012000 08:01 11296365                   /home/hangalo/devtools/gradle-5.4-all/gradle-5.4/lib/asm-commons-7.0.jar
7f1cb9d79000-7f1cb9d7a000 r--s 00004000 08:01 11296399                   /home/hangalo/devtools/gradle-5.4-all/gradle-5.4/lib/native-platform-freebsd-amd64-libcpp-0.17.jar
7f1cb9d7a000-7f1cb9d7b000 r--s 00004000 08:01 11296400                   /home/hangalo/devtools/gradle-5.4-all/gradle-5.4/lib/native-platform-freebsd-amd64-libstdcpp-0.17.jar
7f1cb9d7b000-7f1cb9d7c000 r--s 00004000 08:01 11296401                   /home/hangalo/devtools/gradle-5.4-all/gradle-5.4/lib/native-platform-freebsd-i386-libcpp-0.17.jar
7f1cb9d7c000-7f1cb9d7d000 r--s 00004000 08:01 11296402                   /home/hangalo/devtools/gradle-5.4-all/gradle-5.4/lib/native-platform-freebsd-i386-libstdcpp-0.17.jar
7f1cb9d7d000-7f1cb9d7e000 r--s 00002000 08:01 11296403                   /home/hangalo/devtools/gradle-5.4-all/gradle-5.4/lib/native-platform-linux-amd64-0.17.jar
7f1cb9d7e000-7f1cb9d7f000 r--s 00002000 08:01 11296404                   /home/hangalo/devtools/gradle-5.4-all/gradle-5.4/lib/native-platform-linux-i386-0.17.jar
7f1cb9d7f000-7f1cb9d80000 r--s 00003000 08:01 11296405                   /home/hangalo/devtools/gradle-5.4-all/gradle-5.4/lib/native-platform-osx-amd64-0.17.jar
7f1cb9d80000-7f1cb9d81000 r--s 00010000 08:01 11296406                   /home/hangalo/devtools/gradle-5.4-all/gradle-5.4/lib/native-platform-windows-amd64-0.17.jar
7f1cb9d81000-7f1cb9d82000 r--s 00010000 08:01 11296407                   /home/hangalo/devtools/gradle-5.4-all/gradle-5.4/lib/native-platform-windows-amd64-min-0.17.jar
7f1cb9d82000-7f1cb9d83000 r--s 0000e000 08:01 11296408                   /home/hangalo/devtools/gradle-5.4-all/gradle-5.4/lib/native-platform-windows-i386-0.17.jar
7f1cb9d83000-7f1cb9d84000 r--s 0000e000 08:01 11296409                   /home/hangalo/devtools/gradle-5.4-all/gradle-5.4/lib/native-platform-windows-i386-min-0.17.jar
7f1cb9d84000-7f1cb9d86000 r--s 00001000 08:01 11296410                   /home/hangalo/devtools/gradle-5.4-all/gradle-5.4/lib/native-platform-linux-amd64-ncurses5-0.17.jar
7f1cb9d86000-7f1cb9d8b000 r--s 0001a000 08:01 11296385                   /home/hangalo/devtools/gradle-5.4-all/gradle-5.4/lib/native-platform-0.17.jar
7f1cb9d8b000-7f1cb9d8f000 r--s 00042000 08:01 11296388                   /home/hangalo/devtools/gradle-5.4-all/gradle-5.4/lib/jansi-1.17.1.jar
7f1cb9d8f000-7f1cb9d93000 r--s 0000c000 08:01 11296357                   /home/hangalo/devtools/gradle-5.4-all/gradle-5.4/lib/gradle-native-5.4.jar
7f1cb9d93000-7f1cb9d95000 r--s 0000c000 08:01 11296390                   /home/hangalo/devtools/gradle-5.4-all/gradle-5.4/lib/objenesis-2.6.jar
7f1cb9d95000-7f1cb9d97000 r--s 00000000 08:01 11296396                   /home/hangalo/devtools/gradle-5.4-all/gradle-5.4/lib/minlog-1.2.jar
7f1cb9d97000-7f1cb9d9d000 r--s 0004d000 08:01 11296389                   /home/hangalo/devtools/gradle-5.4-all/gradle-5.4/lib/kryo-2.24.0.jar
7f1cb9d9d000-7f1cb9da4000 r--s 00030000 08:01 11296359                   /home/hangalo/devtools/gradle-5.4-all/gradle-5.4/lib/gradle-messaging-5.4.jar
7f1cb9da4000-7f1cb9da6000 r--s 00006000 08:01 11296355                   /home/hangalo/devtools/gradle-5.4-all/gradle-5.4/lib/gradle-process-services-5.4.jar
7f1cb9da6000-7f1cb9da8000 r--s 00000000 08:01 11296344                   /home/hangalo/devtools/gradle-5.4-all/gradle-5.4/lib/gradle-jvm-services-5.4.jar
7f1cb9da8000-7f1cb9daa000 r--s 00003000 08:01 11296380                   /home/hangalo/devtools/gradle-5.4-all/gradle-5.4/lib/jsr305-3.0.2.jar
7f1cb9daa000-7f1cb9dda000 r--s 0024b000 08:01 11296379                   /home/hangalo/devtools/gradle-5.4-all/gradle-5.4/lib/guava-26.0-android.jar
7f1cb9dda000-7f1cb9ddd000 r--s 0001c000 08:01 11296381                   /home/hangalo/devtools/gradle-5.4-all/gradle-5.4/lib/fastutil-8.2.1-min.jar
7f1cb9ddd000-7f1cb9e19000 r--s 00203000 08:01 11296343                   /home/hangalo/devtools/gradle-5.4-all/gradle-5.4/lib/gradle-core-5.4.jar
7f1cb9e19000-7f1cb9e1a000 ---p 00000000 00:00 0 
7f1cb9e1a000-7f1cb9f1a000 rw-p 00000000 00:00 0 
7f1cb9f1a000-7f1cb9f1d000 ---p 00000000 00:00 0 
7f1cb9f1d000-7f1cba01b000 rw-p 00000000 00:00 0 
7f1cba01b000-7f1cba01c000 ---p 00000000 00:00 0 
7f1cba01c000-7f1cba01f000 ---p 00000000 00:00 0 
7f1cba01f000-7f1cba11c000 rw-p 00000000 00:00 0 
7f1cba11c000-7f1cba11d000 ---p 00000000 00:00 0 
7f1cba11d000-7f1cba120000 ---p 00000000 00:00 0 
7f1cba120000-7f1cba21d000 rw-p 00000000 00:00 0 
7f1cba21d000-7f1cba21e000 ---p 00000000 00:00 0 
7f1cba21e000-7f1cba221000 ---p 00000000 00:00 0 
7f1cba221000-7f1cba31e000 rw-p 00000000 00:00 0 
7f1cba31e000-7f1cba321000 ---p 00000000 00:00 0 
7f1cba321000-7f1cba41f000 rw-p 00000000 00:00 0 
7f1cba41f000-7f1cbadee000 r--p 00000000 08:01 12589691                   /usr/lib/locale/locale-archive
7f1cbadee000-7f1cbadf1000 ---p 00000000 00:00 0 
7f1cbadf1000-7f1cbaeef000 rw-p 00000000 00:00 0 
7f1cbaeef000-7f1cbaef2000 ---p 00000000 00:00 0 
7f1cbaef2000-7f1cbaff0000 rw-p 00000000 00:00 0 
7f1cbaff0000-7f1cbaff1000 ---p 00000000 00:00 0 
7f1cbaff1000-7f1cbc000000 rw-p 00000000 00:00 0 
7f1cbc000000-7f1cbc021000 rw-p 00000000 00:00 0 
7f1cbc021000-7f1cc0000000 ---p 00000000 00:00 0 
7f1cc0000000-7f1cc0005000 r--s 00041000 08:01 11296370                   /home/hangalo/devtools/gradle-5.4-all/gradle-5.4/lib/commons-lang-2.6.jar
7f1cc0005000-7f1cc0009000 r--s 00031000 08:01 11296369                   /home/hangalo/devtools/gradle-5.4-all/gradle-5.4/lib/commons-io-2.6.jar
7f1cc0009000-7f1cc000b000 r--s 0001a000 08:01 11296368                   /home/hangalo/devtools/gradle-5.4-all/gradle-5.4/lib/asm-7.0.jar
7f1cc000b000-7f1cc002a000 r--s 001da000 08:01 11296383                   /home/hangalo/devtools/gradle-5.4-all/gradle-5.4/lib/ant-1.9.13.jar
7f1cc002a000-7f1cc0039000 r--s 00043000 08:01 11296352                   /home/hangalo/devtools/gradle-5.4-all/gradle-5.4/lib/gradle-core-api-5.4.jar
7f1cc0039000-7f1cc00bd000 rw-p 00000000 00:00 0 
7f1cc00bd000-7f1cc028e000 r--s 03c8a000 07:01 3492                       /snap/android-studio/76/android-studio/jre/jre/lib/rt.jar
7f1cc028e000-7f1cc3e04000 rw-p 00000000 00:00 0 
7f1cc3e04000-7f1cc3e05000 ---p 00000000 00:00 0 
7f1cc3e05000-7f1cc3f05000 rw-p 00000000 00:00 0 
7f1cc3f05000-7f1cc3f06000 ---p 00000000 00:00 0 
7f1cc3f06000-7f1cc4006000 rw-p 00000000 00:00 0 
7f1cc4006000-7f1cc4007000 ---p 00000000 00:00 0 
7f1cc4007000-7f1cc411c000 rw-p 00000000 00:00 0 
7f1cc411c000-7f1cc4307000 ---p 00000000 00:00 0 
7f1cc4307000-7f1cc431c000 rw-p 00000000 00:00 0 
7f1cc431c000-7f1cc4507000 ---p 00000000 00:00 0 
7f1cc4507000-7f1cc4529000 rw-p 00000000 00:00 0 
7f1cc4529000-7f1cc4607000 ---p 00000000 00:00 0 
7f1cc4607000-7f1cc461f000 rw-p 00000000 00:00 0 
7f1cc461f000-7f1cc49c8000 ---p 00000000 00:00 0 
7f1cc49c8000-7f1cc4f58000 rwxp 00000000 00:00 0 
7f1cc4f58000-7f1cd39c8000 ---p 00000000 00:00 0 
7f1cd39c8000-7f1cd39d3000 r-xp 00000000 08:01 1708816                    /lib/x86_64-linux-gnu/libnss_files-2.27.so
7f1cd39d3000-7f1cd3bd2000 ---p 0000b000 08:01 1708816                    /lib/x86_64-linux-gnu/libnss_files-2.27.so
7f1cd3bd2000-7f1cd3bd3000 r--p 0000a000 08:01 1708816                    /lib/x86_64-linux-gnu/libnss_files-2.27.so
7f1cd3bd3000-7f1cd3bd4000 rw-p 0000b000 08:01 1708816                    /lib/x86_64-linux-gnu/libnss_files-2.27.so
7f1cd3bd4000-7f1cd3bda000 rw-p 00000000 00:00 0 
7f1cd3bda000-7f1cd3bf1000 r-xp 00000000 08:01 1708810                    /lib/x86_64-linux-gnu/libnsl-2.27.so
7f1cd3bf1000-7f1cd3df0000 ---p 00017000 08:01 1708810                    /lib/x86_64-linux-gnu/libnsl-2.27.so
7f1cd3df0000-7f1cd3df1000 r--p 00016000 08:01 1708810                    /lib/x86_64-linux-gnu/libnsl-2.27.so
7f1cd3df1000-7f1cd3df2000 rw-p 00017000 08:01 1708810                    /lib/x86_64-linux-gnu/libnsl-2.27.so
7f1cd3df2000-7f1cd3df4000 rw-p 00000000 00:00 0 
7f1cd3df4000-7f1cd3dff000 r-xp 00000000 08:01 1708827                    /lib/x86_64-linux-gnu/libnss_nis-2.27.so
7f1cd3dff000-7f1cd3ffe000 ---p 0000b000 08:01 1708827                    /lib/x86_64-linux-gnu/libnss_nis-2.27.so
7f1cd3ffe000-7f1cd3fff000 r--p 0000a000 08:01 1708827                    /lib/x86_64-linux-gnu/libnss_nis-2.27.so
7f1cd3fff000-7f1cd4000000 rw-p 0000b000 08:01 1708827                    /lib/x86_64-linux-gnu/libnss_nis-2.27.so
7f1cd4000000-7f1cd4f08000 rw-p 00000000 00:00 0 
7f1cd4f08000-7f1cd8000000 ---p 00000000 00:00 0 
7f1cd8000000-7f1cd8001000 r--s 00001000 08:01 11296411                   /home/hangalo/devtools/gradle-5.4-all/gradle-5.4/lib/native-platform-linux-amd64-ncurses6-0.17.jar
7f1cd8001000-7f1cd8003000 r--s 00009000 08:01 11296374                   /home/hangalo/devtools/gradle-5.4-all/gradle-5.4/lib/slf4j-api-1.7.25.jar
7f1cd8003000-7f1cd80ac000 rw-p 00000000 00:00 0 
7f1cd80ac000-7f1cd80ad000 ---p 00000000 00:00 0 
7f1cd80ad000-7f1cd81ad000 rw-p 00000000 00:00 0 
7f1cd81ad000-7f1cd81b5000 r-xp 00000000 08:01 1708812                    /lib/x86_64-linux-gnu/libnss_compat-2.27.so
7f1cd81b5000-7f1cd83b5000 ---p 00008000 08:01 1708812                    /lib/x86_64-linux-gnu/libnss_compat-2.27.so
7f1cd83b5000-7f1cd83b6000 r--p 00008000 08:01 1708812                    /lib/x86_64-linux-gnu/libnss_compat-2.27.so
7f1cd83b6000-7f1cd83b7000 rw-p 00009000 08:01 1708812                    /lib/x86_64-linux-gnu/libnss_compat-2.27.so
7f1cd83b7000-7f1cd83be000 r-xp 00000000 08:01 1708867                    /lib/x86_64-linux-gnu/librt-2.27.so
7f1cd83be000-7f1cd85bd000 ---p 00007000 08:01 1708867                    /lib/x86_64-linux-gnu/librt-2.27.so
7f1cd85bd000-7f1cd85be000 r--p 00006000 08:01 1708867                    /lib/x86_64-linux-gnu/librt-2.27.so
7f1cd85be000-7f1cd85bf000 rw-p 00007000 08:01 1708867                    /lib/x86_64-linux-gnu/librt-2.27.so
7f1cd85bf000-7f1cd875c000 r-xp 00000000 08:01 1708789                    /lib/x86_64-linux-gnu/libm-2.27.so
7f1cd875c000-7f1cd895b000 ---p 0019d000 08:01 1708789                    /lib/x86_64-linux-gnu/libm-2.27.so
7f1cd895b000-7f1cd895c000 r--p 0019c000 08:01 1708789                    /lib/x86_64-linux-gnu/libm-2.27.so
7f1cd895c000-7f1cd895d000 rw-p 0019d000 08:01 1708789                    /lib/x86_64-linux-gnu/libm-2.27.so
7f1cd895d000-7f1cd9575000 r-xp 00000000 07:01 3425                       /snap/android-studio/76/android-studio/jre/jre/lib/amd64/server/libjvm.so
7f1cd9575000-7f1cd9644000 rw-p 00c18000 07:01 3425                       /snap/android-studio/76/android-studio/jre/jre/lib/amd64/server/libjvm.so
7f1cd9644000-7f1cd9689000 rw-p 00000000 00:00 0 
7f1cd9689000-7f1cd9870000 r-xp 00000000 08:01 1708726                    /lib/x86_64-linux-gnu/libc-2.27.so
7f1cd9870000-7f1cd9a70000 ---p 001e7000 08:01 1708726                    /lib/x86_64-linux-gnu/libc-2.27.so
7f1cd9a70000-7f1cd9a74000 r--p 001e7000 08:01 1708726                    /lib/x86_64-linux-gnu/libc-2.27.so
7f1cd9a74000-7f1cd9a76000 rw-p 001eb000 08:01 1708726                    /lib/x86_64-linux-gnu/libc-2.27.so
7f1cd9a76000-7f1cd9a7a000 rw-p 00000000 00:00 0 
7f1cd9a7a000-7f1cd9a7d000 r-xp 00000000 08:01 1708749                    /lib/x86_64-linux-gnu/libdl-2.27.so
7f1cd9a7d000-7f1cd9c7c000 ---p 00003000 08:01 1708749                    /lib/x86_64-linux-gnu/libdl-2.27.so
7f1cd9c7c000-7f1cd9c7d000 r--p 00002000 08:01 1708749                    /lib/x86_64-linux-gnu/libdl-2.27.so
7f1cd9c7d000-7f1cd9c7e000 rw-p 00003000 08:01 1708749                    /lib/x86_64-linux-gnu/libdl-2.27.so
7f1cd9c7e000-7f1cd9c98000 r-xp 00000000 08:01 1708859                    /lib/x86_64-linux-gnu/libpthread-2.27.so
7f1cd9c98000-7f1cd9e97000 ---p 0001a000 08:01 1708859                    /lib/x86_64-linux-gnu/libpthread-2.27.so
7f1cd9e97000-7f1cd9e98000 r--p 00019000 08:01 1708859                    /lib/x86_64-linux-gnu/libpthread-2.27.so
7f1cd9e98000-7f1cd9e99000 rw-p 0001a000 08:01 1708859                    /lib/x86_64-linux-gnu/libpthread-2.27.so
7f1cd9e99000-7f1cd9e9d000 rw-p 00000000 00:00 0 
7f1cd9e9d000-7f1cd9ec4000 r-xp 00000000 08:01 1708698                    /lib/x86_64-linux-gnu/ld-2.27.so
7f1cd9ec4000-7f1cd9ec5000 r--s 00001000 08:01 11296412                   /home/hangalo/devtools/gradle-5.4-all/gradle-5.4/lib/native-platform-linux-i386-ncurses5-0.17.jar
7f1cd9ec5000-7f1cd9ed2000 r--s 00067000 08:01 11296360                   /home/hangalo/devtools/gradle-5.4-all/gradle-5.4/lib/gradle-base-services-5.4.jar
7f1cd9ed2000-7f1cd9edf000 r--s 0006d000 08:01 11296337                   /home/hangalo/devtools/gradle-5.4-all/gradle-5.4/lib/gradle-launcher-5.4.jar
7f1cd9edf000-7f1cd9f46000 rw-p 00000000 00:00 0 
7f1cd9f46000-7f1cd9f60000 r-xp 00000000 07:01 3421                       /snap/android-studio/76/android-studio/jre/jre/lib/amd64/libzip.so
7f1cd9f60000-7f1cd9f61000 rw-p 00019000 07:01 3421                       /snap/android-studio/76/android-studio/jre/jre/lib/amd64/libzip.so
7f1cd9f61000-7f1cd9f8c000 r-xp 00000000 07:01 3400                       /snap/android-studio/76/android-studio/jre/jre/lib/amd64/libjava.so
7f1cd9f8c000-7f1cd9f8e000 rw-p 0002b000 07:01 3400                       /snap/android-studio/76/android-studio/jre/jre/lib/amd64/libjava.so
7f1cd9f8e000-7f1cd9f8f000 ---p 00000000 00:00 0 
7f1cd9f8f000-7f1cd9f92000 ---p 00000000 00:00 0 
7f1cd9f92000-7f1cda091000 rw-p 00000000 00:00 0 
7f1cda091000-7f1cda0a6000 r-xp 00000000 07:01 3510                       /snap/android-studio/76/android-studio/jre/lib/amd64/jli/libjli.so
7f1cda0a6000-7f1cda0a7000 rw-p 00015000 07:01 3510                       /snap/android-studio/76/android-studio/jre/lib/amd64/jli/libjli.so
7f1cda0a7000-7f1cda0a9000 rw-p 00000000 00:00 0 
7f1cda0a9000-7f1cda0aa000 r--s 00001000 08:01 11296413                   /home/hangalo/devtools/gradle-5.4-all/gradle-5.4/lib/native-platform-linux-i386-ncurses6-0.17.jar
7f1cda0aa000-7f1cda0ab000 r--s 00004000 08:01 11296395                   /home/hangalo/devtools/gradle-5.4-all/gradle-5.4/lib/ant-launcher-1.9.13.jar
7f1cda0ab000-7f1cda0b3000 rw-s 00000000 08:01 9978754                    /tmp/hsperfdata_hangalo/4821
7f1cda0b3000-7f1cda0b4000 rw-p 00000000 00:00 0 
7f1cda0b4000-7f1cda0b5000 ---p 00000000 00:00 0 
7f1cda0b5000-7f1cda0c2000 r-xp 00000000 07:01 3420                       /snap/android-studio/76/android-studio/jre/jre/lib/amd64/libverify.so
7f1cda0c2000-7f1cda0c4000 rw-p 0000c000 07:01 3420                       /snap/android-studio/76/android-studio/jre/jre/lib/amd64/libverify.so
7f1cda0c4000-7f1cda0c5000 r--p 00027000 08:01 1708698                    /lib/x86_64-linux-gnu/ld-2.27.so
7f1cda0c5000-7f1cda0c6000 rw-p 00028000 08:01 1708698                    /lib/x86_64-linux-gnu/ld-2.27.so
7f1cda0c6000-7f1cda0c7000 rw-p 00000000 00:00 0 
7ffe7f553000-7ffe7f574000 rw-p 00000000 00:00 0                          [stack]
7ffe7f5e5000-7ffe7f5e8000 r--p 00000000 00:00 0                          [vvar]
7ffe7f5e8000-7ffe7f5ea000 r-xp 00000000 00:00 0                          [vdso]
ffffffffff600000-ffffffffff601000 r-xp 00000000 00:00 0                  [vsyscall]

VM Arguments:
jvm_args: -Xmx1536m -Dfile.encoding=UTF-8 -Duser.country=US -Duser.language=en -Duser.variant 
java_command: org.gradle.launcher.daemon.bootstrap.GradleDaemon 5.4
java_class_path (initial): /home/hangalo/devtools/gradle-5.4-all/gradle-5.4/lib/gradle-launcher-5.4.jar
Launcher Type: SUN_STANDARD

Environment Variables:
JAVA_HOME=/usr/lib/jvm/java-8-oracle
JRE_HOME=/usr/lib/jvm/java-8-oracle/jre
PATH=/usr/local/sbin:/usr/local/bin:/usr/sbin:/usr/bin:/sbin:/bin:/usr/games:/usr/local/games:/snap/bin:/usr/lib/jvm/java-8-oracle/bin:/usr/lib/jvm/java-8-oracle/db/bin:/usr/lib/jvm/java-8-oracle/jre/bin:/usr/local/rvm/bin
USERNAME=hangalo
SHELL=/bin/bash
DISPLAY=:0

Signal Handlers:
SIGSEGV: [libjvm.so+0xa00760], sa_mask[0]=11111111011111111101111111111110, sa_flags=SA_RESTART|SA_SIGINFO
SIGBUS: [libjvm.so+0xa00760], sa_mask[0]=11111111011111111101111111111110, sa_flags=SA_RESTART|SA_SIGINFO
SIGFPE: [libjvm.so+0x863090], sa_mask[0]=11111111011111111101111111111110, sa_flags=SA_RESTART|SA_SIGINFO
SIGPIPE: [libjvm.so+0x863090], sa_mask[0]=11111111011111111101111111111110, sa_flags=SA_RESTART|SA_SIGINFO
SIGXFSZ: [libjvm.so+0x863090], sa_mask[0]=11111111011111111101111111111110, sa_flags=SA_RESTART|SA_SIGINFO
SIGILL: [libjvm.so+0x863090], sa_mask[0]=11111111011111111101111111111110, sa_flags=SA_RESTART|SA_SIGINFO
SIGUSR1: SIG_DFL, sa_mask[0]=00000000000000000000000000000000, sa_flags=none
SIGUSR2: [libjvm.so+0x862f60], sa_mask[0]=00100000000000000000000000000000, sa_flags=SA_RESTART|SA_SIGINFO
SIGHUP: [libjvm.so+0x863150], sa_mask[0]=11111111011111111101111111111110, sa_flags=SA_RESTART|SA_SIGINFO
SIGINT: [libjvm.so+0x863150], sa_mask[0]=11111111011111111101111111111110, sa_flags=SA_RESTART|SA_SIGINFO
SIGTERM: [libjvm.so+0x863150], sa_mask[0]=11111111011111111101111111111110, sa_flags=SA_RESTART|SA_SIGINFO
SIGQUIT: [libjvm.so+0x863150], sa_mask[0]=11111111011111111101111111111110, sa_flags=SA_RESTART|SA_SIGINFO


---------------  S Y S T E M  ---------------

OS:DISTRIB_ID=Ubuntu
DISTRIB_RELEASE=18.04
DISTRIB_CODENAME=bionic
DISTRIB_DESCRIPTION="Ubuntu 18.04.1 LTS"

uname:Linux 4.15.0-51-generic #55-Ubuntu SMP Wed May 15 14:27:21 UTC 2019 x86_64
libc:glibc 2.27 NPTL 2.27 
rlimit: STACK 8192k, CORE 0k, NPROC 15273, NOFILE 1048576, AS infinity
load average:34,13 25,51 11,93

/proc/meminfo:
MemTotal:        3971616 kB
MemFree:          107156 kB
MemAvailable:      24988 kB
Buffers:            2500 kB
Cached:           240992 kB
SwapCached:         2200 kB
Active:          2988208 kB
Inactive:         616192 kB
Active(anon):    2975820 kB
Inactive(anon):   594744 kB
Active(file):      12388 kB
Inactive(file):    21448 kB
Unevictable:          40 kB
Mlocked:              40 kB
SwapTotal:       2097148 kB
SwapFree:             12 kB
Dirty:               156 kB
Writeback:             0 kB
AnonPages:       3359028 kB
Mapped:            38564 kB
Shmem:            209404 kB
Slab:             105456 kB
SReclaimable:      44124 kB
SUnreclaim:        61332 kB
KernelStack:       18048 kB
PageTables:        65808 kB
NFS_Unstable:          0 kB
Bounce:                0 kB
WritebackTmp:          0 kB
CommitLimit:     4082956 kB
Committed_AS:   10960636 kB
VmallocTotal:   34359738367 kB
VmallocUsed:           0 kB
VmallocChunk:          0 kB
HardwareCorrupted:     0 kB
AnonHugePages:         0 kB
ShmemHugePages:        0 kB
ShmemPmdMapped:        0 kB
CmaTotal:              0 kB
CmaFree:               0 kB
HugePages_Total:       0
HugePages_Free:        0
HugePages_Rsvd:        0
HugePages_Surp:        0
Hugepagesize:       2048 kB
DirectMap4k:      211708 kB
DirectMap2M:     3915776 kB


CPU:total 4 (initial active 4) (2 cores per cpu, 2 threads per core) family 6 model 42 stepping 7, cmov, cx8, fxsr, mmx, sse, sse2, sse3, ssse3, sse4.1, sse4.2, popcnt, avx, aes, clmul, ht, tsc, tscinvbit

/proc/cpuinfo:
processor	: 0
vendor_id	: GenuineIntel
cpu family	: 6
model		: 42
model name	: Intel(R) Core(TM) i5-2410M CPU @ 2.30GHz
stepping	: 7
microcode	: 0x2f
cpu MHz		: 1030.395
cache size	: 3072 KB
physical id	: 0
siblings	: 4
core id		: 0
cpu cores	: 2
apicid		: 0
initial apicid	: 0
fpu		: yes
fpu_exception	: yes
cpuid level	: 13
wp		: yes
flags		: fpu vme de pse tsc msr pae mce cx8 apic sep mtrr pge mca cmov pat pse36 clflush dts acpi mmx fxsr sse sse2 ss ht tm pbe syscall nx rdtscp lm constant_tsc arch_perfmon pebs bts rep_good nopl xtopology nonstop_tsc cpuid aperfmperf pni pclmulqdq dtes64 monitor ds_cpl vmx est tm2 ssse3 cx16 xtpr pdcm pcid sse4_1 sse4_2 x2apic popcnt tsc_deadline_timer aes xsave avx lahf_lm epb pti ssbd ibrs ibpb stibp tpr_shadow vnmi flexpriority ept vpid xsaveopt dtherm ida arat pln pts md_clear flush_l1d
bugs		: cpu_meltdown spectre_v1 spectre_v2 spec_store_bypass l1tf mds
bogomips	: 4589.62
clflush size	: 64
cache_alignment	: 64
address sizes	: 36 bits physical, 48 bits virtual
power management:

processor	: 1
vendor_id	: GenuineIntel
cpu family	: 6
model		: 42
model name	: Intel(R) Core(TM) i5-2410M CPU @ 2.30GHz
stepping	: 7
microcode	: 0x2f
cpu MHz		: 956.635
cache size	: 3072 KB
physical id	: 0
siblings	: 4
core id		: 0
cpu cores	: 2
apicid		: 1
initial apicid	: 1
fpu		: yes
fpu_exception	: yes
cpuid level	: 13
wp		: yes
flags		: fpu vme de pse tsc msr pae mce cx8 apic sep mtrr pge mca cmov pat pse36 clflush dts acpi mmx fxsr sse sse2 ss ht tm pbe syscall nx rdtscp lm constant_tsc arch_perfmon pebs bts rep_good nopl xtopology nonstop_tsc cpuid aperfmperf pni pclmulqdq dtes64 monitor ds_cpl vmx est tm2 ssse3 cx16 xtpr pdcm pcid sse4_1 sse4_2 x2apic popcnt tsc_deadline_timer aes xsave avx lahf_lm epb pti ssbd ibrs ibpb stibp tpr_shadow vnmi flexpriority ept vpid xsaveopt dtherm ida arat pln pts md_clear flush_l1d
bugs		: cpu_meltdown spectre_v1 spectre_v2 spec_store_bypass l1tf mds
bogomips	: 4589.62
clflush size	: 64
cache_alignment	: 64
address sizes	: 36 bits physical, 48 bits virtual
power management:

processor	: 2
vendor_id	: GenuineIntel
cpu family	: 6
model		: 42
model name	: Intel(R) Core(TM) i5-2410M CPU @ 2.30GHz
stepping	: 7
microcode	: 0x2f
cpu MHz		: 1323.086
cache size	: 3072 KB
physical id	: 0
siblings	: 4
core id		: 1
cpu cores	: 2
apicid		: 2
initial apicid	: 2
fpu		: yes
fpu_exception	: yes
cpuid level	: 13
wp		: yes
flags		: fpu vme de pse tsc msr pae mce cx8 apic sep mtrr pge mca cmov pat pse36 clflush dts acpi mmx fxsr sse sse2 ss ht tm pbe syscall nx rdtscp lm constant_tsc arch_perfmon pebs bts rep_good nopl xtopology nonstop_tsc cpuid aperfmperf pni pclmulqdq dtes64 monitor ds_cpl vmx est tm2 ssse3 cx16 xtpr pdcm pcid sse4_1 sse4_2 x2apic popcnt tsc_deadline_timer aes xsave avx lahf_lm epb pti ssbd ibrs ibpb stibp tpr_shadow vnmi flexpriority ept vpid xsaveopt dtherm ida arat pln pts md_clear flush_l1d
bugs		: cpu_meltdown spectre_v1 spectre_v2 spec_store_bypass l1tf mds
bogomips	: 4589.62
clflush size	: 64
cache_alignment	: 64
address sizes	: 36 bits physical, 48 bits virtual
power management:

processor	: 3
vendor_id	: GenuineIntel
cpu family	: 6
model		: 42
model name	: Intel(R) Core(TM) i5-2410M CPU @ 2.30GHz
stepping	: 7
microcode	: 0x2f
cpu MHz		: 1064.770
cache size	: 3072 KB
physical id	: 0
siblings	: 4
core id		: 1
cpu cores	: 2
apicid		: 3
initial apicid	: 3
fpu		: yes
fpu_exception	: yes
cpuid level	: 13
wp		: yes
flags		: fpu vme de pse tsc msr pae mce cx8 apic sep mtrr pge mca cmov pat pse36 clflush dts acpi mmx fxsr sse sse2 ss ht tm pbe syscall nx rdtscp lm constant_tsc arch_perfmon pebs bts rep_good nopl xtopology nonstop_tsc cpuid aperfmperf pni pclmulqdq dtes64 monitor ds_cpl vmx est tm2 ssse3 cx16 xtpr pdcm pcid sse4_1 sse4_2 x2apic popcnt tsc_deadline_timer aes xsave avx lahf_lm epb pti ssbd ibrs ibpb stibp tpr_shadow vnmi flexpriority ept vpid xsaveopt dtherm ida arat pln pts md_clear flush_l1d
bugs		: cpu_meltdown spectre_v1 spectre_v2 spec_store_bypass l1tf mds
bogomips	: 4589.62
clflush size	: 64
cache_alignment	: 64
address sizes	: 36 bits physical, 48 bits virtual
power management:



Memory: 4k page, physical 3971616k(107032k free), swap 2097148k(12k free)

vm_info: OpenJDK 64-Bit Server VM (25.152-b16-5323222) for linux-amd64 JRE (1.8.0_152-release-1343-b16-5323222), built by "android-build" with gcc 4.8

time: Mon Jun 24 17:35:16 2019
elapsed time: 322 seconds (0d 0h 5m 22s)

