#
# There is insufficient memory for the Java Runtime Environment to continue.
# Native memory allocation (mmap) failed to map 81788928 bytes for committing reserved memory.
# Possible reasons:
#   The system is out of physical RAM or swap space
#   In 32 bit mode, the process size limit was hit
# Possible solutions:
#   Reduce memory load on the system
#   Increase physical memory or swap space
#   Check if swap backing store is full
#   Use 64 bit Java on a 64 bit OS
#   Decrease Java heap size (-Xmx/-Xms)
#   Decrease number of Java threads
#   Decrease Java thread stack sizes (-Xss)
#   Set larger code cache with -XX:ReservedCodeCacheSize=
# This output file may be truncated or incomplete.
#
#  Out of Memory Error (os_linux.cpp:2640), pid=4656, tid=0x00007f6876e8f700
#
# JRE version: OpenJDK Runtime Environment (8.0_152) (build 1.8.0_152-release-1343-b16-5323222)
# Java VM: OpenJDK 64-Bit Server VM (25.152-b16-5323222 mixed mode linux-amd64 compressed oops)
# Failed to write core dump. Core dumps have been disabled. To enable core dumping, try "ulimit -c unlimited" before starting Java again
#

---------------  T H R E A D  ---------------

Current thread (0x00007f6890079000):  VMThread [stack: 0x00007f6876d90000,0x00007f6876e90000] [id=4666]

Stack: [0x00007f6876d90000,0x00007f6876e90000],  sp=0x00007f6876e8e4e0,  free space=1017k
Native frames: (J=compiled Java code, j=interpreted, Vv=VM code, C=native code)
V  [libjvm.so+0x9ffc88]  VMError::report_and_die()+0x148
V  [libjvm.so+0x4ce9aa]  report_vm_out_of_memory(char const*, int, unsigned long, VMErrorType, char const*)+0x8a
V  [libjvm.so+0x8673d8]  os::pd_commit_memory(char*, unsigned long, unsigned long, bool)+0xd8
V  [libjvm.so+0x86201f]  os::commit_memory(char*, unsigned long, unsigned long, bool)+0x1f
V  [libjvm.so+0x8d839b]  PSVirtualSpace::expand_by(unsigned long)+0x5b
V  [libjvm.so+0x8d8ff0]  PSYoungGen::resize_generation(unsigned long, unsigned long)+0xb0
V  [libjvm.so+0x8d930b]  PSYoungGen::resize(unsigned long, unsigned long)+0x1b
V  [libjvm.so+0x8d5a3e]  PSScavenge::invoke_no_policy()+0xdce
V  [libjvm.so+0x8d61f8]  PSScavenge::invoke()+0x38
V  [libjvm.so+0x88a7e3]  ParallelScavengeHeap::failed_mem_allocate(unsigned long)+0x63
V  [libjvm.so+0xa01754]  VM_ParallelGCFailedAllocation::doit()+0x84
V  [libjvm.so+0xa05bf7]  VM_Operation::evaluate()+0x47
V  [libjvm.so+0xa04658]  VMThread::evaluate_operation(VM_Operation*)+0x2c8
V  [libjvm.so+0xa04ab1]  VMThread::loop()+0x1f1
V  [libjvm.so+0xa04ee2]  VMThread::run()+0x72
V  [libjvm.so+0x864822]  java_start(Thread*)+0xf2

VM_Operation (0x00007f6874464920): ParallelGCFailedAllocation, mode: safepoint, requested by thread 0x00007f6834008000


---------------  P R O C E S S  ---------------

Java Threads: ( => current thread )
  0x00007f6820a45000 JavaThread "Cache worker for file hash cache (/home/hangalo/Docx Deu/fenix/AppsAndroid/wakonga/.gradle/5.4/fileHashes)" [_thread_blocked, id=4691, stack(0x00007f686c7fb000,0x00007f686c8fc000)]
  0x00007f6820130000 JavaThread "Cache worker for journal cache (/home/hangalo/.gradle /caches/journal-1)" [_thread_blocked, id=4690, stack(0x00007f686cafc000,0x00007f686cbfd000)]
  0x00007f682012c000 JavaThread "File lock request listener" [_thread_in_native, id=4688, stack(0x00007f686cbfd000,0x00007f686ccfe000)]
  0x00007f6820122000 JavaThread "Cache worker for file hash cache (/home/hangalo/.gradle /caches/5.4/fileHashes)" [_thread_blocked, id=4687, stack(0x00007f686ccfe000,0x00007f686cdff000)]
  0x00007f6820016000 JavaThread "Thread-9" [_thread_blocked, id=4686, stack(0x00007f6874067000,0x00007f6874168000)]
  0x00007f682000f000 JavaThread "Stdin handler" [_thread_blocked, id=4685, stack(0x00007f6874168000,0x00007f6874269000)]
  0x00007f682000d800 JavaThread "Asynchronous log dispatcher for DefaultDaemonConnection: socket connection from /127.0.0.1:44539 to /127.0.0.1:40460" [_thread_blocked, id=4684, stack(0x00007f6874269000,0x00007f687436a000)]
  0x00007f6834008000 JavaThread "Daemon worker" [_thread_blocked, id=4681, stack(0x00007f687436a000,0x00007f687446b000)]
  0x00007f6834006000 JavaThread "Cancel handler" [_thread_blocked, id=4680, stack(0x00007f687446b000,0x00007f687456c000)]
  0x00007f6834004000 JavaThread "Handler for socket connection from /127.0.0.1:44539 to /127.0.0.1:40460" [_thread_in_native, id=4679, stack(0x00007f687456c000,0x00007f687466d000)]
  0x00007f683c029800 JavaThread "Daemon" [_thread_blocked, id=4678, stack(0x00007f687466d000,0x00007f687476e000)]
  0x00007f6890f1f000 JavaThread "Daemon periodic checks" [_thread_blocked, id=4677, stack(0x00007f687476e000,0x00007f687486f000)]
  0x00007f6890efb000 JavaThread "Incoming local TCP Connector on port 44539" [_thread_in_native, id=4676, stack(0x00007f6874876000,0x00007f6874977000)]
  0x00007f6890e8b800 JavaThread "Daemon health stats" [_thread_blocked, id=4675, stack(0x00007f6874b7c000,0x00007f6874c7d000)]
  0x00007f68900c2800 JavaThread "Service Thread" daemon [_thread_blocked, id=4673, stack(0x00007f6875cb9000,0x00007f6875dba000)]
  0x00007f68900bf800 JavaThread "C1 CompilerThread2" daemon [_thread_blocked, id=4672, stack(0x00007f6875dbb000,0x00007f6875ebb000)]
  0x00007f68900be000 JavaThread "C2 CompilerThread1" daemon [_thread_blocked, id=4671, stack(0x00007f6875ebc000,0x00007f6875fbc000)]
  0x00007f68900bb000 JavaThread "C2 CompilerThread0" daemon [_thread_blocked, id=4670, stack(0x00007f6875fbd000,0x00007f68760bd000)]
  0x00007f68900b9800 JavaThread "Signal Dispatcher" daemon [_thread_blocked, id=4669, stack(0x00007f68760bd000,0x00007f68761be000)]
  0x00007f6890085000 JavaThread "Finalizer" daemon [_thread_blocked, id=4668, stack(0x00007f6876b8d000,0x00007f6876c8e000)]
  0x00007f6890080800 JavaThread "Reference Handler" daemon [_thread_blocked, id=4667, stack(0x00007f6876c8e000,0x00007f6876d8f000)]
  0x00007f689000b800 JavaThread "main" [_thread_blocked, id=4660, stack(0x00007f6895cfe000,0x00007f6895dfe000)]

Other Threads:
=>0x00007f6890079000 VMThread [stack: 0x00007f6876d90000,0x00007f6876e90000] [id=4666]
  0x00007f68900c5000 WatcherThread [stack: 0x00007f6875bb9000,0x00007f6875cb9000] [id=4674]

VM state:at safepoint (normal execution)

VM Mutex/Monitor currently owned by a thread:  ([mutex/lock_event])
[0x00007f6890007ba0] Threads_lock - owner thread: 0x00007f6890079000
[0x00007f68900080a0] Heap_lock - owner thread: 0x00007f6834008000

Heap:
 PSYoungGen      total 66048K, used 2528K [0x00000000e0000000, 0x00000000e4300000, 0x0000000100000000)
  eden space 63488K, 0% used [0x00000000e0000000,0x00000000e0000000,0x00000000e3e00000)
  from space 2560K, 98% used [0x00000000e3e00000,0x00000000e4078020,0x00000000e4080000)
  to   space 2560K, 0% used [0x00000000e4080000,0x00000000e4080000,0x00000000e4300000)
 ParOldGen       total 42496K, used 14353K [0x00000000a0000000, 0x00000000a2980000, 0x00000000e0000000)
  object space 42496K, 33% used [0x00000000a0000000,0x00000000a0e047f8,0x00000000a2980000)
 Metaspace       used 19707K, capacity 20182K, committed 20480K, reserved 1067008K
  class space    used 2860K, capacity 3028K, committed 3072K, reserved 1048576K

Card table byte_map: [0x00007f68800fd000,0x00007f68803fe000] byte_map_base: 0x00007f687fbfd000

Marking Bits: (ParMarkBitMap*) 0x00007f68953c8f00
 Begin Bits: [0x00007f687cbfa000, 0x00007f687e3fa000)
 End Bits:   [0x00007f687e3fa000, 0x00007f687fbfa000)

Polling page: 0x00007f6895e23000

CodeCache: size=245760Kb used=5632Kb max_used=5642Kb free=240127Kb
 bounds [0x00007f68807be000, 0x00007f6880d4e000, 0x00007f688f7be000]
 total_blobs=2083 nmethods=1680 adapters=317
 compilation: enabled

Compilation events (10 events):
Event: 8,197 Thread 0x00007f68900be000 nmethod 1681 0x00007f6880d3b710 code [0x00007f6880d3b960, 0x00007f6880d3c3c0]
Event: 8,197 Thread 0x00007f68900be000 1682       4       java.util.zip.ZipCoder::getBytes (192 bytes)
Event: 8,206 Thread 0x00007f68900be000 nmethod 1682 0x00007f6880d3cf50 code [0x00007f6880d3d100, 0x00007f6880d3d738]
Event: 8,210 Thread 0x00007f68900bb000 nmethod 1679 0x00007f6880d41150 code [0x00007f6880d41500, 0x00007f6880d432b0]
Event: 8,233 Thread 0x00007f68900bf800 1683       3       sun.net.util.URLUtil::urlNoFragString (114 bytes)
Event: 8,234 Thread 0x00007f68900bf800 nmethod 1683 0x00007f6880d37a10 code [0x00007f6880d37ca0, 0x00007f6880d39128]
Event: 8,235 Thread 0x00007f68900bf800 1684       3       java.lang.Integer::valueOf (32 bytes)
Event: 8,235 Thread 0x00007f68900bf800 nmethod 1684 0x00007f6880d37390 code [0x00007f6880d37520, 0x00007f6880d37870]
Event: 8,263 Thread 0x00007f68900be000 1685  s    4       sun.misc.URLClassPath::getNextLoader (88 bytes)
Event: 8,272 Thread 0x00007f68900bb000 1686  s!   4       sun.misc.URLClassPath::getLoader (243 bytes)

GC Heap History (9 events):
Event: 1,988 GC heap before
{Heap before GC invocations=1 (full 0):
 PSYoungGen      total 18432K, used 15872K [0x00000000e0000000, 0x00000000e1480000, 0x0000000100000000)
  eden space 15872K, 100% used [0x00000000e0000000,0x00000000e0f80000,0x00000000e0f80000)
  from space 2560K, 0% used [0x00000000e1200000,0x00000000e1200000,0x00000000e1480000)
  to   space 2560K, 0% used [0x00000000e0f80000,0x00000000e0f80000,0x00000000e1200000)
 ParOldGen       total 42496K, used 0K [0x00000000a0000000, 0x00000000a2980000, 0x00000000e0000000)
  object space 42496K, 0% used [0x00000000a0000000,0x00000000a0000000,0x00000000a2980000)
 Metaspace       used 5885K, capacity 6094K, committed 6272K, reserved 1056768K
  class space    used 725K, capacity 779K, committed 896K, reserved 1048576K
Event: 2,040 GC heap after
Heap after GC invocations=1 (full 0):
 PSYoungGen      total 18432K, used 2531K [0x00000000e0000000, 0x00000000e2400000, 0x0000000100000000)
  eden space 15872K, 0% used [0x00000000e0000000,0x00000000e0000000,0x00000000e0f80000)
  from space 2560K, 98% used [0x00000000e0f80000,0x00000000e11f8c28,0x00000000e1200000)
  to   space 2560K, 0% used [0x00000000e2180000,0x00000000e2180000,0x00000000e2400000)
 ParOldGen       total 42496K, used 256K [0x00000000a0000000, 0x00000000a2980000, 0x00000000e0000000)
  object space 42496K, 0% used [0x00000000a0000000,0x00000000a0040208,0x00000000a2980000)
 Metaspace       used 5885K, capacity 6094K, committed 6272K, reserved 1056768K
  class space    used 725K, capacity 779K, committed 896K, reserved 1048576K
}
Event: 2,278 GC heap before
{Heap before GC invocations=2 (full 0):
 PSYoungGen      total 18432K, used 18403K [0x00000000e0000000, 0x00000000e2400000, 0x0000000100000000)
  eden space 15872K, 100% used [0x00000000e0000000,0x00000000e0f80000,0x00000000e0f80000)
  from space 2560K, 98% used [0x00000000e0f80000,0x00000000e11f8c28,0x00000000e1200000)
  to   space 2560K, 0% used [0x00000000e2180000,0x00000000e2180000,0x00000000e2400000)
 ParOldGen       total 42496K, used 256K [0x00000000a0000000, 0x00000000a2980000, 0x00000000e0000000)
  object space 42496K, 0% used [0x00000000a0000000,0x00000000a0040208,0x00000000a2980000)
 Metaspace       used 6548K, capacity 6734K, committed 7040K, reserved 1056768K
  class space    used 802K, capacity 843K, committed 896K, reserved 1048576K
Event: 2,282 GC heap after
Heap after GC invocations=2 (full 0):
 PSYoungGen      total 34304K, used 2555K [0x00000000e0000000, 0x00000000e2400000, 0x0000000100000000)
  eden space 31744K, 0% used [0x00000000e0000000,0x00000000e0000000,0x00000000e1f00000)
  from space 2560K, 99% used [0x00000000e2180000,0x00000000e23feef8,0x00000000e2400000)
  to   space 2560K, 0% used [0x00000000e1f00000,0x00000000e1f00000,0x00000000e2180000)
 ParOldGen       total 42496K, used 365K [0x00000000a0000000, 0x00000000a2980000, 0x00000000e0000000)
  object space 42496K, 0% used [0x00000000a0000000,0x00000000a005b750,0x00000000a2980000)
 Metaspace       used 6548K, capacity 6734K, committed 7040K, reserved 1056768K
  class space    used 802K, capacity 843K, committed 896K, reserved 1048576K
}
Event: 3,397 GC heap before
{Heap before GC invocations=3 (full 0):
 PSYoungGen      total 34304K, used 34298K [0x00000000e0000000, 0x00000000e2400000, 0x0000000100000000)
  eden space 31744K, 99% used [0x00000000e0000000,0x00000000e1effa68,0x00000000e1f00000)
  from space 2560K, 99% used [0x00000000e2180000,0x00000000e23feef8,0x00000000e2400000)
  to   space 2560K, 0% used [0x00000000e1f00000,0x00000000e1f00000,0x00000000e2180000)
 ParOldGen       total 42496K, used 365K [0x00000000a0000000, 0x00000000a2980000, 0x00000000e0000000)
  object space 42496K, 0% used [0x00000000a0000000,0x00000000a005b750,0x00000000a2980000)
 Metaspace       used 10535K, capacity 10818K, committed 11008K, reserved 1058816K
  class space    used 1407K, capacity 1517K, committed 1536K, reserved 1048576K
Event: 3,405 GC heap after
Heap after GC invocations=3 (full 0):
 PSYoungGen      total 34304K, used 2528K [0x00000000e0000000, 0x00000000e4300000, 0x0000000100000000)
  eden space 31744K, 0% used [0x00000000e0000000,0x00000000e0000000,0x00000000e1f00000)
  from space 2560K, 98% used [0x00000000e1f00000,0x00000000e2178020,0x00000000e2180000)
  to   space 2560K, 0% used [0x00000000e4080000,0x00000000e4080000,0x00000000e4300000)
 ParOldGen       total 42496K, used 3225K [0x00000000a0000000, 0x00000000a2980000, 0x00000000e0000000)
  object space 42496K, 7% used [0x00000000a0000000,0x00000000a0326440,0x00000000a2980000)
 Metaspace       used 10535K, capacity 10818K, committed 11008K, reserved 1058816K
  class space    used 1407K, capacity 1517K, committed 1536K, reserved 1048576K
}
Event: 4,257 GC heap before
{Heap before GC invocations=4 (full 0):
 PSYoungGen      total 34304K, used 34272K [0x00000000e0000000, 0x00000000e4300000, 0x0000000100000000)
  eden space 31744K, 100% used [0x00000000e0000000,0x00000000e1f00000,0x00000000e1f00000)
  from space 2560K, 98% used [0x00000000e1f00000,0x00000000e2178020,0x00000000e2180000)
  to   space 2560K, 0% used [0x00000000e4080000,0x00000000e4080000,0x00000000e4300000)
 ParOldGen       total 42496K, used 3225K [0x00000000a0000000, 0x00000000a2980000, 0x00000000e0000000)
  object space 42496K, 7% used [0x00000000a0000000,0x00000000a0326440,0x00000000a2980000)
 Metaspace       used 13855K, capacity 14240K, committed 14464K, reserved 1060864K
  class space    used 1940K, capacity 2062K, committed 2176K, reserved 1048576K
Event: 4,269 GC heap after
Heap after GC invocations=4 (full 0):
 PSYoungGen      total 66048K, used 2528K [0x00000000e0000000, 0x00000000e4300000, 0x0000000100000000)
  eden space 63488K, 0% used [0x00000000e0000000,0x00000000e0000000,0x00000000e3e00000)
  from space 2560K, 98% used [0x00000000e4080000,0x00000000e42f8010,0x00000000e4300000)
  to   space 2560K, 0% used [0x00000000e3e00000,0x00000000e3e00000,0x00000000e4080000)
 ParOldGen       total 42496K, used 7005K [0x00000000a0000000, 0x00000000a2980000, 0x00000000e0000000)
  object space 42496K, 16% used [0x00000000a0000000,0x00000000a06d7480,0x00000000a2980000)
 Metaspace       used 13855K, capacity 14240K, committed 14464K, reserved 1060864K
  class space    used 1940K, capacity 2062K, committed 2176K, reserved 1048576K
}
Event: 8,307 GC heap before
{Heap before GC invocations=5 (full 0):
 PSYoungGen      total 66048K, used 66016K [0x00000000e0000000, 0x00000000e4300000, 0x0000000100000000)
  eden space 63488K, 100% used [0x00000000e0000000,0x00000000e3e00000,0x00000000e3e00000)
  from space 2560K, 98% used [0x00000000e4080000,0x00000000e42f8010,0x00000000e4300000)
  to   space 2560K, 0% used [0x00000000e3e00000,0x00000000e3e00000,0x00000000e4080000)
 ParOldGen       total 42496K, used 7005K [0x00000000a0000000, 0x00000000a2980000, 0x00000000e0000000)
  object space 42496K, 16% used [0x00000000a0000000,0x00000000a06d7480,0x00000000a2980000)
 Metaspace       used 19707K, capacity 20182K, committed 20480K, reserved 1067008K
  class space    used 2860K, capacity 3028K, committed 3072K, reserved 1048576K

Deoptimization events (10 events):
Event: 5,894 Thread 0x00007f6834008000 Uncommon trap: reason=bimorphic action=maybe_recompile pc=0x00007f6880be642c method=java.lang.ClassLoader.loadClass(Ljava/lang/String;Z)Ljava/lang/Class; @ 38
Event: 5,897 Thread 0x00007f6834008000 Uncommon trap: reason=bimorphic action=maybe_recompile pc=0x00007f6880be642c method=java.lang.ClassLoader.loadClass(Ljava/lang/String;Z)Ljava/lang/Class; @ 38
Event: 5,898 Thread 0x00007f6834008000 Uncommon trap: reason=bimorphic action=maybe_recompile pc=0x00007f6880be642c method=java.lang.ClassLoader.loadClass(Ljava/lang/String;Z)Ljava/lang/Class; @ 38
Event: 5,901 Thread 0x00007f6834008000 Uncommon trap: reason=unstable_if action=reinterpret pc=0x00007f6880c5d8b4 method=java.net.URLClassLoader.getAndVerifyPackage(Ljava/lang/String;Ljava/util/jar/Manifest;Ljava/net/URL;)Ljava/lang/Package; @ 62
Event: 5,903 Thread 0x00007f6834008000 Uncommon trap: reason=bimorphic action=maybe_recompile pc=0x00007f6880cb8aa0 method=java.lang.ClassLoader.getPackage(Ljava/lang/String;)Ljava/lang/Package; @ 47
Event: 5,904 Thread 0x00007f6834008000 Uncommon trap: reason=unstable_if action=reinterpret pc=0x00007f6880cb8524 method=java.net.URLClassLoader.getAndVerifyPackage(Ljava/lang/String;Ljava/util/jar/Manifest;Ljava/net/URL;)Ljava/lang/Package; @ 62
Event: 8,121 Thread 0x00007f6834008000 Uncommon trap: reason=unstable_if action=reinterpret pc=0x00007f6880a8139c method=java.io.UnixFileSystem.normalize(Ljava/lang/String;)Ljava/lang/String; @ 60
Event: 8,122 Thread 0x00007f6834008000 Uncommon trap: reason=class_check action=maybe_recompile pc=0x00007f6880994e98 method=sun.misc.URLClassPath.getLoader(I)Lsun/misc/URLClassPath$Loader; @ 94
Event: 8,126 Thread 0x00007f6834008000 Uncommon trap: reason=class_check action=maybe_recompile pc=0x00007f6880abe56c method=sun.misc.URLClassPath.getResource(Ljava/lang/String;Z)Lsun/misc/Resource; @ 62
Event: 8,128 Thread 0x00007f6834008000 Uncommon trap: reason=unstable_if action=reinterpret pc=0x00007f6880cf8f64 method=java.lang.ClassLoader.getClassLoadingLock(Ljava/lang/String;)Ljava/lang/Object; @ 6

Classes redefined (0 events):
No events

Internal exceptions (10 events):
Event: 5,910 Thread 0x00007f6834008000 Exception <a 'java/lang/NoSuchMethodError': <clinit>> (0x00000000e3087180) thrown at [/buildbot/src/googleplex-android/openjdk/out/hotspot/src/share/vm/prims/jni.cpp, line 1613]
Event: 5,942 Thread 0x00007f6834008000 Exception <a 'java/lang/NoSuchMethodError': <clinit>> (0x00000000e30b61f8) thrown at [/buildbot/src/googleplex-android/openjdk/out/hotspot/src/share/vm/prims/jni.cpp, line 1613]
Event: 5,956 Thread 0x00007f6834008000 Exception <a 'java/lang/NoSuchMethodError': <clinit>> (0x00000000e31075a0) thrown at [/buildbot/src/googleplex-android/openjdk/out/hotspot/src/share/vm/prims/jni.cpp, line 1613]
Event: 5,958 Thread 0x00007f6834008000 Exception <a 'java/lang/NoSuchMethodError': <clinit>> (0x00000000e3118618) thrown at [/buildbot/src/googleplex-android/openjdk/out/hotspot/src/share/vm/prims/jni.cpp, line 1613]
Event: 5,959 Thread 0x00007f6834008000 Exception <a 'java/lang/NoSuchMethodError': <clinit>> (0x00000000e31258a8) thrown at [/buildbot/src/googleplex-android/openjdk/out/hotspot/src/share/vm/prims/jni.cpp, line 1613]
Event: 5,971 Thread 0x00007f6834008000 Exception <a 'java/lang/NoSuchMethodError': <clinit>> (0x00000000e31f6678) thrown at [/buildbot/src/googleplex-android/openjdk/out/hotspot/src/share/vm/prims/jni.cpp, line 1613]
Event: 5,972 Thread 0x00007f6834008000 Exception <a 'java/lang/NoSuchMethodError': <clinit>> (0x00000000e31fa7a8) thrown at [/buildbot/src/googleplex-android/openjdk/out/hotspot/src/share/vm/prims/jni.cpp, line 1613]
Event: 5,972 Thread 0x00007f6834008000 Exception <a 'java/lang/NoSuchMethodError': <clinit>> (0x00000000e31fc498) thrown at [/buildbot/src/googleplex-android/openjdk/out/hotspot/src/share/vm/prims/jni.cpp, line 1613]
Event: 5,972 Thread 0x00007f6834008000 Exception <a 'java/lang/NoSuchMethodError': <clinit>> (0x00000000e31fdc68) thrown at [/buildbot/src/googleplex-android/openjdk/out/hotspot/src/share/vm/prims/jni.cpp, line 1613]
Event: 5,972 Thread 0x00007f6834008000 Exception <a 'java/lang/NoSuchMethodError': <clinit>> (0x00000000e31ff2e8) thrown at [/buildbot/src/googleplex-android/openjdk/out/hotspot/src/share/vm/prims/jni.cpp, line 1613]

Events (10 events):
Event: 8,263 loading class groovy/lang/Writable done
Event: 8,264 loading class java/lang/Process
Event: 8,271 loading class java/lang/Process done
Event: 8,271 loading class groovy/io/FileType
Event: 8,271 loading class groovy/io/FileType done
Event: 8,272 loading class groovy/lang/GString
Event: 8,272 loading class groovy/lang/GString done
Event: 8,273 loading class groovy/lang/Buildable
Event: 8,273 loading class groovy/lang/Buildable done
Event: 8,282 Executing VM operation: ParallelGCFailedAllocation


Dynamic libraries:
00400000-00401000 r-xp 00000000 07:01 3321                               /snap/android-studio/76/android-studio/jre/bin/java
00401000-00402000 rw-p 00000000 07:01 3321                               /snap/android-studio/76/android-studio/jre/bin/java
0057a000-0059b000 rw-p 00000000 00:00 0                                  [heap]
a0000000-a2980000 rw-p 00000000 00:00 0 
a2980000-e0000000 ---p 00000000 00:00 0 
e0000000-e4300000 rw-p 00000000 00:00 0 
e9100000-100000000 ---p 00000000 00:00 0 
100000000-100300000 rw-p 00000000 00:00 0 
100300000-140000000 ---p 00000000 00:00 0 
7f6807e00000-7f6807f00000 rw-p 00000000 00:00 0 
7f6807f00000-7f6808000000 ---p 00000000 00:00 0 
7f6808000000-7f6808021000 rw-p 00000000 00:00 0 
7f6808021000-7f680c000000 ---p 00000000 00:00 0 
7f680c000000-7f680c021000 rw-p 00000000 00:00 0 
7f680c021000-7f6810000000 ---p 00000000 00:00 0 
7f6810000000-7f6810021000 rw-p 00000000 00:00 0 
7f6810021000-7f6814000000 ---p 00000000 00:00 0 
7f6814000000-7f6814021000 rw-p 00000000 00:00 0 
7f6814021000-7f6818000000 ---p 00000000 00:00 0 
7f6818000000-7f6818021000 rw-p 00000000 00:00 0 
7f6818021000-7f681c000000 ---p 00000000 00:00 0 
7f681c000000-7f681c021000 rw-p 00000000 00:00 0 
7f681c021000-7f6820000000 ---p 00000000 00:00 0 
7f6820000000-7f6820c65000 rw-p 00000000 00:00 0 
7f6820c65000-7f6824000000 ---p 00000000 00:00 0 
7f6824000000-7f68243e9000 rw-p 00000000 00:00 0 
7f68243e9000-7f6828000000 ---p 00000000 00:00 0 
7f6828000000-7f682802a000 rw-p 00000000 00:00 0 
7f682802a000-7f682c000000 ---p 00000000 00:00 0 
7f682c000000-7f682c021000 rw-p 00000000 00:00 0 
7f682c021000-7f6830000000 ---p 00000000 00:00 0 
7f6830000000-7f6830021000 rw-p 00000000 00:00 0 
7f6830021000-7f6834000000 ---p 00000000 00:00 0 
7f6834000000-7f6834021000 rw-p 00000000 00:00 0 
7f6834021000-7f6838000000 ---p 00000000 00:00 0 
7f6838000000-7f6838021000 rw-p 00000000 00:00 0 
7f6838021000-7f683c000000 ---p 00000000 00:00 0 
7f683c000000-7f683c066000 rw-p 00000000 00:00 0 
7f683c066000-7f6840000000 ---p 00000000 00:00 0 
7f6840000000-7f6840021000 rw-p 00000000 00:00 0 
7f6840021000-7f6844000000 ---p 00000000 00:00 0 
7f6844000000-7f6844021000 rw-p 00000000 00:00 0 
7f6844021000-7f6848000000 ---p 00000000 00:00 0 
7f6848000000-7f6849a90000 rw-p 00000000 00:00 0 
7f6849a90000-7f684c000000 ---p 00000000 00:00 0 
7f684c000000-7f684c47b000 rw-p 00000000 00:00 0 
7f684c47b000-7f6850000000 ---p 00000000 00:00 0 
7f6850000000-7f6850021000 rw-p 00000000 00:00 0 
7f6850021000-7f6854000000 ---p 00000000 00:00 0 
7f6854000000-7f6855436000 rw-p 00000000 00:00 0 
7f6855436000-7f6858000000 ---p 00000000 00:00 0 
7f6858000000-7f6858021000 rw-p 00000000 00:00 0 
7f6858021000-7f685c000000 ---p 00000000 00:00 0 
7f685c000000-7f685c021000 rw-p 00000000 00:00 0 
7f685c021000-7f6860000000 ---p 00000000 00:00 0 
7f6860000000-7f6860021000 rw-p 00000000 00:00 0 
7f6860021000-7f6864000000 ---p 00000000 00:00 0 
7f6864000000-7f68642bf000 rw-p 00000000 00:00 0 
7f68642bf000-7f6868000000 ---p 00000000 00:00 0 
7f6868000000-7f6868021000 rw-p 00000000 00:00 0 
7f6868021000-7f686c000000 ---p 00000000 00:00 0 
7f686c008000-7f686c1b4000 r--s 02ff1000 08:01 10625311                   /home/hangalo/.gradle /caches/jars-3/ae5f7430858c47face138456b17cb646/android.jar
7f686c1b4000-7f686c426000 r--s 01914000 08:01 10625310                   /home/hangalo/.gradle /caches/jars-3/82369510698072463efbe6adcbe28b53/gradle-api-impldep-4.10.jar
7f686c426000-7f686c581000 r--s 00bad000 08:01 10625308                   /home/hangalo/.gradle /caches/jars-3/9f8c68e9e5f76d63aea917149b6bc9a0/gradle-api-4.10.jar
7f686c581000-7f686c5fb000 r--s 010fd000 07:01 3519                       /snap/android-studio/76/android-studio/jre/lib/tools.jar
7f686c5fb000-7f686c7fb000 rw-p 00000000 00:00 0 
7f686c7fb000-7f686c7fe000 ---p 00000000 00:00 0 
7f686c7fe000-7f686cafc000 rw-p 00000000 00:00 0 
7f686cafc000-7f686caff000 ---p 00000000 00:00 0 
7f686caff000-7f686cbfd000 rw-p 00000000 00:00 0 
7f686cbfd000-7f686cc00000 ---p 00000000 00:00 0 
7f686cc00000-7f686ccfe000 rw-p 00000000 00:00 0 
7f686ccfe000-7f686cd01000 ---p 00000000 00:00 0 
7f686cd01000-7f686cfff000 rw-p 00000000 00:00 0 
7f686cfff000-7f6870000000 rw-p 00000000 00:00 0 
7f6870000000-7f6870021000 rw-p 00000000 00:00 0 
7f6870021000-7f6874000000 ---p 00000000 00:00 0 
7f6874009000-7f687400a000 r--s 00000000 08:01 10625316                   /home/hangalo/.gradle /caches/jars-3/497c99dc43ce8fece95d0e589f2459bd/gradle-appengine-builder-model-0.1.0.jar
7f687400a000-7f687400b000 r--s 00002000 08:01 10625315                   /home/hangalo/.gradle /caches/jars-3/53bc20af5a23d7a7034d5aad4c49c4c9/kotlin-gradle-plugin-model-1.3.0.jar
7f687400b000-7f687403d000 r--s 0026a000 08:01 10625314                   /home/hangalo/.gradle /caches/jars-3/1292525a786f20744e75964100cf9267/guava-25.1-jre.jar
7f687403d000-7f687403f000 r--s 0000d000 08:01 10625313                   /home/hangalo/.gradle /caches/jars-3/ac835b4a07e5679adf3801c121e67674/gradle-tooling-extension-api.jar
7f687403f000-7f6874067000 r--s 006f7000 08:01 10625312                   /home/hangalo/.gradle /caches/jars-3/627b9b84e15ca0d34161ad9f06b2dc71/sdk-tools.jar
7f6874067000-7f687406a000 ---p 00000000 00:00 0 
7f687406a000-7f6874168000 rw-p 00000000 00:00 0 
7f6874168000-7f687416b000 ---p 00000000 00:00 0 
7f687416b000-7f6874269000 rw-p 00000000 00:00 0 
7f6874269000-7f687426c000 ---p 00000000 00:00 0 
7f687426c000-7f687436a000 rw-p 00000000 00:00 0 
7f687436a000-7f687436d000 ---p 00000000 00:00 0 
7f687436d000-7f687446b000 rw-p 00000000 00:00 0 
7f687446b000-7f687446e000 ---p 00000000 00:00 0 
7f687446e000-7f687456c000 rw-p 00000000 00:00 0 
7f687456c000-7f687456f000 ---p 00000000 00:00 0 
7f687456f000-7f687466d000 rw-p 00000000 00:00 0 
7f687466d000-7f6874670000 ---p 00000000 00:00 0 
7f6874670000-7f687476e000 rw-p 00000000 00:00 0 
7f687476e000-7f6874771000 ---p 00000000 00:00 0 
7f6874771000-7f687486f000 rw-p 00000000 00:00 0 
7f687486f000-7f6874876000 r--s 00000000 08:01 12847882                   /usr/lib/x86_64-linux-gnu/gconv/gconv-modules.cache
7f6874876000-7f6874879000 ---p 00000000 00:00 0 
7f6874879000-7f6874977000 rw-p 00000000 00:00 0 
7f6874977000-7f687497c000 r--s 0009a000 07:01 3478                       /snap/android-studio/76/android-studio/jre/jre/lib/jsse.jar
7f687497c000-7f6874b7c000 rw-p 00000000 00:00 0 
7f6874b7c000-7f6874b7f000 ---p 00000000 00:00 0 
7f6874b7f000-7f6874c7d000 rw-p 00000000 00:00 0 
7f6874c7d000-7f6874c85000 r-xp 00000000 07:01 3410                       /snap/android-studio/76/android-studio/jre/jre/lib/amd64/libmanagement.so
7f6874c85000-7f6874c86000 rw-p 00007000 07:01 3410                       /snap/android-studio/76/android-studio/jre/jre/lib/amd64/libmanagement.so
7f6874c86000-7f6874c88000 r--s 0000f000 08:01 11296440                   /home/hangalo/devtools/gradle-5.4-all/gradle-5.4/lib/plugins/gradle-tooling-api-builders-5.4.jar
7f6874c88000-7f6874c89000 r--s 00005000 08:01 11296461                   /home/hangalo/devtools/gradle-5.4-all/gradle-5.4/lib/plugins/gradle-build-profile-5.4.jar
7f6874c89000-7f6874c8b000 r--s 00003000 08:01 11296420                   /home/hangalo/devtools/gradle-5.4-all/gradle-5.4/lib/plugins/gradle-tooling-native-5.4.jar
7f6874c8b000-7f6874c8f000 r--s 00017000 08:01 11296422                   /home/hangalo/devtools/gradle-5.4-all/gradle-5.4/lib/plugins/gradle-testing-native-5.4.jar
7f6874c8f000-7f6874c91000 r--s 0000f000 08:01 11296518                   /home/hangalo/devtools/gradle-5.4-all/gradle-5.4/lib/plugins/jcommander-1.72.jar
7f6874c91000-7f6874c9a000 r--s 00089000 08:01 11296494                   /home/hangalo/devtools/gradle-5.4-all/gradle-5.4/lib/plugins/testng-6.3.1.jar
7f6874c9a000-7f6874c9f000 r--s 0005a000 08:01 11296498                   /home/hangalo/devtools/gradle-5.4-all/gradle-5.4/lib/plugins/bsh-2.0b6.jar
7f6874c9f000-7f6874ca3000 r--s 0001c000 08:01 11296441                   /home/hangalo/devtools/gradle-5.4-all/gradle-5.4/lib/plugins/gradle-testing-jvm-5.4.jar
7f6874ca3000-7f6874ca6000 r--s 00011000 08:01 11296536                   /home/hangalo/devtools/gradle-5.4-all/gradle-5.4/lib/plugins/junit-platform-commons-1.3.1.jar
7f6874ca6000-7f6874ca7000 r--s 00001000 08:01 11296538                   /home/hangalo/devtools/gradle-5.4-all/gradle-5.4/lib/plugins/opentest4j-1.1.1.jar
7f6874ca7000-7f6874cab000 r--s 0001d000 08:01 11296535                   /home/hangalo/devtools/gradle-5.4-all/gradle-5.4/lib/plugins/junit-platform-engine-1.3.1.jar
7f6874cab000-7f6874cac000 r--s 00000000 08:01 11296537                   /home/hangalo/devtools/gradle-5.4-all/gradle-5.4/lib/plugins/apiguardian-api-1.0.0.jar
7f6874cac000-7f6874caf000 r--s 00015000 08:01 11296499                   /home/hangalo/devtools/gradle-5.4-all/gradle-5.4/lib/plugins/junit-platform-launcher-1.3.1.jar
7f6874caf000-7f6874cb1000 r--s 00009000 08:01 11296516                   /home/hangalo/devtools/gradle-5.4-all/gradle-5.4/lib/plugins/hamcrest-core-1.3.jar
7f6874cb1000-7f6874cb9000 r--s 00045000 08:01 11296497                   /home/hangalo/devtools/gradle-5.4-all/gradle-5.4/lib/plugins/junit-4.12.jar
7f6874cb9000-7f6874cba000 r--s 00003000 08:01 11296439                   /home/hangalo/devtools/gradle-5.4-all/gradle-5.4/lib/plugins/gradle-testing-junit-platform-5.4.jar
7f6874cba000-7f6874cc2000 r--s 00034000 08:01 11296449                   /home/hangalo/devtools/gradle-5.4-all/gradle-5.4/lib/plugins/gradle-testing-base-5.4.jar
7f6874cc2000-7f6874cca000 r--s 00048000 08:01 11296488                   /home/hangalo/devtools/gradle-5.4-all/gradle-5.4/lib/plugins/bcpg-jdk15on-1.61.jar
7f6874cca000-7f6874ccc000 r--s 0000f000 08:01 11296419                   /home/hangalo/devtools/gradle-5.4-all/gradle-5.4/lib/plugins/gradle-signing-5.4.jar
7f6874ccc000-7f6874cce000 r--s 00009000 08:01 11296428                   /home/hangalo/devtools/gradle-5.4-all/gradle-5.4/lib/plugins/gradle-scala-5.4.jar
7f6874cce000-7f6874ccf000 r--s 00004000 08:01 11296460                   /home/hangalo/devtools/gradle-5.4-all/gradle-5.4/lib/plugins/gradle-resources-sftp-5.4.jar
7f6874ccf000-7f6874cd8000 r--s 0005b000 08:01 11296466                   /home/hangalo/devtools/gradle-5.4-all/gradle-5.4/lib/plugins/aws-java-sdk-kms-1.11.407.jar
7f6874cd8000-7f6874cda000 r--s 00005000 08:01 11296505                   /home/hangalo/devtools/gradle-5.4-all/gradle-5.4/lib/plugins/jmespath-java-1.11.407.jar
7f6874cda000-7f6874ced000 r--s 000ca000 08:01 11296465                   /home/hangalo/devtools/gradle-5.4-all/gradle-5.4/lib/plugins/aws-java-sdk-s3-1.11.407.jar
7f6874ced000-7f6874cf7000 r--s 00081000 08:01 11296534                   /home/hangalo/devtools/gradle-5.4-all/gradle-5.4/lib/plugins/ion-java-1.0.2.jar
7f6874cf7000-7f6874d0d000 r--s 000ca000 08:01 11296467                   /home/hangalo/devtools/gradle-5.4-all/gradle-5.4/lib/plugins/aws-java-sdk-core-1.11.407.jar
7f6874d0d000-7f6874d0f000 r--s 00004000 08:01 11296456                   /home/hangalo/devtools/gradle-5.4-all/gradle-5.4/lib/plugins/gradle-resources-s3-5.4.jar
7f6874d0f000-7f6874d20000 r--s 0008c000 08:01 11296509                   /home/hangalo/devtools/gradle-5.4-all/gradle-5.4/lib/plugins/joda-time-2.10.jar
7f6874d20000-7f6874d32000 r--s 00137000 08:01 11296506                   /home/hangalo/devtools/gradle-5.4-all/gradle-5.4/lib/plugins/jackson-databind-2.9.8.jar
7f6874d32000-7f6874d35000 r--s 0000e000 08:01 11296508                   /home/hangalo/devtools/gradle-5.4-all/gradle-5.4/lib/plugins/jackson-annotations-2.9.8.jar
7f6874d35000-7f6874d39000 r--s 0004c000 08:01 11296507                   /home/hangalo/devtools/gradle-5.4-all/gradle-5.4/lib/plugins/jackson-core-2.9.8.jar
7f6874d39000-7f6874d3a000 r--s 00001000 08:01 11296474                   /home/hangalo/devtools/gradle-5.4-all/gradle-5.4/lib/plugins/google-http-client-jackson2-1.25.0.jar
7f6874d3a000-7f6874d44000 r--s 00056000 08:01 11296475                   /home/hangalo/devtools/gradle-5.4-all/gradle-5.4/lib/plugins/google-http-client-1.25.0.jar
7f6874d44000-7f6874d47000 r--s 0000d000 08:01 11296473                   /home/hangalo/devtools/gradle-5.4-all/gradle-5.4/lib/plugins/google-oauth-client-1.25.0.jar
7f6874d47000-7f6874d4c000 r--s 0002d000 08:01 11296472                   /home/hangalo/devtools/gradle-5.4-all/gradle-5.4/lib/plugins/google-api-client-1.25.0.jar
7f6874d4c000-7f6874d50000 r--s 0001d000 08:01 11296471                   /home/hangalo/devtools/gradle-5.4-all/gradle-5.4/lib/plugins/google-api-services-storage-v1-rev136-1.25.0.jar
7f6874d50000-7f6874d52000 r--s 00003000 08:01 11296457                   /home/hangalo/devtools/gradle-5.4-all/gradle-5.4/lib/plugins/gradle-resources-gcs-5.4.jar
7f6874d52000-7f6874d54000 r--s 00010000 08:01 11296455                   /home/hangalo/devtools/gradle-5.4-all/gradle-5.4/lib/plugins/gradle-reporting-5.4.jar
7f6874d54000-7f6874d56000 r--s 00008000 08:01 11296448                   /home/hangalo/devtools/gradle-5.4-all/gradle-5.4/lib/plugins/gradle-publish-5.4.jar
7f6874d56000-7f6874d5e000 r--s 00046000 08:01 11296436                   /home/hangalo/devtools/gradle-5.4-all/gradle-5.4/lib/plugins/gradle-plugins-5.4.jar
7f6874d5e000-7f6874d60000 r--s 0000c000 08:01 11296424                   /home/hangalo/devtools/gradle-5.4-all/gradle-5.4/lib/plugins/gradle-plugin-development-5.4.jar
7f6874d60000-7f6874d66000 r--s 00030000 08:01 11296431                   /home/hangalo/devtools/gradle-5.4-all/gradle-5.4/lib/plugins/gradle-platform-play-5.4.jar
7f6874d66000-7f6874d6c000 r--s 0003d000 08:01 11296495                   /home/hangalo/devtools/gradle-5.4-all/gradle-5.4/lib/plugins/snakeyaml-1.17.jar
7f6874d6c000-7f6874d7e000 r--s 00078000 08:01 11296446                   /home/hangalo/devtools/gradle-5.4-all/gradle-5.4/lib/plugins/gradle-platform-native-5.4.jar
7f6874d7e000-7f6874d82000 r--s 0001b000 08:01 11296445                   /home/hangalo/devtools/gradle-5.4-all/gradle-5.4/lib/plugins/gradle-platform-jvm-5.4.jar
7f6874d82000-7f6874d89000 r--s 0002a000 08:01 11296450                   /home/hangalo/devtools/gradle-5.4-all/gradle-5.4/lib/plugins/gradle-platform-base-5.4.jar
7f6874d89000-7f6874db6000 r--s 0025e000 08:01 11296479                   /home/hangalo/devtools/gradle-5.4-all/gradle-5.4/lib/plugins/biz.aQute.bndlib-4.0.0.jar
7f6874db6000-7f6874db7000 r--s 00004000 08:01 11296418                   /home/hangalo/devtools/gradle-5.4-all/gradle-5.4/lib/plugins/gradle-osgi-5.4.jar
7f6874db7000-7f6874dba000 r--s 0000c000 08:01 11296484                   /home/hangalo/devtools/gradle-5.4-all/gradle-5.4/lib/plugins/pmaven-groovy-0.8-20100325.jar
7f6874dba000-7f6874dbb000 r--s 00004000 08:01 11296483                   /home/hangalo/devtools/gradle-5.4-all/gradle-5.4/lib/plugins/pmaven-common-0.8-20100325.jar
7f6874dbb000-7f6874dbc000 r--s 00008000 08:01 11296470                   /home/hangalo/devtools/gradle-5.4-all/gradle-5.4/lib/plugins/wagon-http-shared-3.0.0.jar
7f6874dbc000-7f6874dbd000 r--s 00002000 08:01 11296469                   /home/hangalo/devtools/gradle-5.4-all/gradle-5.4/lib/plugins/wagon-http-3.0.0.jar
7f6874dbd000-7f6874dbe000 r--s 00002000 08:01 11296485                   /home/hangalo/devtools/gradle-5.4-all/gradle-5.4/lib/plugins/wagon-file-3.0.0.jar
7f6874dbe000-7f6874dc0000 r--s 00006000 08:01 11296487                   /home/hangalo/devtools/gradle-5.4-all/gradle-5.4/lib/plugins/aether-connector-wagon-1.13.1.jar
7f6874dc0000-7f6874dc7000 r--s 00031000 08:01 11296425                   /home/hangalo/devtools/gradle-5.4-all/gradle-5.4/lib/plugins/gradle-maven-5.4.jar
7f6874dc7000-7f6874dc9000 r--s 0000c000 08:01 11296438                   /home/hangalo/devtools/gradle-5.4-all/gradle-5.4/lib/plugins/gradle-language-scala-5.4.jar
7f6874dc9000-7f6874dd4000 r--s 00054000 08:01 11296423                   /home/hangalo/devtools/gradle-5.4-all/gradle-5.4/lib/plugins/gradle-language-native-5.4.jar
7f6874dd4000-7f6874dd6000 r--s 00005000 08:01 11296444                   /home/hangalo/devtools/gradle-5.4-all/gradle-5.4/lib/plugins/gradle-language-jvm-5.4.jar
7f6874dd6000-7f6874ddf000 r--s 00042000 08:01 11296442                   /home/hangalo/devtools/gradle-5.4-all/gradle-5.4/lib/plugins/gradle-language-java-5.4.jar
7f6874ddf000-7f6874de1000 r--s 0000b000 08:01 11296437                   /home/hangalo/devtools/gradle-5.4-all/gradle-5.4/lib/plugins/gradle-language-groovy-5.4.jar
7f6874de1000-7f6874de8000 r--s 00035000 08:01 11296491                   /home/hangalo/devtools/gradle-5.4-all/gradle-5.4/lib/plugins/simple-4.1.21.jar
7f6874de8000-7f6874df5000 r--s 00125000 08:01 11296489                   /home/hangalo/devtools/gradle-5.4-all/gradle-5.4/lib/plugins/rhino-1.7.10.jar
7f6874df5000-7f6874df9000 r--s 00012000 08:01 11296432                   /home/hangalo/devtools/gradle-5.4-all/gradle-5.4/lib/plugins/gradle-javascript-5.4.jar
7f6874df9000-7f6874dfd000 r--s 00011000 08:01 11296434                   /home/hangalo/devtools/gradle-5.4-all/gradle-5.4/lib/plugins/gradle-jacoco-5.4.jar
7f6874dfd000-7f6874e01000 r--s 00015000 08:01 11296433                   /home/hangalo/devtools/gradle-5.4-all/gradle-5.4/lib/plugins/gradle-ivy-5.4.jar
7f6874e01000-7f6874e03000 r--s 00002000 08:01 11296426                   /home/hangalo/devtools/gradle-5.4-all/gradle-5.4/lib/plugins/gradle-ide-play-5.4.jar
7f6874e03000-7f6874e05000 r--s 00011000 08:01 11296496                   /home/hangalo/devtools/gradle-5.4-all/gradle-5.4/lib/plugins/dd-plist-1.21.jar
7f6874e05000-7f6874e0c000 r--s 00034000 08:01 11296421                   /home/hangalo/devtools/gradle-5.4-all/gradle-5.4/lib/plugins/gradle-ide-native-5.4.jar
7f6874e0c000-7f6874e16000 r--s 0005f000 08:01 11296427                   /home/hangalo/devtools/gradle-5.4-all/gradle-5.4/lib/plugins/gradle-ide-5.4.jar
7f6874e16000-7f6874e18000 r--s 00008000 08:01 11296430                   /home/hangalo/devtools/gradle-5.4-all/gradle-5.4/lib/plugins/gradle-ear-5.4.jar
7f6874e18000-7f6874e1a000 r--s 00006000 08:01 11296492                   /home/hangalo/devtools/gradle-5.4-all/gradle-5.4/lib/plugins/jatl-0.2.3.jar
7f6874e1a000-7f6874e20000 r--s 0003e000 08:01 11296447                   /home/hangalo/devtools/gradle-5.4-all/gradle-5.4/lib/plugins/gradle-diagnostics-5.4.jar
7f6874e20000-7f6874e25000 r--s 00028000 08:01 11296417                   /home/hangalo/devtools/gradle-5.4-all/gradle-5.4/lib/plugins/gradle-code-quality-5.4.jar
7f6874e25000-7f6874e27000 r--s 0000b000 08:01 11296493                   /home/hangalo/devtools/gradle-5.4-all/gradle-5.4/lib/plugins/maven-plugin-api-3.0.4.jar
7f6874e27000-7f6874e29000 r--s 0000c000 08:01 11296531                   /home/hangalo/devtools/gradle-5.4-all/gradle-5.4/lib/plugins/wagon-provider-api-3.0.0.jar
7f6874e29000-7f6874e2f000 r--s 0003f000 08:01 11296481                   /home/hangalo/devtools/gradle-5.4-all/gradle-5.4/lib/plugins/maven-compat-3.0.4.jar
7f6874e2f000-7f6874e32000 r--s 0000a000 08:01 11296528                   /home/hangalo/devtools/gradle-5.4-all/gradle-5.4/lib/plugins/plexus-classworlds-2.5.1.jar
7f6874e32000-7f6874e36000 r--s 00021000 08:01 11296533                   /home/hangalo/devtools/gradle-5.4-all/gradle-5.4/lib/plugins/xbean-reflect-3.7.jar
7f6874e36000-7f6874e3d000 r--s 00032000 08:01 11296486                   /home/hangalo/devtools/gradle-5.4-all/gradle-5.4/lib/plugins/plexus-container-default-1.7.1.jar
7f6874e3d000-7f6874e43000 r--s 00031000 08:01 11296435                   /home/hangalo/devtools/gradle-5.4-all/gradle-5.4/lib/plugins/gradle-build-init-5.4.jar
7f6874e43000-7f6874e49000 r--s 0002e000 08:01 11296429                   /home/hangalo/devtools/gradle-5.4-all/gradle-5.4/lib/plugins/gradle-build-comparison-5.4.jar
7f6874e49000-7f6874e4b000 r--s 00002000 08:01 11296458                   /home/hangalo/devtools/gradle-5.4-all/gradle-5.4/lib/plugins/gradle-build-cache-http-5.4.jar
7f6874e4b000-7f6874e4d000 r--s 00009000 08:01 11296416                   /home/hangalo/devtools/gradle-5.4-all/gradle-5.4/lib/plugins/gradle-antlr-5.4.jar
7f6874e4d000-7f6874e4e000 r--s 00005000 08:01 11296415                   /home/hangalo/devtools/gradle-5.4-all/gradle-5.4/lib/plugins/gradle-announce-5.4.jar
7f6874e4e000-7f6874e51000 r--s 00017000 08:01 11296463                   /home/hangalo/devtools/gradle-5.4-all/gradle-5.4/lib/plugins/gradle-kotlin-dsl-tooling-builders-5.4.jar
7f6874e51000-7f6874e57000 r--s 00029000 08:01 11296462                   /home/hangalo/devtools/gradle-5.4-all/gradle-5.4/lib/plugins/gradle-kotlin-dsl-provider-plugins-5.4.jar
7f6874e57000-7f6874e58000 r--s 00000000 08:01 11296338                   /home/hangalo/devtools/gradle-5.4-all/gradle-5.4/lib/gradle-runtime-api-info-5.4.jar
7f6874e58000-7f6874e5d000 r--s 00040000 08:01 11296503                   /home/hangalo/devtools/gradle-5.4-all/gradle-5.4/lib/plugins/jsch-0.1.54.jar
7f6874e5d000-7f6874e5f000 r--s 00010000 08:01 11296519                   /home/hangalo/devtools/gradle-5.4-all/gradle-5.4/lib/plugins/jzlib-1.1.3.jar
7f6874e5f000-7f6874e84000 r--s 00265000 08:01 11296468                   /home/hangalo/devtools/gradle-5.4-all/gradle-5.4/lib/plugins/org.eclipse.jgit-5.0.3.201809091024-r.jar
7f6874e84000-7f6874e87000 r--s 0000c000 08:01 11296452                   /home/hangalo/devtools/gradle-5.4-all/gradle-5.4/lib/plugins/gradle-version-control-5.4.jar
7f6874e87000-7f6874ea0000 r--s 0013a000 08:01 11296502                   /home/hangalo/devtools/gradle-5.4-all/gradle-5.4/lib/plugins/xercesImpl-2.12.0.jar
7f6874ea0000-7f6874ea2000 r--s 0001d000 08:01 11296501                   /home/hangalo/devtools/gradle-5.4-all/gradle-5.4/lib/plugins/nekohtml-1.9.22.jar
7f6874ea2000-7f6874ea8000 r--s 0005b000 08:01 11296500                   /home/hangalo/devtools/gradle-5.4-all/gradle-5.4/lib/plugins/jcifs-1.3.17.jar
7f6874ea8000-7f6874eaf000 r--s 0004b000 08:01 11296477                   /home/hangalo/devtools/gradle-5.4-all/gradle-5.4/lib/plugins/commons-codec-1.11.jar
7f6874eaf000-7f6874eb6000 r--s 00049000 08:01 11296517                   /home/hangalo/devtools/gradle-5.4-all/gradle-5.4/lib/plugins/httpcore-4.4.10.jar
7f6874eb6000-7f6874ec3000 r--s 000af000 08:01 11296476                   /home/hangalo/devtools/gradle-5.4-all/gradle-5.4/lib/plugins/httpclient-4.5.6.jar
7f6874ec3000-7f6874ec6000 r--s 0000e000 08:01 11296459                   /home/hangalo/devtools/gradle-5.4-all/gradle-5.4/lib/plugins/gradle-resources-http-5.4.jar
7f6874ec6000-7f6874ec9000 r--s 0000c000 08:01 11296451                   /home/hangalo/devtools/gradle-5.4-all/gradle-5.4/lib/plugins/gradle-plugin-use-5.4.jar
7f6874ec9000-7f6874ecc000 r--s 0000d000 08:01 11296454                   /home/hangalo/devtools/gradle-5.4-all/gradle-5.4/lib/plugins/gradle-composite-builds-5.4.jar
7f6874ecc000-7f6874ecd000 r--s 00000000 08:01 11296341                   /home/hangalo/devtools/gradle-5.4-all/gradle-5.4/lib/gradle-installation-beacon-5.4.jar
7f6874ecd000-7f6874ecf000 r--s 00006000 08:01 11296523                   /home/hangalo/devtools/gradle-5.4-all/gradle-5.4/lib/plugins/maven-repository-metadata-3.0.4.jar
7f6874ecf000-7f6874ed1000 r--s 0000c000 08:01 11296511                   /home/hangalo/devtools/gradle-5.4-all/gradle-5.4/lib/plugins/maven-aether-provider-3.0.4.jar
7f6874ed1000-7f6874ed2000 r--s 00003000 08:01 11296513                   /home/hangalo/devtools/gradle-5.4-all/gradle-5.4/lib/plugins/aether-spi-1.13.1.jar
7f6874ed2000-7f6874ed5000 r--s 0001d000 08:01 11296512                   /home/hangalo/devtools/gradle-5.4-all/gradle-5.4/lib/plugins/aether-impl-1.13.1.jar
7f6874ed5000-7f6874ed9000 r--s 0001c000 08:01 11296514                   /home/hangalo/devtools/gradle-5.4-all/gradle-5.4/lib/plugins/aether-util-1.13.1.jar
7f6874ed9000-7f6874edc000 r--s 00013000 08:01 11296515                   /home/hangalo/devtools/gradle-5.4-all/gradle-5.4/lib/plugins/aether-api-1.13.1.jar
7f6874edc000-7f6874ede000 r--s 0000b000 08:01 11296520                   /home/hangalo/devtools/gradle-5.4-all/gradle-5.4/lib/plugins/maven-artifact-3.0.4.jar
7f6874ede000-7f6874ee2000 r--s 00021000 08:01 11296521                   /home/hangalo/devtools/gradle-5.4-all/gradle-5.4/lib/plugins/maven-model-builder-3.0.4.jar
7f6874ee2000-7f6874ee4000 r--s 00026000 08:01 11296522                   /home/hangalo/devtools/gradle-5.4-all/gradle-5.4/lib/plugins/maven-model-3.0.4.jar
7f6874ee4000-7f6874ee6000 r--s 0000a000 08:01 11296525                   /home/hangalo/devtools/gradle-5.4-all/gradle-5.4/lib/plugins/maven-settings-3.0.4.jar
7f6874ee6000-7f6874ee8000 r--s 00002000 08:01 11296527                   /home/hangalo/devtools/gradle-5.4-all/gradle-5.4/lib/plugins/plexus-cipher-1.7.jar
7f6874ee8000-7f6874eea000 r--s 00000000 08:01 11296529                   /home/hangalo/devtools/gradle-5.4-all/gradle-5.4/lib/plugins/plexus-component-annotations-1.5.5.jar
7f6874eea000-7f6874eee000 r--s 0003c000 08:01 11296532                   /home/hangalo/devtools/gradle-5.4-all/gradle-5.4/lib/plugins/plexus-utils-3.1.0.jar
7f6874eee000-7f6874f03000 r--s 00116000 08:01 11296480                   /home/hangalo/devtools/gradle-5.4-all/gradle-5.4/lib/plugins/ivy-2.3.0.jar
7f6874f03000-7f6874f62000 r--s 003f7000 08:01 11296510                   /home/hangalo/devtools/gradle-5.4-all/gradle-5.4/lib/plugins/bcprov-jdk15on-1.61.jar
7f6874f62000-7f6874f95000 r--s 001c3000 08:01 11296453                   /home/hangalo/devtools/gradle-5.4-all/gradle-5.4/lib/plugins/gradle-dependency-management-5.4.jar
7f6874f95000-7f6874fac000 r-xp 00000000 08:01 1705923                    /lib/x86_64-linux-gnu/libgcc_s.so.1
7f6874fac000-7f68751ab000 ---p 00017000 08:01 1705923                    /lib/x86_64-linux-gnu/libgcc_s.so.1
7f68751ab000-7f68751ac000 r--p 00016000 08:01 1705923                    /lib/x86_64-linux-gnu/libgcc_s.so.1
7f68751ac000-7f68751ad000 rw-p 00017000 08:01 1705923                    /lib/x86_64-linux-gnu/libgcc_s.so.1
7f68751ad000-7f6875326000 r-xp 00000000 08:01 12583469                   /usr/lib/x86_64-linux-gnu/libstdc++.so.6.0.25
7f6875326000-7f6875526000 ---p 00179000 08:01 12583469                   /usr/lib/x86_64-linux-gnu/libstdc++.so.6.0.25
7f6875526000-7f6875530000 r--p 00179000 08:01 12583469                   /usr/lib/x86_64-linux-gnu/libstdc++.so.6.0.25
7f6875530000-7f6875532000 rw-p 00183000 08:01 12583469                   /usr/lib/x86_64-linux-gnu/libstdc++.so.6.0.25
7f6875532000-7f6875536000 rw-p 00000000 00:00 0 
7f6875536000-7f6875537000 r--s 00006000 08:01 11296526                   /home/hangalo/devtools/gradle-5.4-all/gradle-5.4/lib/plugins/plexus-sec-dispatcher-1.3.jar
7f6875537000-7f6875539000 r--s 0000d000 08:01 11296530                   /home/hangalo/devtools/gradle-5.4-all/gradle-5.4/lib/plugins/plexus-interpolation-1.14.jar
7f6875539000-7f687553c000 r--s 00008000 08:01 11296524                   /home/hangalo/devtools/gradle-5.4-all/gradle-5.4/lib/plugins/maven-settings-builder-3.0.4.jar
7f687553c000-7f6875548000 r--s 0007d000 08:01 11296482                   /home/hangalo/devtools/gradle-5.4-all/gradle-5.4/lib/plugins/maven-core-3.0.4.jar
7f6875548000-7f687554d000 r--s 00036000 08:01 11296490                   /home/hangalo/devtools/gradle-5.4-all/gradle-5.4/lib/plugins/gson-2.8.5.jar
7f687554d000-7f687554e000 r--s 00013000 08:01 11296478                   /home/hangalo/devtools/gradle-5.4-all/gradle-5.4/lib/plugins/asm-util-7.0.jar
7f687554e000-7f6875551000 r--s 0000e000 08:01 11296464                   /home/hangalo/devtools/gradle-5.4-all/gradle-5.4/lib/plugins/gradle-workers-5.4.jar
7f6875551000-7f6875557000 r-xp 00000000 08:01 10625214                   /home/hangalo/.gradle /native/29/linux-amd64/libnative-platform.so
7f6875557000-7f6875756000 ---p 00006000 08:01 10625214                   /home/hangalo/.gradle /native/29/linux-amd64/libnative-platform.so
7f6875756000-7f6875757000 rw-p 00005000 08:01 10625214                   /home/hangalo/.gradle /native/29/linux-amd64/libnative-platform.so
7f6875757000-7f6875767000 r-xp 00000000 07:01 3413                       /snap/android-studio/76/android-studio/jre/jre/lib/amd64/libnio.so
7f6875767000-7f6875768000 rw-p 00010000 07:01 3413                       /snap/android-studio/76/android-studio/jre/jre/lib/amd64/libnio.so
7f6875768000-7f687577e000 r-xp 00000000 07:01 3412                       /snap/android-studio/76/android-studio/jre/jre/lib/amd64/libnet.so
7f687577e000-7f687577f000 rw-p 00016000 07:01 3412                       /snap/android-studio/76/android-studio/jre/jre/lib/amd64/libnet.so
7f687577f000-7f6875781000 r--s 00006000 08:01 11296340                   /home/hangalo/devtools/gradle-5.4-all/gradle-5.4/lib/gradle-wrapper-5.4.jar
7f6875781000-7f6875790000 r--s 0004c000 08:01 11296339                   /home/hangalo/devtools/gradle-5.4-all/gradle-5.4/lib/gradle-tooling-api-5.4.jar
7f6875790000-7f687579b000 r--s 00081000 08:01 11296398                   /home/hangalo/devtools/gradle-5.4-all/gradle-5.4/lib/trove4j-1.0.20181211.jar
7f687579b000-7f687579d000 r--s 00009000 08:01 11296397                   /home/hangalo/devtools/gradle-5.4-all/gradle-5.4/lib/kotlin-script-runtime-1.3.21.jar
7f687579d000-7f68757d4000 r--s 00255000 08:01 11296391                   /home/hangalo/devtools/gradle-5.4-all/gradle-5.4/lib/kotlin-reflect-1.3.21.jar
7f68757d4000-7f68759b3000 r--s 01b1b000 08:01 11296364                   /home/hangalo/devtools/gradle-5.4-all/gradle-5.4/lib/kotlin-compiler-embeddable-1.3.21-patched-for-gradle-5.4.jar
7f68759b3000-7f68759b4000 r--s 00001000 08:01 11296375                   /home/hangalo/devtools/gradle-5.4-all/gradle-5.4/lib/gradle-kotlin-dsl-tooling-models-5.4.jar
7f68759b4000-7f68759c2000 r--s 00236000 08:01 11296378                   /home/hangalo/devtools/gradle-5.4-all/gradle-5.4/lib/kotlinx-metadata-jvm-0.0.5.jar
7f68759c2000-7f68759c3000 r--s 00002000 08:01 11296377                   /home/hangalo/devtools/gradle-5.4-all/gradle-5.4/lib/kotlin-sam-with-receiver-compiler-plugin-1.3.21.jar
7f68759c3000-7f68759c4000 r--s 00000000 08:01 11296392                   /home/hangalo/devtools/gradle-5.4-all/gradle-5.4/lib/kotlin-stdlib-jdk7-1.3.21.jar
7f68759c4000-7f68759c6000 r--s 00003000 08:01 11296394                   /home/hangalo/devtools/gradle-5.4-all/gradle-5.4/lib/annotations-13.0.jar
7f68759c6000-7f68759cd000 r--s 0001f000 08:01 11296414                   /home/hangalo/devtools/gradle-5.4-all/gradle-5.4/lib/kotlin-stdlib-common-1.3.21.jar
7f68759cd000-7f68759e0000 r--s 0010f000 08:01 11296393                   /home/hangalo/devtools/gradle-5.4-all/gradle-5.4/lib/kotlin-stdlib-1.3.21.jar
7f68759e0000-7f68759e2000 r--s 00002000 08:01 11296376                   /home/hangalo/devtools/gradle-5.4-all/gradle-5.4/lib/kotlin-stdlib-jdk8-1.3.21.jar
7f68759e2000-7f68759fd000 r--s 0015d000 08:01 11296342                   /home/hangalo/devtools/gradle-5.4-all/gradle-5.4/lib/gradle-kotlin-dsl-5.4.jar
7f68759fd000-7f6875a01000 r--s 00013000 08:01 11296347                   /home/hangalo/devtools/gradle-5.4-all/gradle-5.4/lib/gradle-build-cache-5.4.jar
7f6875a01000-7f6875a03000 r--s 00006000 08:01 11296346                   /home/hangalo/devtools/gradle-5.4-all/gradle-5.4/lib/gradle-build-cache-packaging-5.4.jar
7f6875a03000-7f6875a08000 r--s 0001f000 08:01 11296345                   /home/hangalo/devtools/gradle-5.4-all/gradle-5.4/lib/gradle-execution-5.4.jar
7f6875a08000-7f6875a0c000 r--s 0001a000 08:01 11296349                   /home/hangalo/devtools/gradle-5.4-all/gradle-5.4/lib/gradle-files-5.4.jar
7f6875a0c000-7f6875a11000 r--s 00026000 08:01 11296348                   /home/hangalo/devtools/gradle-5.4-all/gradle-5.4/lib/gradle-snapshots-5.4.jar
7f6875a11000-7f6875a16000 r--s 00015000 08:01 11296356                   /home/hangalo/devtools/gradle-5.4-all/gradle-5.4/lib/gradle-resources-5.4.jar
7f6875a16000-7f6875a1d000 r--s 00036000 08:01 11296353                   /home/hangalo/devtools/gradle-5.4-all/gradle-5.4/lib/gradle-persistent-cache-5.4.jar
7f6875a1d000-7f6875a1e000 r--s 00003000 08:01 11296361                   /home/hangalo/devtools/gradle-5.4-all/gradle-5.4/lib/gradle-build-option-5.4.jar
7f6875a1e000-7f6875a20000 r--s 00005000 08:01 11296362                   /home/hangalo/devtools/gradle-5.4-all/gradle-5.4/lib/gradle-cli-5.4.jar
7f6875a20000-7f6875a22000 r--s 00004000 08:01 11296373                   /home/hangalo/devtools/gradle-5.4-all/gradle-5.4/lib/log4j-over-slf4j-1.7.25.jar
7f6875a22000-7f6875a24000 r--s 00000000 08:01 11296372                   /home/hangalo/devtools/gradle-5.4-all/gradle-5.4/lib/jul-to-slf4j-1.7.25.jar
7f6875a24000-7f6875a26000 r--s 00003000 08:01 11296371                   /home/hangalo/devtools/gradle-5.4-all/gradle-5.4/lib/jcl-over-slf4j-1.7.25.jar
7f6875a26000-7f6875a2e000 r--s 00038000 08:01 11296354                   /home/hangalo/devtools/gradle-5.4-all/gradle-5.4/lib/gradle-logging-5.4.jar
7f6875a2e000-7f6875a43000 r--s 000c1000 08:01 11296351                   /home/hangalo/devtools/gradle-5.4-all/gradle-5.4/lib/gradle-model-core-5.4.jar
7f6875a43000-7f6875a45000 r--s 00006000 08:01 11296358                   /home/hangalo/devtools/gradle-5.4-all/gradle-5.4/lib/gradle-base-services-groovy-5.4.jar
7f6875a45000-7f6875a47000 r--s 00007000 08:01 11296350                   /home/hangalo/devtools/gradle-5.4-all/gradle-5.4/lib/gradle-model-groovy-5.4.jar
7f6875a47000-7f6875a48000 r--s 00007000 08:01 11296363                   /home/hangalo/devtools/gradle-5.4-all/gradle-5.4/lib/gradle-docs-5.4.jar
7f6875a48000-7f6875a51000 r--s 0002d000 08:01 11296387                   /home/hangalo/devtools/gradle-5.4-all/gradle-5.4/lib/xml-apis-1.4.01.jar
7f6875a51000-7f6875a52000 r--s 00000000 08:01 11296384                   /home/hangalo/devtools/gradle-5.4-all/gradle-5.4/lib/javax.inject-1.jar
7f6875a52000-7f6875ad7000 r--s 007a7000 08:01 11296382                   /home/hangalo/devtools/gradle-5.4-all/gradle-5.4/lib/groovy-all-1.0-2.5.4.jar
7f6875ad7000-7f6875ae2000 r--s 00086000 08:01 11296386                   /home/hangalo/devtools/gradle-5.4-all/gradle-5.4/lib/commons-compress-1.18.jar
7f6875ae2000-7f6875ae4000 r--s 00007000 08:01 11296366                   /home/hangalo/devtools/gradle-5.4-all/gradle-5.4/lib/asm-analysis-7.0.jar
7f6875ae4000-7f6875ae6000 r--s 0000b000 08:01 11296367                   /home/hangalo/devtools/gradle-5.4-all/gradle-5.4/lib/asm-tree-7.0.jar
7f6875ae6000-7f6875ae8000 r--s 00012000 08:01 11296365                   /home/hangalo/devtools/gradle-5.4-all/gradle-5.4/lib/asm-commons-7.0.jar
7f6875ae8000-7f6875ae9000 r--s 00004000 08:01 11296399                   /home/hangalo/devtools/gradle-5.4-all/gradle-5.4/lib/native-platform-freebsd-amd64-libcpp-0.17.jar
7f6875ae9000-7f6875aea000 r--s 00004000 08:01 11296400                   /home/hangalo/devtools/gradle-5.4-all/gradle-5.4/lib/native-platform-freebsd-amd64-libstdcpp-0.17.jar
7f6875aea000-7f6875aeb000 r--s 00004000 08:01 11296401                   /home/hangalo/devtools/gradle-5.4-all/gradle-5.4/lib/native-platform-freebsd-i386-libcpp-0.17.jar
7f6875aeb000-7f6875aec000 r--s 00004000 08:01 11296402                   /home/hangalo/devtools/gradle-5.4-all/gradle-5.4/lib/native-platform-freebsd-i386-libstdcpp-0.17.jar
7f6875aec000-7f6875aed000 r--s 00002000 08:01 11296403                   /home/hangalo/devtools/gradle-5.4-all/gradle-5.4/lib/native-platform-linux-amd64-0.17.jar
7f6875aed000-7f6875aee000 r--s 00002000 08:01 11296404                   /home/hangalo/devtools/gradle-5.4-all/gradle-5.4/lib/native-platform-linux-i386-0.17.jar
7f6875aee000-7f6875aef000 r--s 00003000 08:01 11296405                   /home/hangalo/devtools/gradle-5.4-all/gradle-5.4/lib/native-platform-osx-amd64-0.17.jar
7f6875aef000-7f6875af0000 r--s 00010000 08:01 11296406                   /home/hangalo/devtools/gradle-5.4-all/gradle-5.4/lib/native-platform-windows-amd64-0.17.jar
7f6875af0000-7f6875af1000 r--s 00010000 08:01 11296407                   /home/hangalo/devtools/gradle-5.4-all/gradle-5.4/lib/native-platform-windows-amd64-min-0.17.jar
7f6875af1000-7f6875af2000 r--s 0000e000 08:01 11296408                   /home/hangalo/devtools/gradle-5.4-all/gradle-5.4/lib/native-platform-windows-i386-0.17.jar
7f6875af2000-7f6875af3000 r--s 0000e000 08:01 11296409                   /home/hangalo/devtools/gradle-5.4-all/gradle-5.4/lib/native-platform-windows-i386-min-0.17.jar
7f6875af3000-7f6875af5000 r--s 00001000 08:01 11296410                   /home/hangalo/devtools/gradle-5.4-all/gradle-5.4/lib/native-platform-linux-amd64-ncurses5-0.17.jar
7f6875af5000-7f6875afa000 r--s 0001a000 08:01 11296385                   /home/hangalo/devtools/gradle-5.4-all/gradle-5.4/lib/native-platform-0.17.jar
7f6875afa000-7f6875afe000 r--s 00042000 08:01 11296388                   /home/hangalo/devtools/gradle-5.4-all/gradle-5.4/lib/jansi-1.17.1.jar
7f6875afe000-7f6875b02000 r--s 0000c000 08:01 11296357                   /home/hangalo/devtools/gradle-5.4-all/gradle-5.4/lib/gradle-native-5.4.jar
7f6875b02000-7f6875b04000 r--s 0000c000 08:01 11296390                   /home/hangalo/devtools/gradle-5.4-all/gradle-5.4/lib/objenesis-2.6.jar
7f6875b04000-7f6875b06000 r--s 00000000 08:01 11296396                   /home/hangalo/devtools/gradle-5.4-all/gradle-5.4/lib/minlog-1.2.jar
7f6875b06000-7f6875b0c000 r--s 0004d000 08:01 11296389                   /home/hangalo/devtools/gradle-5.4-all/gradle-5.4/lib/kryo-2.24.0.jar
7f6875b0c000-7f6875b13000 r--s 00030000 08:01 11296359                   /home/hangalo/devtools/gradle-5.4-all/gradle-5.4/lib/gradle-messaging-5.4.jar
7f6875b13000-7f6875b15000 r--s 00006000 08:01 11296355                   /home/hangalo/devtools/gradle-5.4-all/gradle-5.4/lib/gradle-process-services-5.4.jar
7f6875b15000-7f6875b17000 r--s 00000000 08:01 11296344                   /home/hangalo/devtools/gradle-5.4-all/gradle-5.4/lib/gradle-jvm-services-5.4.jar
7f6875b17000-7f6875b19000 r--s 00003000 08:01 11296380                   /home/hangalo/devtools/gradle-5.4-all/gradle-5.4/lib/jsr305-3.0.2.jar
7f6875b19000-7f6875b49000 r--s 0024b000 08:01 11296379                   /home/hangalo/devtools/gradle-5.4-all/gradle-5.4/lib/guava-26.0-android.jar
7f6875b49000-7f6875b4e000 r--s 00041000 08:01 11296370                   /home/hangalo/devtools/gradle-5.4-all/gradle-5.4/lib/commons-lang-2.6.jar
7f6875b4e000-7f6875b6d000 r--s 001da000 08:01 11296383                   /home/hangalo/devtools/gradle-5.4-all/gradle-5.4/lib/ant-1.9.13.jar
7f6875b6d000-7f6875ba9000 r--s 00203000 08:01 11296343                   /home/hangalo/devtools/gradle-5.4-all/gradle-5.4/lib/gradle-core-5.4.jar
7f6875ba9000-7f6875bb8000 r--s 00043000 08:01 11296352                   /home/hangalo/devtools/gradle-5.4-all/gradle-5.4/lib/gradle-core-api-5.4.jar
7f6875bb8000-7f6875bb9000 ---p 00000000 00:00 0 
7f6875bb9000-7f6875cb9000 rw-p 00000000 00:00 0 
7f6875cb9000-7f6875cbc000 ---p 00000000 00:00 0 
7f6875cbc000-7f6875dba000 rw-p 00000000 00:00 0 
7f6875dba000-7f6875dbb000 ---p 00000000 00:00 0 
7f6875dbb000-7f6875dbe000 ---p 00000000 00:00 0 
7f6875dbe000-7f6875ebb000 rw-p 00000000 00:00 0 
7f6875ebb000-7f6875ebc000 ---p 00000000 00:00 0 
7f6875ebc000-7f6875ebf000 ---p 00000000 00:00 0 
7f6875ebf000-7f6875fbc000 rw-p 00000000 00:00 0 
7f6875fbc000-7f6875fbd000 ---p 00000000 00:00 0 
7f6875fbd000-7f6875fc0000 ---p 00000000 00:00 0 
7f6875fc0000-7f68760bd000 rw-p 00000000 00:00 0 
7f68760bd000-7f68760c0000 ---p 00000000 00:00 0 
7f68760c0000-7f68761be000 rw-p 00000000 00:00 0 
7f68761be000-7f6876b8d000 r--p 00000000 08:01 12589691                   /usr/lib/locale/locale-archive
7f6876b8d000-7f6876b90000 ---p 00000000 00:00 0 
7f6876b90000-7f6876c8e000 rw-p 00000000 00:00 0 
7f6876c8e000-7f6876c91000 ---p 00000000 00:00 0 
7f6876c91000-7f6876d8f000 rw-p 00000000 00:00 0 
7f6876d8f000-7f6876d90000 ---p 00000000 00:00 0 
7f6876d90000-7f6877e2f000 rw-p 00000000 00:00 0 
7f6877e2f000-7f6878000000 r--s 03c8a000 07:01 3492                       /snap/android-studio/76/android-studio/jre/jre/lib/rt.jar
7f6878000000-7f6878021000 rw-p 00000000 00:00 0 
7f6878021000-7f687c000000 ---p 00000000 00:00 0 
7f687c000000-7f687c001000 r--s 00001000 08:01 11296411                   /home/hangalo/devtools/gradle-5.4-all/gradle-5.4/lib/native-platform-linux-amd64-ncurses6-0.17.jar
7f687c001000-7f687c004000 r--s 0001c000 08:01 11296381                   /home/hangalo/devtools/gradle-5.4-all/gradle-5.4/lib/fastutil-8.2.1-min.jar
7f687c004000-7f687c008000 r--s 00031000 08:01 11296369                   /home/hangalo/devtools/gradle-5.4-all/gradle-5.4/lib/commons-io-2.6.jar
7f687c008000-7f687fbfa000 rw-p 00000000 00:00 0 
7f687fbfa000-7f687fbfb000 ---p 00000000 00:00 0 
7f687fbfb000-7f687fcfb000 rw-p 00000000 00:00 0 
7f687fcfb000-7f687fcfc000 ---p 00000000 00:00 0 
7f687fcfc000-7f687fdfc000 rw-p 00000000 00:00 0 
7f687fdfc000-7f687fdfd000 ---p 00000000 00:00 0 
7f687fdfd000-7f687ff12000 rw-p 00000000 00:00 0 
7f687ff12000-7f68800fd000 ---p 00000000 00:00 0 
7f68800fd000-7f6880112000 rw-p 00000000 00:00 0 
7f6880112000-7f68802fd000 ---p 00000000 00:00 0 
7f68802fd000-7f688031f000 rw-p 00000000 00:00 0 
7f688031f000-7f68803fd000 ---p 00000000 00:00 0 
7f68803fd000-7f6880415000 rw-p 00000000 00:00 0 
7f6880415000-7f68807be000 ---p 00000000 00:00 0 
7f68807be000-7f6880d4e000 rwxp 00000000 00:00 0 
7f6880d4e000-7f688f7be000 ---p 00000000 00:00 0 
7f688f7be000-7f688f7c9000 r-xp 00000000 08:01 1708816                    /lib/x86_64-linux-gnu/libnss_files-2.27.so
7f688f7c9000-7f688f9c8000 ---p 0000b000 08:01 1708816                    /lib/x86_64-linux-gnu/libnss_files-2.27.so
7f688f9c8000-7f688f9c9000 r--p 0000a000 08:01 1708816                    /lib/x86_64-linux-gnu/libnss_files-2.27.so
7f688f9c9000-7f688f9ca000 rw-p 0000b000 08:01 1708816                    /lib/x86_64-linux-gnu/libnss_files-2.27.so
7f688f9ca000-7f688f9d0000 rw-p 00000000 00:00 0 
7f688f9d0000-7f688f9e7000 r-xp 00000000 08:01 1708810                    /lib/x86_64-linux-gnu/libnsl-2.27.so
7f688f9e7000-7f688fbe6000 ---p 00017000 08:01 1708810                    /lib/x86_64-linux-gnu/libnsl-2.27.so
7f688fbe6000-7f688fbe7000 r--p 00016000 08:01 1708810                    /lib/x86_64-linux-gnu/libnsl-2.27.so
7f688fbe7000-7f688fbe8000 rw-p 00017000 08:01 1708810                    /lib/x86_64-linux-gnu/libnsl-2.27.so
7f688fbe8000-7f688fbea000 rw-p 00000000 00:00 0 
7f688fbea000-7f688fbf5000 r-xp 00000000 08:01 1708827                    /lib/x86_64-linux-gnu/libnss_nis-2.27.so
7f688fbf5000-7f688fdf4000 ---p 0000b000 08:01 1708827                    /lib/x86_64-linux-gnu/libnss_nis-2.27.so
7f688fdf4000-7f688fdf5000 r--p 0000a000 08:01 1708827                    /lib/x86_64-linux-gnu/libnss_nis-2.27.so
7f688fdf5000-7f688fdf6000 rw-p 0000b000 08:01 1708827                    /lib/x86_64-linux-gnu/libnss_nis-2.27.so
7f688fdf6000-7f688fdfe000 r-xp 00000000 08:01 1708812                    /lib/x86_64-linux-gnu/libnss_compat-2.27.so
7f688fdfe000-7f688fffe000 ---p 00008000 08:01 1708812                    /lib/x86_64-linux-gnu/libnss_compat-2.27.so
7f688fffe000-7f688ffff000 r--p 00008000 08:01 1708812                    /lib/x86_64-linux-gnu/libnss_compat-2.27.so
7f688ffff000-7f6890000000 rw-p 00009000 08:01 1708812                    /lib/x86_64-linux-gnu/libnss_compat-2.27.so
7f6890000000-7f6890f21000 rw-p 00000000 00:00 0 
7f6890f21000-7f6894000000 ---p 00000000 00:00 0 
7f6894000000-7f6894002000 r--s 0001a000 08:01 11296368                   /home/hangalo/devtools/gradle-5.4-all/gradle-5.4/lib/asm-7.0.jar
7f6894002000-7f6894004000 r--s 00009000 08:01 11296374                   /home/hangalo/devtools/gradle-5.4-all/gradle-5.4/lib/slf4j-api-1.7.25.jar
7f6894004000-7f6894025000 rw-p 00000000 00:00 0 
7f6894025000-7f6894026000 ---p 00000000 00:00 0 
7f6894026000-7f6894126000 rw-p 00000000 00:00 0 
7f6894126000-7f689412d000 r-xp 00000000 08:01 1708867                    /lib/x86_64-linux-gnu/librt-2.27.so
7f689412d000-7f689432c000 ---p 00007000 08:01 1708867                    /lib/x86_64-linux-gnu/librt-2.27.so
7f689432c000-7f689432d000 r--p 00006000 08:01 1708867                    /lib/x86_64-linux-gnu/librt-2.27.so
7f689432d000-7f689432e000 rw-p 00007000 08:01 1708867                    /lib/x86_64-linux-gnu/librt-2.27.so
7f689432e000-7f68944cb000 r-xp 00000000 08:01 1708789                    /lib/x86_64-linux-gnu/libm-2.27.so
7f68944cb000-7f68946ca000 ---p 0019d000 08:01 1708789                    /lib/x86_64-linux-gnu/libm-2.27.so
7f68946ca000-7f68946cb000 r--p 0019c000 08:01 1708789                    /lib/x86_64-linux-gnu/libm-2.27.so
7f68946cb000-7f68946cc000 rw-p 0019d000 08:01 1708789                    /lib/x86_64-linux-gnu/libm-2.27.so
7f68946cc000-7f68952e4000 r-xp 00000000 07:01 3425                       /snap/android-studio/76/android-studio/jre/jre/lib/amd64/server/libjvm.so
7f68952e4000-7f68953b3000 rw-p 00c18000 07:01 3425                       /snap/android-studio/76/android-studio/jre/jre/lib/amd64/server/libjvm.so
7f68953b3000-7f68953f8000 rw-p 00000000 00:00 0 
7f68953f8000-7f68955df000 r-xp 00000000 08:01 1708726                    /lib/x86_64-linux-gnu/libc-2.27.so
7f68955df000-7f68957df000 ---p 001e7000 08:01 1708726                    /lib/x86_64-linux-gnu/libc-2.27.so
7f68957df000-7f68957e3000 r--p 001e7000 08:01 1708726                    /lib/x86_64-linux-gnu/libc-2.27.so
7f68957e3000-7f68957e5000 rw-p 001eb000 08:01 1708726                    /lib/x86_64-linux-gnu/libc-2.27.so
7f68957e5000-7f68957e9000 rw-p 00000000 00:00 0 
7f68957e9000-7f68957ec000 r-xp 00000000 08:01 1708749                    /lib/x86_64-linux-gnu/libdl-2.27.so
7f68957ec000-7f68959eb000 ---p 00003000 08:01 1708749                    /lib/x86_64-linux-gnu/libdl-2.27.so
7f68959eb000-7f68959ec000 r--p 00002000 08:01 1708749                    /lib/x86_64-linux-gnu/libdl-2.27.so
7f68959ec000-7f68959ed000 rw-p 00003000 08:01 1708749                    /lib/x86_64-linux-gnu/libdl-2.27.so
7f68959ed000-7f6895a07000 r-xp 00000000 08:01 1708859                    /lib/x86_64-linux-gnu/libpthread-2.27.so
7f6895a07000-7f6895c06000 ---p 0001a000 08:01 1708859                    /lib/x86_64-linux-gnu/libpthread-2.27.so
7f6895c06000-7f6895c07000 r--p 00019000 08:01 1708859                    /lib/x86_64-linux-gnu/libpthread-2.27.so
7f6895c07000-7f6895c08000 rw-p 0001a000 08:01 1708859                    /lib/x86_64-linux-gnu/libpthread-2.27.so
7f6895c08000-7f6895c0c000 rw-p 00000000 00:00 0 
7f6895c0c000-7f6895c33000 r-xp 00000000 08:01 1708698                    /lib/x86_64-linux-gnu/ld-2.27.so
7f6895c33000-7f6895c34000 r--s 00001000 08:01 11296412                   /home/hangalo/devtools/gradle-5.4-all/gradle-5.4/lib/native-platform-linux-i386-ncurses5-0.17.jar
7f6895c34000-7f6895c41000 r--s 00067000 08:01 11296360                   /home/hangalo/devtools/gradle-5.4-all/gradle-5.4/lib/gradle-base-services-5.4.jar
7f6895c41000-7f6895c4e000 r--s 0006d000 08:01 11296337                   /home/hangalo/devtools/gradle-5.4-all/gradle-5.4/lib/gradle-launcher-5.4.jar
7f6895c4e000-7f6895cb5000 rw-p 00000000 00:00 0 
7f6895cb5000-7f6895ccf000 r-xp 00000000 07:01 3421                       /snap/android-studio/76/android-studio/jre/jre/lib/amd64/libzip.so
7f6895ccf000-7f6895cd0000 rw-p 00019000 07:01 3421                       /snap/android-studio/76/android-studio/jre/jre/lib/amd64/libzip.so
7f6895cd0000-7f6895cfb000 r-xp 00000000 07:01 3400                       /snap/android-studio/76/android-studio/jre/jre/lib/amd64/libjava.so
7f6895cfb000-7f6895cfd000 rw-p 0002b000 07:01 3400                       /snap/android-studio/76/android-studio/jre/jre/lib/amd64/libjava.so
7f6895cfd000-7f6895cfe000 ---p 00000000 00:00 0 
7f6895cfe000-7f6895d01000 ---p 00000000 00:00 0 
7f6895d01000-7f6895e00000 rw-p 00000000 00:00 0 
7f6895e00000-7f6895e15000 r-xp 00000000 07:01 3510                       /snap/android-studio/76/android-studio/jre/lib/amd64/jli/libjli.so
7f6895e15000-7f6895e16000 rw-p 00015000 07:01 3510                       /snap/android-studio/76/android-studio/jre/lib/amd64/jli/libjli.so
7f6895e16000-7f6895e18000 rw-p 00000000 00:00 0 
7f6895e18000-7f6895e19000 r--s 00001000 08:01 11296413                   /home/hangalo/devtools/gradle-5.4-all/gradle-5.4/lib/native-platform-linux-i386-ncurses6-0.17.jar
7f6895e19000-7f6895e1a000 r--s 00004000 08:01 11296395                   /home/hangalo/devtools/gradle-5.4-all/gradle-5.4/lib/ant-launcher-1.9.13.jar
7f6895e1a000-7f6895e22000 rw-s 00000000 08:01 9978751                    /tmp/hsperfdata_hangalo/4656
7f6895e22000-7f6895e23000 rw-p 00000000 00:00 0 
7f6895e23000-7f6895e24000 ---p 00000000 00:00 0 
7f6895e24000-7f6895e31000 r-xp 00000000 07:01 3420                       /snap/android-studio/76/android-studio/jre/jre/lib/amd64/libverify.so
7f6895e31000-7f6895e33000 rw-p 0000c000 07:01 3420                       /snap/android-studio/76/android-studio/jre/jre/lib/amd64/libverify.so
7f6895e33000-7f6895e34000 r--p 00027000 08:01 1708698                    /lib/x86_64-linux-gnu/ld-2.27.so
7f6895e34000-7f6895e35000 rw-p 00028000 08:01 1708698                    /lib/x86_64-linux-gnu/ld-2.27.so
7f6895e35000-7f6895e36000 rw-p 00000000 00:00 0 
7ffc67ae6000-7ffc67b07000 rw-p 00000000 00:00 0                          [stack]
7ffc67b93000-7ffc67b96000 r--p 00000000 00:00 0                          [vvar]
7ffc67b96000-7ffc67b98000 r-xp 00000000 00:00 0                          [vdso]
ffffffffff600000-ffffffffff601000 r-xp 00000000 00:00 0                  [vsyscall]

VM Arguments:
jvm_args: -Xmx1536m -Dfile.encoding=UTF-8 -Duser.country=US -Duser.language=en -Duser.variant 
java_command: org.gradle.launcher.daemon.bootstrap.GradleDaemon 5.4
java_class_path (initial): /home/hangalo/devtools/gradle-5.4-all/gradle-5.4/lib/gradle-launcher-5.4.jar
Launcher Type: SUN_STANDARD

Environment Variables:
JAVA_HOME=/usr/lib/jvm/java-8-oracle
JRE_HOME=/usr/lib/jvm/java-8-oracle/jre
PATH=/usr/local/sbin:/usr/local/bin:/usr/sbin:/usr/bin:/sbin:/bin:/usr/games:/usr/local/games:/snap/bin:/usr/lib/jvm/java-8-oracle/bin:/usr/lib/jvm/java-8-oracle/db/bin:/usr/lib/jvm/java-8-oracle/jre/bin:/usr/local/rvm/bin
USERNAME=hangalo
SHELL=/bin/bash
DISPLAY=:0

Signal Handlers:
SIGSEGV: [libjvm.so+0xa00760], sa_mask[0]=11111111011111111101111111111110, sa_flags=SA_RESTART|SA_SIGINFO
SIGBUS: [libjvm.so+0xa00760], sa_mask[0]=11111111011111111101111111111110, sa_flags=SA_RESTART|SA_SIGINFO
SIGFPE: [libjvm.so+0x863090], sa_mask[0]=11111111011111111101111111111110, sa_flags=SA_RESTART|SA_SIGINFO
SIGPIPE: [libjvm.so+0x863090], sa_mask[0]=11111111011111111101111111111110, sa_flags=SA_RESTART|SA_SIGINFO
SIGXFSZ: [libjvm.so+0x863090], sa_mask[0]=11111111011111111101111111111110, sa_flags=SA_RESTART|SA_SIGINFO
SIGILL: [libjvm.so+0x863090], sa_mask[0]=11111111011111111101111111111110, sa_flags=SA_RESTART|SA_SIGINFO
SIGUSR1: SIG_DFL, sa_mask[0]=00000000000000000000000000000000, sa_flags=none
SIGUSR2: [libjvm.so+0x862f60], sa_mask[0]=00100000000000000000000000000000, sa_flags=SA_RESTART|SA_SIGINFO
SIGHUP: [libjvm.so+0x863150], sa_mask[0]=11111111011111111101111111111110, sa_flags=SA_RESTART|SA_SIGINFO
SIGINT: [libjvm.so+0x863150], sa_mask[0]=11111111011111111101111111111110, sa_flags=SA_RESTART|SA_SIGINFO
SIGTERM: [libjvm.so+0x863150], sa_mask[0]=11111111011111111101111111111110, sa_flags=SA_RESTART|SA_SIGINFO
SIGQUIT: [libjvm.so+0x863150], sa_mask[0]=11111111011111111101111111111110, sa_flags=SA_RESTART|SA_SIGINFO


---------------  S Y S T E M  ---------------

OS:DISTRIB_ID=Ubuntu
DISTRIB_RELEASE=18.04
DISTRIB_CODENAME=bionic
DISTRIB_DESCRIPTION="Ubuntu 18.04.1 LTS"

uname:Linux 4.15.0-51-generic #55-Ubuntu SMP Wed May 15 14:27:21 UTC 2019 x86_64
libc:glibc 2.27 NPTL 2.27 
rlimit: STACK 8192k, CORE 0k, NPROC 15273, NOFILE 1048576, AS infinity
load average:1,84 1,76 1,61

/proc/meminfo:
MemTotal:        3971616 kB
MemFree:          119584 kB
MemAvailable:      30620 kB
Buffers:            1764 kB
Cached:           213468 kB
SwapCached:         5060 kB
Active:          2985832 kB
Inactive:         608340 kB
Active(anon):    2978908 kB
Inactive(anon):   595836 kB
Active(file):       6924 kB
Inactive(file):    12504 kB
Unevictable:          40 kB
Mlocked:              40 kB
SwapTotal:       2097148 kB
SwapFree:              0 kB
Dirty:                92 kB
Writeback:             0 kB
AnonPages:       3374236 kB
Mapped:            36628 kB
Shmem:            195500 kB
Slab:             104896 kB
SReclaimable:      44944 kB
SUnreclaim:        59952 kB
KernelStack:       16912 kB
PageTables:        65760 kB
NFS_Unstable:          0 kB
Bounce:                0 kB
WritebackTmp:          0 kB
CommitLimit:     4082956 kB
Committed_AS:   11025584 kB
VmallocTotal:   34359738367 kB
VmallocUsed:           0 kB
VmallocChunk:          0 kB
HardwareCorrupted:     0 kB
AnonHugePages:         0 kB
ShmemHugePages:        0 kB
ShmemPmdMapped:        0 kB
CmaTotal:              0 kB
CmaFree:               0 kB
HugePages_Total:       0
HugePages_Free:        0
HugePages_Rsvd:        0
HugePages_Surp:        0
Hugepagesize:       2048 kB
DirectMap4k:      205564 kB
DirectMap2M:     3921920 kB


CPU:total 4 (initial active 4) (2 cores per cpu, 2 threads per core) family 6 model 42 stepping 7, cmov, cx8, fxsr, mmx, sse, sse2, sse3, ssse3, sse4.1, sse4.2, popcnt, avx, aes, clmul, ht, tsc, tscinvbit

/proc/cpuinfo:
processor	: 0
vendor_id	: GenuineIntel
cpu family	: 6
model		: 42
model name	: Intel(R) Core(TM) i5-2410M CPU @ 2.30GHz
stepping	: 7
microcode	: 0x2f
cpu MHz		: 1166.014
cache size	: 3072 KB
physical id	: 0
siblings	: 4
core id		: 0
cpu cores	: 2
apicid		: 0
initial apicid	: 0
fpu		: yes
fpu_exception	: yes
cpuid level	: 13
wp		: yes
flags		: fpu vme de pse tsc msr pae mce cx8 apic sep mtrr pge mca cmov pat pse36 clflush dts acpi mmx fxsr sse sse2 ss ht tm pbe syscall nx rdtscp lm constant_tsc arch_perfmon pebs bts rep_good nopl xtopology nonstop_tsc cpuid aperfmperf pni pclmulqdq dtes64 monitor ds_cpl vmx est tm2 ssse3 cx16 xtpr pdcm pcid sse4_1 sse4_2 x2apic popcnt tsc_deadline_timer aes xsave avx lahf_lm epb pti ssbd ibrs ibpb stibp tpr_shadow vnmi flexpriority ept vpid xsaveopt dtherm ida arat pln pts md_clear flush_l1d
bugs		: cpu_meltdown spectre_v1 spectre_v2 spec_store_bypass l1tf mds
bogomips	: 4589.62
clflush size	: 64
cache_alignment	: 64
address sizes	: 36 bits physical, 48 bits virtual
power management:

processor	: 1
vendor_id	: GenuineIntel
cpu family	: 6
model		: 42
model name	: Intel(R) Core(TM) i5-2410M CPU @ 2.30GHz
stepping	: 7
microcode	: 0x2f
cpu MHz		: 1319.959
cache size	: 3072 KB
physical id	: 0
siblings	: 4
core id		: 0
cpu cores	: 2
apicid		: 1
initial apicid	: 1
fpu		: yes
fpu_exception	: yes
cpuid level	: 13
wp		: yes
flags		: fpu vme de pse tsc msr pae mce cx8 apic sep mtrr pge mca cmov pat pse36 clflush dts acpi mmx fxsr sse sse2 ss ht tm pbe syscall nx rdtscp lm constant_tsc arch_perfmon pebs bts rep_good nopl xtopology nonstop_tsc cpuid aperfmperf pni pclmulqdq dtes64 monitor ds_cpl vmx est tm2 ssse3 cx16 xtpr pdcm pcid sse4_1 sse4_2 x2apic popcnt tsc_deadline_timer aes xsave avx lahf_lm epb pti ssbd ibrs ibpb stibp tpr_shadow vnmi flexpriority ept vpid xsaveopt dtherm ida arat pln pts md_clear flush_l1d
bugs		: cpu_meltdown spectre_v1 spectre_v2 spec_store_bypass l1tf mds
bogomips	: 4589.62
clflush size	: 64
cache_alignment	: 64
address sizes	: 36 bits physical, 48 bits virtual
power management:

processor	: 2
vendor_id	: GenuineIntel
cpu family	: 6
model		: 42
model name	: Intel(R) Core(TM) i5-2410M CPU @ 2.30GHz
stepping	: 7
microcode	: 0x2f
cpu MHz		: 1175.901
cache size	: 3072 KB
physical id	: 0
siblings	: 4
core id		: 1
cpu cores	: 2
apicid		: 2
initial apicid	: 2
fpu		: yes
fpu_exception	: yes
cpuid level	: 13
wp		: yes
flags		: fpu vme de pse tsc msr pae mce cx8 apic sep mtrr pge mca cmov pat pse36 clflush dts acpi mmx fxsr sse sse2 ss ht tm pbe syscall nx rdtscp lm constant_tsc arch_perfmon pebs bts rep_good nopl xtopology nonstop_tsc cpuid aperfmperf pni pclmulqdq dtes64 monitor ds_cpl vmx est tm2 ssse3 cx16 xtpr pdcm pcid sse4_1 sse4_2 x2apic popcnt tsc_deadline_timer aes xsave avx lahf_lm epb pti ssbd ibrs ibpb stibp tpr_shadow vnmi flexpriority ept vpid xsaveopt dtherm ida arat pln pts md_clear flush_l1d
bugs		: cpu_meltdown spectre_v1 spectre_v2 spec_store_bypass l1tf mds
bogomips	: 4589.62
clflush size	: 64
cache_alignment	: 64
address sizes	: 36 bits physical, 48 bits virtual
power management:

processor	: 3
vendor_id	: GenuineIntel
cpu family	: 6
model		: 42
model name	: Intel(R) Core(TM) i5-2410M CPU @ 2.30GHz
stepping	: 7
microcode	: 0x2f
cpu MHz		: 1285.021
cache size	: 3072 KB
physical id	: 0
siblings	: 4
core id		: 1
cpu cores	: 2
apicid		: 3
initial apicid	: 3
fpu		: yes
fpu_exception	: yes
cpuid level	: 13
wp		: yes
flags		: fpu vme de pse tsc msr pae mce cx8 apic sep mtrr pge mca cmov pat pse36 clflush dts acpi mmx fxsr sse sse2 ss ht tm pbe syscall nx rdtscp lm constant_tsc arch_perfmon pebs bts rep_good nopl xtopology nonstop_tsc cpuid aperfmperf pni pclmulqdq dtes64 monitor ds_cpl vmx est tm2 ssse3 cx16 xtpr pdcm pcid sse4_1 sse4_2 x2apic popcnt tsc_deadline_timer aes xsave avx lahf_lm epb pti ssbd ibrs ibpb stibp tpr_shadow vnmi flexpriority ept vpid xsaveopt dtherm ida arat pln pts md_clear flush_l1d
bugs		: cpu_meltdown spectre_v1 spectre_v2 spec_store_bypass l1tf mds
bogomips	: 4589.62
clflush size	: 64
cache_alignment	: 64
address sizes	: 36 bits physical, 48 bits virtual
power management:



Memory: 4k page, physical 3971616k(118840k free), swap 2097148k(0k free)

vm_info: OpenJDK 64-Bit Server VM (25.152-b16-5323222) for linux-amd64 JRE (1.8.0_152-release-1343-b16-5323222), built by "android-build" with gcc 4.8

time: Mon Jun 24 17:28:28 2019
elapsed time: 8 seconds (0d 0h 0m 8s)

